#
# A fatal error has been detected by the Java Runtime Environment:
#
#  EXCEPTION_ACCESS_VIOLATION (0xc0000005) at pc=0x00007ffc3654c5f8, pid=10928, tid=17680
#
# JRE version: Java(TM) SE Runtime Environment (14.0+36) (build 14+36-1461)
# Java VM: Java HotSpot(TM) 64-Bit Server VM (14+36-1461, mixed mode, sharing, tiered, compressed oops, g1 gc, windows-amd64)
# Problematic frame:
# C  [atio6axx.dll+0x287c5f8]
#
# No core dump will be written. Minidumps are not enabled by default on client versions of Windows
#
# If you would like to submit a bug report, please visit:
#   https://bugreport.java.com/bugreport/crash.jsp
# The crash happened outside the Java Virtual Machine in native code.
# See problematic frame for where to report the bug.
#

---------------  S U M M A R Y ------------

Command Line: -Dfile.encoding=windows-1250 -Duser.country=US -Duser.language=en -Duser.variant educanet.Main

Host: AMD Ryzen 9 3900X 12-Core Processor            , 24 cores, 15G,  Windows 10 , 64 bit Build 19041 (10.0.19041.928)
Time: Fri May  7 09:16:07 2021 Central Europe Daylight Time elapsed time: 9 seconds (0d 0h 0m 9s)

---------------  T H R E A D  ---------------

Current thread (0x000001eafe9c4800):  JavaThread "main" [_thread_in_native, id=17680, stack(0x000000a970800000,0x000000a970900000)]

Stack: [0x000000a970800000,0x000000a970900000],  sp=0x000000a9708fee88,  free space=1019k
Native frames: (J=compiled Java code, j=interpreted, Vv=VM code, C=native code)
C  [atio6axx.dll+0x287c5f8]

Java frames: (J=compiled Java code, j=interpreted, Vv=VM code)
J 860  org.lwjgl.system.JNI.invokeV(J)V (0 bytes) @ 0x000001ea902afa71 [0x000001ea902afa20+0x0000000000000051]
j  org.lwjgl.glfw.GLFW.glfwTerminate()V+5
j  educanet.Main.main([Ljava/lang/String;)V+136
v  ~StubRoutines::call_stub

siginfo: EXCEPTION_ACCESS_VIOLATION (0xc0000005), data execution prevention violation at address 0x00007ffc3654c5f8


Register to memory mapping:

RIP=0x00007ffc3654c5f8 atio6axx.dll
RAX=0x00007ffc364a2de0 atio6axx.dll
RBX=0x000001eaadfa99e0 points into unknown readable memory: d0 b2 c9 ad ea 01 00 00
RCX=0x000001eaae557f60 points into unknown readable memory: e0 2d 4a 36 fc 7f 00 00
RDX=0x000001eaa6de03e0 points into unknown readable memory: 30 20 4a 36 fc 7f 00 00
RSP=0x000000a9708fee88 is pointing into the stack for thread: 0x000001eafe9c4800
RBP=0x0000000000000001 is an unknown value
RSI=0x000001eaa6ba16f0 points into unknown readable memory: 50 06 b0 a6 ea 01 00 00
RDI=0x000001eaa6de03e0 points into unknown readable memory: 30 20 4a 36 fc 7f 00 00
R8 =0x0000000000000019 is an unknown value
R9 =0x0 is NULL
R10=0x0000000000008000 is an unknown value
R11=0x000000a9708feda0 is pointing into the stack for thread: 0x000001eafe9c4800
R12=0x000001eaa4cee420 points into unknown readable memory: b8 ed 48 36 fc 7f 00 00
R13=0x000001eaa4cf2890 points into unknown readable memory: 00 c3 c0 a6 ea 01 00 00
R14=0x000001eaa4cf2890 points into unknown readable memory: 00 c3 c0 a6 ea 01 00 00
R15=0x0 is NULL


Registers:
RAX=0x00007ffc364a2de0, RBX=0x000001eaadfa99e0, RCX=0x000001eaae557f60, RDX=0x000001eaa6de03e0
RSP=0x000000a9708fee88, RBP=0x0000000000000001, RSI=0x000001eaa6ba16f0, RDI=0x000001eaa6de03e0
R8 =0x0000000000000019, R9 =0x0000000000000000, R10=0x0000000000008000, R11=0x000000a9708feda0
R12=0x000001eaa4cee420, R13=0x000001eaa4cf2890, R14=0x000001eaa4cf2890, R15=0x0000000000000000
RIP=0x00007ffc3654c5f8, EFLAGS=0x0000000000010246

Top of Stack: (sp=0x000000a9708fee88)
0x000000a9708fee88:   00007ffc350b785e 000001eaadfa99e0
0x000000a9708fee98:   00007ffc350b8df7 000001eaa6cabdc0
0x000000a9708feea8:   00007ffc00000000 000001ea0000fffc
0x000000a9708feeb8:   000001eafc650000 000001eaa4cee420
0x000000a9708feec8:   00007ffc350a8b0f 000001eaadfa99e0
0x000000a9708feed8:   0000000000000000 000001eaa6cabdc0
0x000000a9708feee8:   00007ffc5b887811 000001eaa6ba16f0
0x000000a9708feef8:   00007ffc35087718 000001eaa2f97f80
0x000000a9708fef08:   000001eaa4cee420 0000000000000000
0x000000a9708fef18:   000001eaa6ba16f0 000001eaa4cf2890
0x000000a9708fef28:   000001eaa6ba16f0 000001eaa2f97f80
0x000000a9708fef38:   00007ffc35085a71 0000000000000000
0x000000a9708fef48:   0000000000000000 000001eaa6ba2978
0x000000a9708fef58:   00007ffc358707dc 0000000000000000
0x000000a9708fef68:   00007ffc3530a515 000001eaa2f97f80
0x000000a9708fef78:   00007ffc36781330 0000000000000000 

Instructions: (pc=0x00007ffc3654c5f8)
0x00007ffc3654c4f8:   00 00 00 00 00 00 00 00 d8 c4 b4 02 03 00 00 00
0x00007ffc3654c508:   00 00 00 00 ff ff ff ff 00 00 00 00 40 00 00 00
0x00007ffc3654c518:   b0 b1 87 02 00 00 00 00 00 00 00 00 00 00 00 00
0x00007ffc3654c528:   00 00 00 00 00 00 00 00 03 00 00 00 e8 bd 87 02
0x00007ffc3654c538:   00 00 00 00 00 00 00 00 50 b5 87 02 88 b1 87 02
0x00007ffc3654c548:   30 4e 87 02 88 f3 86 02 e8 f3 86 02 00 00 00 00
0x00007ffc3654c558:   00 00 00 00 00 00 00 00 00 00 00 00 00 00 00 00
0x00007ffc3654c568:   00 00 00 00 00 00 00 00 01 00 00 00 00 00 00 00
0x00007ffc3654c578:   00 00 00 00 30 c7 b4 02 d8 c0 87 02 70 c5 87 02
0x00007ffc3654c588:   00 00 00 00 00 00 00 00 00 00 00 00 00 00 00 00
0x00007ffc3654c598:   60 c4 87 02 60 bf 87 02 88 f3 86 02 e8 f3 86 02
0x00007ffc3654c5a8:   00 00 00 00 00 00 00 00 00 00 00 00 00 00 00 00
0x00007ffc3654c5b8:   00 00 00 00 00 00 00 00 a8 c7 87 02 00 00 00 00
0x00007ffc3654c5c8:   00 00 00 00 00 00 00 00 00 bd 87 02 60 bf 87 02
0x00007ffc3654c5d8:   88 f3 86 02 e8 f3 86 02 00 00 00 00 00 00 00 00
0x00007ffc3654c5e8:   00 00 00 00 00 00 00 00 00 00 00 00 00 00 00 00
0x00007ffc3654c5f8:   01 00 00 00 00 00 00 00 00 00 00 00 b8 bf b4 02
0x00007ffc3654c608:   f0 cc 87 02 f8 c5 87 02 00 00 00 00 00 00 00 00
0x00007ffc3654c618:   00 00 00 00 00 00 00 00 00 00 00 00 00 00 00 00
0x00007ffc3654c628:   04 00 00 00 58 b6 87 02 00 00 00 00 00 00 00 00
0x00007ffc3654c638:   00 00 00 00 00 00 00 00 05 00 00 00 20 bb 87 02
0x00007ffc3654c648:   00 00 00 00 00 00 00 00 c0 c1 b4 02 01 00 00 00
0x00007ffc3654c658:   00 00 00 00 ff ff ff ff 00 00 00 00 40 00 00 00
0x00007ffc3654c668:   a0 af 87 02 00 00 00 00 00 00 00 00 00 00 00 00
0x00007ffc3654c678:   28 c6 b4 02 04 00 00 00 00 00 00 00 ff ff ff ff
0x00007ffc3654c688:   00 00 00 00 40 00 00 00 a8 ce 87 02 00 00 00 00
0x00007ffc3654c698:   00 00 00 00 00 00 00 00 f8 b9 b4 02 04 00 00 00
0x00007ffc3654c6a8:   00 00 00 00 ff ff ff ff 00 00 00 00 40 00 00 00
0x00007ffc3654c6b8:   f8 ad 87 02 00 00 00 00 00 00 00 00 00 00 00 00
0x00007ffc3654c6c8:   70 c0 87 02 78 c6 87 02 18 b4 87 02 08 c4 87 02
0x00007ffc3654c6d8:   88 f3 86 02 e8 f3 86 02 00 00 00 00 00 00 00 00
0x00007ffc3654c6e8:   00 00 00 00 00 00 00 00 00 00 00 00 00 00 00 00 


Stack slot to memory mapping:
stack at sp + 0 slots: 0x00007ffc350b785e atio6axx.dll
stack at sp + 1 slots: 0x000001eaadfa99e0 points into unknown readable memory: d0 b2 c9 ad ea 01 00 00
stack at sp + 2 slots: 0x00007ffc350b8df7 atio6axx.dll
stack at sp + 3 slots: 0x000001eaa6cabdc0 points into unknown readable memory: 70 a2 a0 35 fc 7f 00 00
stack at sp + 4 slots: 0x00007ffc00000000 is an unknown value
stack at sp + 5 slots: 0x000001ea0000fffc is an unknown value
stack at sp + 6 slots: 0x000001eafc650000 points into unknown readable memory: 00 00 00 00 00 00 00 00
stack at sp + 7 slots: 0x000001eaa4cee420 points into unknown readable memory: b8 ed 48 36 fc 7f 00 00


---------------  P R O C E S S  ---------------

Threads class SMR info:
_java_thread_list=0x000001eaae7199a0, length=11, elements={
0x000001eafe9c4800, 0x000001eaa3014800, 0x000001eaa3015800, 0x000001eaa4727000,
0x000001eaa4728000, 0x000001eaa472b000, 0x000001eaa472c800, 0x000001eaa4735800,
0x000001eaa473a000, 0x000001eaa4878800, 0x000001eaa4880000
}

Java Threads: ( => current thread )
=>0x000001eafe9c4800 JavaThread "main" [_thread_in_native, id=17680, stack(0x000000a970800000,0x000000a970900000)]
  0x000001eaa3014800 JavaThread "Reference Handler" daemon [_thread_blocked, id=7248, stack(0x000000a970f00000,0x000000a971000000)]
  0x000001eaa3015800 JavaThread "Finalizer" daemon [_thread_blocked, id=9268, stack(0x000000a971000000,0x000000a971100000)]
  0x000001eaa4727000 JavaThread "Signal Dispatcher" daemon [_thread_blocked, id=28928, stack(0x000000a971100000,0x000000a971200000)]
  0x000001eaa4728000 JavaThread "Attach Listener" daemon [_thread_blocked, id=7456, stack(0x000000a971200000,0x000000a971300000)]
  0x000001eaa472b000 JavaThread "Service Thread" daemon [_thread_blocked, id=3580, stack(0x000000a971300000,0x000000a971400000)]
  0x000001eaa472c800 JavaThread "C2 CompilerThread0" daemon [_thread_blocked, id=7408, stack(0x000000a971400000,0x000000a971500000)]
  0x000001eaa4735800 JavaThread "C1 CompilerThread0" daemon [_thread_blocked, id=20780, stack(0x000000a971500000,0x000000a971600000)]
  0x000001eaa473a000 JavaThread "Sweeper thread" daemon [_thread_blocked, id=27112, stack(0x000000a971600000,0x000000a971700000)]
  0x000001eaa4878800 JavaThread "Notification Thread" daemon [_thread_blocked, id=22128, stack(0x000000a971900000,0x000000a971a00000)]
  0x000001eaa4880000 JavaThread "Common-Cleaner" daemon [_thread_blocked, id=6112, stack(0x000000a971b00000,0x000000a971c00000)]

Other Threads:
  0x000001eaa3012800 VMThread "VM Thread" [stack: 0x000000a970e00000,0x000000a970f00000] [id=5004]
  0x000001eaa487d800 WatcherThread [stack: 0x000000a971a00000,0x000000a971b00000] [id=21944]
  0x000001eafea2e800 GCTaskThread "GC Thread#0" [stack: 0x000000a970900000,0x000000a970a00000] [id=20224]
  0x000001eafea50000 ConcurrentGCThread "G1 Main Marker" [stack: 0x000000a970a00000,0x000000a970b00000] [id=20628]
  0x000001eafea53000 ConcurrentGCThread "G1 Conc#0" [stack: 0x000000a970b00000,0x000000a970c00000] [id=28016]
  0x000001eaa2f9c800 ConcurrentGCThread "G1 Refine#0" [stack: 0x000000a970c00000,0x000000a970d00000] [id=13304]
  0x000001eaa2f9d800 ConcurrentGCThread "G1 Young RemSet Sampling" [stack: 0x000000a970d00000,0x000000a970e00000] [id=23400]

Threads with active compile tasks:

VM state:not at safepoint (normal execution)

VM Mutex/Monitor currently owned by a thread: None

Heap address: 0x0000000701600000, size: 4074 MB, Compressed Oops mode: Zero based, Oop shift amount: 3
Narrow klass base: 0x0000000800000000, Narrow klass shift: 3
Compressed class space size: 1073741824 Address: 0x0000000800b30000

Heap:
 garbage-first heap   total 262144K, used 21504K [0x0000000701600000, 0x0000000800000000)
  region size 1024K, 23 young (23552K), 0 survivors (0K)
 Metaspace       used 7050K, capacity 9978K, committed 10112K, reserved 1058816K
  class space    used 335K, capacity 630K, committed 640K, reserved 1048576K
Heap Regions: E=young(eden), S=young(survivor), O=old, HS=humongous(starts), HC=humongous(continues), CS=collection set, F=free, OA=open archive, CA=closed archive, TAMS=top-at-mark-start (previous, next)
|   0|0x0000000701600000, 0x0000000701600000, 0x0000000701700000|  0%| F|  |TAMS 0x0000000701600000, 0x0000000701600000| Untracked 
|   1|0x0000000701700000, 0x0000000701700000, 0x0000000701800000|  0%| F|  |TAMS 0x0000000701700000, 0x0000000701700000| Untracked 
|   2|0x0000000701800000, 0x0000000701800000, 0x0000000701900000|  0%| F|  |TAMS 0x0000000701800000, 0x0000000701800000| Untracked 
|   3|0x0000000701900000, 0x0000000701900000, 0x0000000701a00000|  0%| F|  |TAMS 0x0000000701900000, 0x0000000701900000| Untracked 
|   4|0x0000000701a00000, 0x0000000701a00000, 0x0000000701b00000|  0%| F|  |TAMS 0x0000000701a00000, 0x0000000701a00000| Untracked 
|   5|0x0000000701b00000, 0x0000000701b00000, 0x0000000701c00000|  0%| F|  |TAMS 0x0000000701b00000, 0x0000000701b00000| Untracked 
|   6|0x0000000701c00000, 0x0000000701c00000, 0x0000000701d00000|  0%| F|  |TAMS 0x0000000701c00000, 0x0000000701c00000| Untracked 
|   7|0x0000000701d00000, 0x0000000701d00000, 0x0000000701e00000|  0%| F|  |TAMS 0x0000000701d00000, 0x0000000701d00000| Untracked 
|   8|0x0000000701e00000, 0x0000000701e00000, 0x0000000701f00000|  0%| F|  |TAMS 0x0000000701e00000, 0x0000000701e00000| Untracked 
|   9|0x0000000701f00000, 0x0000000701f00000, 0x0000000702000000|  0%| F|  |TAMS 0x0000000701f00000, 0x0000000701f00000| Untracked 
|  10|0x0000000702000000, 0x0000000702000000, 0x0000000702100000|  0%| F|  |TAMS 0x0000000702000000, 0x0000000702000000| Untracked 
|  11|0x0000000702100000, 0x0000000702100000, 0x0000000702200000|  0%| F|  |TAMS 0x0000000702100000, 0x0000000702100000| Untracked 
|  12|0x0000000702200000, 0x0000000702200000, 0x0000000702300000|  0%| F|  |TAMS 0x0000000702200000, 0x0000000702200000| Untracked 
|  13|0x0000000702300000, 0x0000000702300000, 0x0000000702400000|  0%| F|  |TAMS 0x0000000702300000, 0x0000000702300000| Untracked 
|  14|0x0000000702400000, 0x0000000702400000, 0x0000000702500000|  0%| F|  |TAMS 0x0000000702400000, 0x0000000702400000| Untracked 
|  15|0x0000000702500000, 0x0000000702500000, 0x0000000702600000|  0%| F|  |TAMS 0x0000000702500000, 0x0000000702500000| Untracked 
|  16|0x0000000702600000, 0x0000000702600000, 0x0000000702700000|  0%| F|  |TAMS 0x0000000702600000, 0x0000000702600000| Untracked 
|  17|0x0000000702700000, 0x0000000702700000, 0x0000000702800000|  0%| F|  |TAMS 0x0000000702700000, 0x0000000702700000| Untracked 
|  18|0x0000000702800000, 0x0000000702800000, 0x0000000702900000|  0%| F|  |TAMS 0x0000000702800000, 0x0000000702800000| Untracked 
|  19|0x0000000702900000, 0x0000000702900000, 0x0000000702a00000|  0%| F|  |TAMS 0x0000000702900000, 0x0000000702900000| Untracked 
|  20|0x0000000702a00000, 0x0000000702a00000, 0x0000000702b00000|  0%| F|  |TAMS 0x0000000702a00000, 0x0000000702a00000| Untracked 
|  21|0x0000000702b00000, 0x0000000702b00000, 0x0000000702c00000|  0%| F|  |TAMS 0x0000000702b00000, 0x0000000702b00000| Untracked 
|  22|0x0000000702c00000, 0x0000000702c00000, 0x0000000702d00000|  0%| F|  |TAMS 0x0000000702c00000, 0x0000000702c00000| Untracked 
|  23|0x0000000702d00000, 0x0000000702d00000, 0x0000000702e00000|  0%| F|  |TAMS 0x0000000702d00000, 0x0000000702d00000| Untracked 
|  24|0x0000000702e00000, 0x0000000702e00000, 0x0000000702f00000|  0%| F|  |TAMS 0x0000000702e00000, 0x0000000702e00000| Untracked 
|  25|0x0000000702f00000, 0x0000000702f00000, 0x0000000703000000|  0%| F|  |TAMS 0x0000000702f00000, 0x0000000702f00000| Untracked 
|  26|0x0000000703000000, 0x0000000703000000, 0x0000000703100000|  0%| F|  |TAMS 0x0000000703000000, 0x0000000703000000| Untracked 
|  27|0x0000000703100000, 0x0000000703100000, 0x0000000703200000|  0%| F|  |TAMS 0x0000000703100000, 0x0000000703100000| Untracked 
|  28|0x0000000703200000, 0x0000000703200000, 0x0000000703300000|  0%| F|  |TAMS 0x0000000703200000, 0x0000000703200000| Untracked 
|  29|0x0000000703300000, 0x0000000703300000, 0x0000000703400000|  0%| F|  |TAMS 0x0000000703300000, 0x0000000703300000| Untracked 
|  30|0x0000000703400000, 0x0000000703400000, 0x0000000703500000|  0%| F|  |TAMS 0x0000000703400000, 0x0000000703400000| Untracked 
|  31|0x0000000703500000, 0x0000000703500000, 0x0000000703600000|  0%| F|  |TAMS 0x0000000703500000, 0x0000000703500000| Untracked 
|  32|0x0000000703600000, 0x0000000703600000, 0x0000000703700000|  0%| F|  |TAMS 0x0000000703600000, 0x0000000703600000| Untracked 
|  33|0x0000000703700000, 0x0000000703700000, 0x0000000703800000|  0%| F|  |TAMS 0x0000000703700000, 0x0000000703700000| Untracked 
|  34|0x0000000703800000, 0x0000000703800000, 0x0000000703900000|  0%| F|  |TAMS 0x0000000703800000, 0x0000000703800000| Untracked 
|  35|0x0000000703900000, 0x0000000703900000, 0x0000000703a00000|  0%| F|  |TAMS 0x0000000703900000, 0x0000000703900000| Untracked 
|  36|0x0000000703a00000, 0x0000000703a00000, 0x0000000703b00000|  0%| F|  |TAMS 0x0000000703a00000, 0x0000000703a00000| Untracked 
|  37|0x0000000703b00000, 0x0000000703b00000, 0x0000000703c00000|  0%| F|  |TAMS 0x0000000703b00000, 0x0000000703b00000| Untracked 
|  38|0x0000000703c00000, 0x0000000703c00000, 0x0000000703d00000|  0%| F|  |TAMS 0x0000000703c00000, 0x0000000703c00000| Untracked 
|  39|0x0000000703d00000, 0x0000000703d00000, 0x0000000703e00000|  0%| F|  |TAMS 0x0000000703d00000, 0x0000000703d00000| Untracked 
|  40|0x0000000703e00000, 0x0000000703e00000, 0x0000000703f00000|  0%| F|  |TAMS 0x0000000703e00000, 0x0000000703e00000| Untracked 
|  41|0x0000000703f00000, 0x0000000703f00000, 0x0000000704000000|  0%| F|  |TAMS 0x0000000703f00000, 0x0000000703f00000| Untracked 
|  42|0x0000000704000000, 0x0000000704000000, 0x0000000704100000|  0%| F|  |TAMS 0x0000000704000000, 0x0000000704000000| Untracked 
|  43|0x0000000704100000, 0x0000000704100000, 0x0000000704200000|  0%| F|  |TAMS 0x0000000704100000, 0x0000000704100000| Untracked 
|  44|0x0000000704200000, 0x0000000704200000, 0x0000000704300000|  0%| F|  |TAMS 0x0000000704200000, 0x0000000704200000| Untracked 
|  45|0x0000000704300000, 0x0000000704300000, 0x0000000704400000|  0%| F|  |TAMS 0x0000000704300000, 0x0000000704300000| Untracked 
|  46|0x0000000704400000, 0x0000000704400000, 0x0000000704500000|  0%| F|  |TAMS 0x0000000704400000, 0x0000000704400000| Untracked 
|  47|0x0000000704500000, 0x0000000704500000, 0x0000000704600000|  0%| F|  |TAMS 0x0000000704500000, 0x0000000704500000| Untracked 
|  48|0x0000000704600000, 0x0000000704600000, 0x0000000704700000|  0%| F|  |TAMS 0x0000000704600000, 0x0000000704600000| Untracked 
|  49|0x0000000704700000, 0x0000000704700000, 0x0000000704800000|  0%| F|  |TAMS 0x0000000704700000, 0x0000000704700000| Untracked 
|  50|0x0000000704800000, 0x0000000704800000, 0x0000000704900000|  0%| F|  |TAMS 0x0000000704800000, 0x0000000704800000| Untracked 
|  51|0x0000000704900000, 0x0000000704900000, 0x0000000704a00000|  0%| F|  |TAMS 0x0000000704900000, 0x0000000704900000| Untracked 
|  52|0x0000000704a00000, 0x0000000704a00000, 0x0000000704b00000|  0%| F|  |TAMS 0x0000000704a00000, 0x0000000704a00000| Untracked 
|  53|0x0000000704b00000, 0x0000000704b00000, 0x0000000704c00000|  0%| F|  |TAMS 0x0000000704b00000, 0x0000000704b00000| Untracked 
|  54|0x0000000704c00000, 0x0000000704c00000, 0x0000000704d00000|  0%| F|  |TAMS 0x0000000704c00000, 0x0000000704c00000| Untracked 
|  55|0x0000000704d00000, 0x0000000704d00000, 0x0000000704e00000|  0%| F|  |TAMS 0x0000000704d00000, 0x0000000704d00000| Untracked 
|  56|0x0000000704e00000, 0x0000000704e00000, 0x0000000704f00000|  0%| F|  |TAMS 0x0000000704e00000, 0x0000000704e00000| Untracked 
|  57|0x0000000704f00000, 0x0000000704f00000, 0x0000000705000000|  0%| F|  |TAMS 0x0000000704f00000, 0x0000000704f00000| Untracked 
|  58|0x0000000705000000, 0x0000000705000000, 0x0000000705100000|  0%| F|  |TAMS 0x0000000705000000, 0x0000000705000000| Untracked 
|  59|0x0000000705100000, 0x0000000705100000, 0x0000000705200000|  0%| F|  |TAMS 0x0000000705100000, 0x0000000705100000| Untracked 
|  60|0x0000000705200000, 0x0000000705200000, 0x0000000705300000|  0%| F|  |TAMS 0x0000000705200000, 0x0000000705200000| Untracked 
|  61|0x0000000705300000, 0x0000000705300000, 0x0000000705400000|  0%| F|  |TAMS 0x0000000705300000, 0x0000000705300000| Untracked 
|  62|0x0000000705400000, 0x0000000705400000, 0x0000000705500000|  0%| F|  |TAMS 0x0000000705400000, 0x0000000705400000| Untracked 
|  63|0x0000000705500000, 0x0000000705500000, 0x0000000705600000|  0%| F|  |TAMS 0x0000000705500000, 0x0000000705500000| Untracked 
|  64|0x0000000705600000, 0x0000000705600000, 0x0000000705700000|  0%| F|  |TAMS 0x0000000705600000, 0x0000000705600000| Untracked 
|  65|0x0000000705700000, 0x0000000705700000, 0x0000000705800000|  0%| F|  |TAMS 0x0000000705700000, 0x0000000705700000| Untracked 
|  66|0x0000000705800000, 0x0000000705800000, 0x0000000705900000|  0%| F|  |TAMS 0x0000000705800000, 0x0000000705800000| Untracked 
|  67|0x0000000705900000, 0x0000000705900000, 0x0000000705a00000|  0%| F|  |TAMS 0x0000000705900000, 0x0000000705900000| Untracked 
|  68|0x0000000705a00000, 0x0000000705a00000, 0x0000000705b00000|  0%| F|  |TAMS 0x0000000705a00000, 0x0000000705a00000| Untracked 
|  69|0x0000000705b00000, 0x0000000705b00000, 0x0000000705c00000|  0%| F|  |TAMS 0x0000000705b00000, 0x0000000705b00000| Untracked 
|  70|0x0000000705c00000, 0x0000000705c00000, 0x0000000705d00000|  0%| F|  |TAMS 0x0000000705c00000, 0x0000000705c00000| Untracked 
|  71|0x0000000705d00000, 0x0000000705d00000, 0x0000000705e00000|  0%| F|  |TAMS 0x0000000705d00000, 0x0000000705d00000| Untracked 
|  72|0x0000000705e00000, 0x0000000705e00000, 0x0000000705f00000|  0%| F|  |TAMS 0x0000000705e00000, 0x0000000705e00000| Untracked 
|  73|0x0000000705f00000, 0x0000000705f00000, 0x0000000706000000|  0%| F|  |TAMS 0x0000000705f00000, 0x0000000705f00000| Untracked 
|  74|0x0000000706000000, 0x0000000706000000, 0x0000000706100000|  0%| F|  |TAMS 0x0000000706000000, 0x0000000706000000| Untracked 
|  75|0x0000000706100000, 0x0000000706100000, 0x0000000706200000|  0%| F|  |TAMS 0x0000000706100000, 0x0000000706100000| Untracked 
|  76|0x0000000706200000, 0x0000000706200000, 0x0000000706300000|  0%| F|  |TAMS 0x0000000706200000, 0x0000000706200000| Untracked 
|  77|0x0000000706300000, 0x0000000706300000, 0x0000000706400000|  0%| F|  |TAMS 0x0000000706300000, 0x0000000706300000| Untracked 
|  78|0x0000000706400000, 0x0000000706400000, 0x0000000706500000|  0%| F|  |TAMS 0x0000000706400000, 0x0000000706400000| Untracked 
|  79|0x0000000706500000, 0x0000000706500000, 0x0000000706600000|  0%| F|  |TAMS 0x0000000706500000, 0x0000000706500000| Untracked 
|  80|0x0000000706600000, 0x0000000706600000, 0x0000000706700000|  0%| F|  |TAMS 0x0000000706600000, 0x0000000706600000| Untracked 
|  81|0x0000000706700000, 0x0000000706700000, 0x0000000706800000|  0%| F|  |TAMS 0x0000000706700000, 0x0000000706700000| Untracked 
|  82|0x0000000706800000, 0x0000000706800000, 0x0000000706900000|  0%| F|  |TAMS 0x0000000706800000, 0x0000000706800000| Untracked 
|  83|0x0000000706900000, 0x0000000706900000, 0x0000000706a00000|  0%| F|  |TAMS 0x0000000706900000, 0x0000000706900000| Untracked 
|  84|0x0000000706a00000, 0x0000000706a00000, 0x0000000706b00000|  0%| F|  |TAMS 0x0000000706a00000, 0x0000000706a00000| Untracked 
|  85|0x0000000706b00000, 0x0000000706b00000, 0x0000000706c00000|  0%| F|  |TAMS 0x0000000706b00000, 0x0000000706b00000| Untracked 
|  86|0x0000000706c00000, 0x0000000706c00000, 0x0000000706d00000|  0%| F|  |TAMS 0x0000000706c00000, 0x0000000706c00000| Untracked 
|  87|0x0000000706d00000, 0x0000000706d00000, 0x0000000706e00000|  0%| F|  |TAMS 0x0000000706d00000, 0x0000000706d00000| Untracked 
|  88|0x0000000706e00000, 0x0000000706e00000, 0x0000000706f00000|  0%| F|  |TAMS 0x0000000706e00000, 0x0000000706e00000| Untracked 
|  89|0x0000000706f00000, 0x0000000706f00000, 0x0000000707000000|  0%| F|  |TAMS 0x0000000706f00000, 0x0000000706f00000| Untracked 
|  90|0x0000000707000000, 0x0000000707000000, 0x0000000707100000|  0%| F|  |TAMS 0x0000000707000000, 0x0000000707000000| Untracked 
|  91|0x0000000707100000, 0x0000000707100000, 0x0000000707200000|  0%| F|  |TAMS 0x0000000707100000, 0x0000000707100000| Untracked 
|  92|0x0000000707200000, 0x0000000707200000, 0x0000000707300000|  0%| F|  |TAMS 0x0000000707200000, 0x0000000707200000| Untracked 
|  93|0x0000000707300000, 0x0000000707300000, 0x0000000707400000|  0%| F|  |TAMS 0x0000000707300000, 0x0000000707300000| Untracked 
|  94|0x0000000707400000, 0x0000000707400000, 0x0000000707500000|  0%| F|  |TAMS 0x0000000707400000, 0x0000000707400000| Untracked 
|  95|0x0000000707500000, 0x0000000707500000, 0x0000000707600000|  0%| F|  |TAMS 0x0000000707500000, 0x0000000707500000| Untracked 
|  96|0x0000000707600000, 0x0000000707600000, 0x0000000707700000|  0%| F|  |TAMS 0x0000000707600000, 0x0000000707600000| Untracked 
|  97|0x0000000707700000, 0x0000000707700000, 0x0000000707800000|  0%| F|  |TAMS 0x0000000707700000, 0x0000000707700000| Untracked 
|  98|0x0000000707800000, 0x0000000707800000, 0x0000000707900000|  0%| F|  |TAMS 0x0000000707800000, 0x0000000707800000| Untracked 
|  99|0x0000000707900000, 0x0000000707900000, 0x0000000707a00000|  0%| F|  |TAMS 0x0000000707900000, 0x0000000707900000| Untracked 
| 100|0x0000000707a00000, 0x0000000707a00000, 0x0000000707b00000|  0%| F|  |TAMS 0x0000000707a00000, 0x0000000707a00000| Untracked 
| 101|0x0000000707b00000, 0x0000000707b00000, 0x0000000707c00000|  0%| F|  |TAMS 0x0000000707b00000, 0x0000000707b00000| Untracked 
| 102|0x0000000707c00000, 0x0000000707c00000, 0x0000000707d00000|  0%| F|  |TAMS 0x0000000707c00000, 0x0000000707c00000| Untracked 
| 103|0x0000000707d00000, 0x0000000707d00000, 0x0000000707e00000|  0%| F|  |TAMS 0x0000000707d00000, 0x0000000707d00000| Untracked 
| 104|0x0000000707e00000, 0x0000000707e00000, 0x0000000707f00000|  0%| F|  |TAMS 0x0000000707e00000, 0x0000000707e00000| Untracked 
| 105|0x0000000707f00000, 0x0000000707f00000, 0x0000000708000000|  0%| F|  |TAMS 0x0000000707f00000, 0x0000000707f00000| Untracked 
| 106|0x0000000708000000, 0x0000000708000000, 0x0000000708100000|  0%| F|  |TAMS 0x0000000708000000, 0x0000000708000000| Untracked 
| 107|0x0000000708100000, 0x0000000708100000, 0x0000000708200000|  0%| F|  |TAMS 0x0000000708100000, 0x0000000708100000| Untracked 
| 108|0x0000000708200000, 0x0000000708200000, 0x0000000708300000|  0%| F|  |TAMS 0x0000000708200000, 0x0000000708200000| Untracked 
| 109|0x0000000708300000, 0x0000000708300000, 0x0000000708400000|  0%| F|  |TAMS 0x0000000708300000, 0x0000000708300000| Untracked 
| 110|0x0000000708400000, 0x0000000708400000, 0x0000000708500000|  0%| F|  |TAMS 0x0000000708400000, 0x0000000708400000| Untracked 
| 111|0x0000000708500000, 0x0000000708500000, 0x0000000708600000|  0%| F|  |TAMS 0x0000000708500000, 0x0000000708500000| Untracked 
| 112|0x0000000708600000, 0x0000000708600000, 0x0000000708700000|  0%| F|  |TAMS 0x0000000708600000, 0x0000000708600000| Untracked 
| 113|0x0000000708700000, 0x0000000708700000, 0x0000000708800000|  0%| F|  |TAMS 0x0000000708700000, 0x0000000708700000| Untracked 
| 114|0x0000000708800000, 0x0000000708800000, 0x0000000708900000|  0%| F|  |TAMS 0x0000000708800000, 0x0000000708800000| Untracked 
| 115|0x0000000708900000, 0x0000000708900000, 0x0000000708a00000|  0%| F|  |TAMS 0x0000000708900000, 0x0000000708900000| Untracked 
| 116|0x0000000708a00000, 0x0000000708a00000, 0x0000000708b00000|  0%| F|  |TAMS 0x0000000708a00000, 0x0000000708a00000| Untracked 
| 117|0x0000000708b00000, 0x0000000708b00000, 0x0000000708c00000|  0%| F|  |TAMS 0x0000000708b00000, 0x0000000708b00000| Untracked 
| 118|0x0000000708c00000, 0x0000000708c00000, 0x0000000708d00000|  0%| F|  |TAMS 0x0000000708c00000, 0x0000000708c00000| Untracked 
| 119|0x0000000708d00000, 0x0000000708d00000, 0x0000000708e00000|  0%| F|  |TAMS 0x0000000708d00000, 0x0000000708d00000| Untracked 
| 120|0x0000000708e00000, 0x0000000708e00000, 0x0000000708f00000|  0%| F|  |TAMS 0x0000000708e00000, 0x0000000708e00000| Untracked 
| 121|0x0000000708f00000, 0x0000000708f00000, 0x0000000709000000|  0%| F|  |TAMS 0x0000000708f00000, 0x0000000708f00000| Untracked 
| 122|0x0000000709000000, 0x0000000709000000, 0x0000000709100000|  0%| F|  |TAMS 0x0000000709000000, 0x0000000709000000| Untracked 
| 123|0x0000000709100000, 0x0000000709100000, 0x0000000709200000|  0%| F|  |TAMS 0x0000000709100000, 0x0000000709100000| Untracked 
| 124|0x0000000709200000, 0x0000000709200000, 0x0000000709300000|  0%| F|  |TAMS 0x0000000709200000, 0x0000000709200000| Untracked 
| 125|0x0000000709300000, 0x0000000709300000, 0x0000000709400000|  0%| F|  |TAMS 0x0000000709300000, 0x0000000709300000| Untracked 
| 126|0x0000000709400000, 0x0000000709400000, 0x0000000709500000|  0%| F|  |TAMS 0x0000000709400000, 0x0000000709400000| Untracked 
| 127|0x0000000709500000, 0x0000000709500000, 0x0000000709600000|  0%| F|  |TAMS 0x0000000709500000, 0x0000000709500000| Untracked 
| 128|0x0000000709600000, 0x0000000709600000, 0x0000000709700000|  0%| F|  |TAMS 0x0000000709600000, 0x0000000709600000| Untracked 
| 129|0x0000000709700000, 0x0000000709700000, 0x0000000709800000|  0%| F|  |TAMS 0x0000000709700000, 0x0000000709700000| Untracked 
| 130|0x0000000709800000, 0x0000000709800000, 0x0000000709900000|  0%| F|  |TAMS 0x0000000709800000, 0x0000000709800000| Untracked 
| 131|0x0000000709900000, 0x0000000709900000, 0x0000000709a00000|  0%| F|  |TAMS 0x0000000709900000, 0x0000000709900000| Untracked 
| 132|0x0000000709a00000, 0x0000000709a00000, 0x0000000709b00000|  0%| F|  |TAMS 0x0000000709a00000, 0x0000000709a00000| Untracked 
| 133|0x0000000709b00000, 0x0000000709b00000, 0x0000000709c00000|  0%| F|  |TAMS 0x0000000709b00000, 0x0000000709b00000| Untracked 
| 134|0x0000000709c00000, 0x0000000709c00000, 0x0000000709d00000|  0%| F|  |TAMS 0x0000000709c00000, 0x0000000709c00000| Untracked 
| 135|0x0000000709d00000, 0x0000000709d00000, 0x0000000709e00000|  0%| F|  |TAMS 0x0000000709d00000, 0x0000000709d00000| Untracked 
| 136|0x0000000709e00000, 0x0000000709e00000, 0x0000000709f00000|  0%| F|  |TAMS 0x0000000709e00000, 0x0000000709e00000| Untracked 
| 137|0x0000000709f00000, 0x0000000709f00000, 0x000000070a000000|  0%| F|  |TAMS 0x0000000709f00000, 0x0000000709f00000| Untracked 
| 138|0x000000070a000000, 0x000000070a000000, 0x000000070a100000|  0%| F|  |TAMS 0x000000070a000000, 0x000000070a000000| Untracked 
| 139|0x000000070a100000, 0x000000070a100000, 0x000000070a200000|  0%| F|  |TAMS 0x000000070a100000, 0x000000070a100000| Untracked 
| 140|0x000000070a200000, 0x000000070a200000, 0x000000070a300000|  0%| F|  |TAMS 0x000000070a200000, 0x000000070a200000| Untracked 
| 141|0x000000070a300000, 0x000000070a300000, 0x000000070a400000|  0%| F|  |TAMS 0x000000070a300000, 0x000000070a300000| Untracked 
| 142|0x000000070a400000, 0x000000070a400000, 0x000000070a500000|  0%| F|  |TAMS 0x000000070a400000, 0x000000070a400000| Untracked 
| 143|0x000000070a500000, 0x000000070a500000, 0x000000070a600000|  0%| F|  |TAMS 0x000000070a500000, 0x000000070a500000| Untracked 
| 144|0x000000070a600000, 0x000000070a600000, 0x000000070a700000|  0%| F|  |TAMS 0x000000070a600000, 0x000000070a600000| Untracked 
| 145|0x000000070a700000, 0x000000070a700000, 0x000000070a800000|  0%| F|  |TAMS 0x000000070a700000, 0x000000070a700000| Untracked 
| 146|0x000000070a800000, 0x000000070a800000, 0x000000070a900000|  0%| F|  |TAMS 0x000000070a800000, 0x000000070a800000| Untracked 
| 147|0x000000070a900000, 0x000000070a900000, 0x000000070aa00000|  0%| F|  |TAMS 0x000000070a900000, 0x000000070a900000| Untracked 
| 148|0x000000070aa00000, 0x000000070aa00000, 0x000000070ab00000|  0%| F|  |TAMS 0x000000070aa00000, 0x000000070aa00000| Untracked 
| 149|0x000000070ab00000, 0x000000070ab00000, 0x000000070ac00000|  0%| F|  |TAMS 0x000000070ab00000, 0x000000070ab00000| Untracked 
| 150|0x000000070ac00000, 0x000000070ac00000, 0x000000070ad00000|  0%| F|  |TAMS 0x000000070ac00000, 0x000000070ac00000| Untracked 
| 151|0x000000070ad00000, 0x000000070ad00000, 0x000000070ae00000|  0%| F|  |TAMS 0x000000070ad00000, 0x000000070ad00000| Untracked 
| 152|0x000000070ae00000, 0x000000070ae00000, 0x000000070af00000|  0%| F|  |TAMS 0x000000070ae00000, 0x000000070ae00000| Untracked 
| 153|0x000000070af00000, 0x000000070af00000, 0x000000070b000000|  0%| F|  |TAMS 0x000000070af00000, 0x000000070af00000| Untracked 
| 154|0x000000070b000000, 0x000000070b000000, 0x000000070b100000|  0%| F|  |TAMS 0x000000070b000000, 0x000000070b000000| Untracked 
| 155|0x000000070b100000, 0x000000070b100000, 0x000000070b200000|  0%| F|  |TAMS 0x000000070b100000, 0x000000070b100000| Untracked 
| 156|0x000000070b200000, 0x000000070b200000, 0x000000070b300000|  0%| F|  |TAMS 0x000000070b200000, 0x000000070b200000| Untracked 
| 157|0x000000070b300000, 0x000000070b300000, 0x000000070b400000|  0%| F|  |TAMS 0x000000070b300000, 0x000000070b300000| Untracked 
| 158|0x000000070b400000, 0x000000070b400000, 0x000000070b500000|  0%| F|  |TAMS 0x000000070b400000, 0x000000070b400000| Untracked 
| 159|0x000000070b500000, 0x000000070b500000, 0x000000070b600000|  0%| F|  |TAMS 0x000000070b500000, 0x000000070b500000| Untracked 
| 160|0x000000070b600000, 0x000000070b600000, 0x000000070b700000|  0%| F|  |TAMS 0x000000070b600000, 0x000000070b600000| Untracked 
| 161|0x000000070b700000, 0x000000070b700000, 0x000000070b800000|  0%| F|  |TAMS 0x000000070b700000, 0x000000070b700000| Untracked 
| 162|0x000000070b800000, 0x000000070b800000, 0x000000070b900000|  0%| F|  |TAMS 0x000000070b800000, 0x000000070b800000| Untracked 
| 163|0x000000070b900000, 0x000000070b900000, 0x000000070ba00000|  0%| F|  |TAMS 0x000000070b900000, 0x000000070b900000| Untracked 
| 164|0x000000070ba00000, 0x000000070ba00000, 0x000000070bb00000|  0%| F|  |TAMS 0x000000070ba00000, 0x000000070ba00000| Untracked 
| 165|0x000000070bb00000, 0x000000070bb00000, 0x000000070bc00000|  0%| F|  |TAMS 0x000000070bb00000, 0x000000070bb00000| Untracked 
| 166|0x000000070bc00000, 0x000000070bc00000, 0x000000070bd00000|  0%| F|  |TAMS 0x000000070bc00000, 0x000000070bc00000| Untracked 
| 167|0x000000070bd00000, 0x000000070bd00000, 0x000000070be00000|  0%| F|  |TAMS 0x000000070bd00000, 0x000000070bd00000| Untracked 
| 168|0x000000070be00000, 0x000000070be00000, 0x000000070bf00000|  0%| F|  |TAMS 0x000000070be00000, 0x000000070be00000| Untracked 
| 169|0x000000070bf00000, 0x000000070bf00000, 0x000000070c000000|  0%| F|  |TAMS 0x000000070bf00000, 0x000000070bf00000| Untracked 
| 170|0x000000070c000000, 0x000000070c000000, 0x000000070c100000|  0%| F|  |TAMS 0x000000070c000000, 0x000000070c000000| Untracked 
| 171|0x000000070c100000, 0x000000070c100000, 0x000000070c200000|  0%| F|  |TAMS 0x000000070c100000, 0x000000070c100000| Untracked 
| 172|0x000000070c200000, 0x000000070c200000, 0x000000070c300000|  0%| F|  |TAMS 0x000000070c200000, 0x000000070c200000| Untracked 
| 173|0x000000070c300000, 0x000000070c300000, 0x000000070c400000|  0%| F|  |TAMS 0x000000070c300000, 0x000000070c300000| Untracked 
| 174|0x000000070c400000, 0x000000070c400000, 0x000000070c500000|  0%| F|  |TAMS 0x000000070c400000, 0x000000070c400000| Untracked 
| 175|0x000000070c500000, 0x000000070c500000, 0x000000070c600000|  0%| F|  |TAMS 0x000000070c500000, 0x000000070c500000| Untracked 
| 176|0x000000070c600000, 0x000000070c600000, 0x000000070c700000|  0%| F|  |TAMS 0x000000070c600000, 0x000000070c600000| Untracked 
| 177|0x000000070c700000, 0x000000070c700000, 0x000000070c800000|  0%| F|  |TAMS 0x000000070c700000, 0x000000070c700000| Untracked 
| 178|0x000000070c800000, 0x000000070c800000, 0x000000070c900000|  0%| F|  |TAMS 0x000000070c800000, 0x000000070c800000| Untracked 
| 179|0x000000070c900000, 0x000000070c900000, 0x000000070ca00000|  0%| F|  |TAMS 0x000000070c900000, 0x000000070c900000| Untracked 
| 180|0x000000070ca00000, 0x000000070ca00000, 0x000000070cb00000|  0%| F|  |TAMS 0x000000070ca00000, 0x000000070ca00000| Untracked 
| 181|0x000000070cb00000, 0x000000070cb00000, 0x000000070cc00000|  0%| F|  |TAMS 0x000000070cb00000, 0x000000070cb00000| Untracked 
| 182|0x000000070cc00000, 0x000000070cc00000, 0x000000070cd00000|  0%| F|  |TAMS 0x000000070cc00000, 0x000000070cc00000| Untracked 
| 183|0x000000070cd00000, 0x000000070cd00000, 0x000000070ce00000|  0%| F|  |TAMS 0x000000070cd00000, 0x000000070cd00000| Untracked 
| 184|0x000000070ce00000, 0x000000070ce00000, 0x000000070cf00000|  0%| F|  |TAMS 0x000000070ce00000, 0x000000070ce00000| Untracked 
| 185|0x000000070cf00000, 0x000000070cf00000, 0x000000070d000000|  0%| F|  |TAMS 0x000000070cf00000, 0x000000070cf00000| Untracked 
| 186|0x000000070d000000, 0x000000070d000000, 0x000000070d100000|  0%| F|  |TAMS 0x000000070d000000, 0x000000070d000000| Untracked 
| 187|0x000000070d100000, 0x000000070d100000, 0x000000070d200000|  0%| F|  |TAMS 0x000000070d100000, 0x000000070d100000| Untracked 
| 188|0x000000070d200000, 0x000000070d200000, 0x000000070d300000|  0%| F|  |TAMS 0x000000070d200000, 0x000000070d200000| Untracked 
| 189|0x000000070d300000, 0x000000070d300000, 0x000000070d400000|  0%| F|  |TAMS 0x000000070d300000, 0x000000070d300000| Untracked 
| 190|0x000000070d400000, 0x000000070d400000, 0x000000070d500000|  0%| F|  |TAMS 0x000000070d400000, 0x000000070d400000| Untracked 
| 191|0x000000070d500000, 0x000000070d500000, 0x000000070d600000|  0%| F|  |TAMS 0x000000070d500000, 0x000000070d500000| Untracked 
| 192|0x000000070d600000, 0x000000070d600000, 0x000000070d700000|  0%| F|  |TAMS 0x000000070d600000, 0x000000070d600000| Untracked 
| 193|0x000000070d700000, 0x000000070d700000, 0x000000070d800000|  0%| F|  |TAMS 0x000000070d700000, 0x000000070d700000| Untracked 
| 194|0x000000070d800000, 0x000000070d800000, 0x000000070d900000|  0%| F|  |TAMS 0x000000070d800000, 0x000000070d800000| Untracked 
| 195|0x000000070d900000, 0x000000070d900000, 0x000000070da00000|  0%| F|  |TAMS 0x000000070d900000, 0x000000070d900000| Untracked 
| 196|0x000000070da00000, 0x000000070da00000, 0x000000070db00000|  0%| F|  |TAMS 0x000000070da00000, 0x000000070da00000| Untracked 
| 197|0x000000070db00000, 0x000000070db00000, 0x000000070dc00000|  0%| F|  |TAMS 0x000000070db00000, 0x000000070db00000| Untracked 
| 198|0x000000070dc00000, 0x000000070dc00000, 0x000000070dd00000|  0%| F|  |TAMS 0x000000070dc00000, 0x000000070dc00000| Untracked 
| 199|0x000000070dd00000, 0x000000070dd00000, 0x000000070de00000|  0%| F|  |TAMS 0x000000070dd00000, 0x000000070dd00000| Untracked 
| 200|0x000000070de00000, 0x000000070de00000, 0x000000070df00000|  0%| F|  |TAMS 0x000000070de00000, 0x000000070de00000| Untracked 
| 201|0x000000070df00000, 0x000000070df00000, 0x000000070e000000|  0%| F|  |TAMS 0x000000070df00000, 0x000000070df00000| Untracked 
| 202|0x000000070e000000, 0x000000070e000000, 0x000000070e100000|  0%| F|  |TAMS 0x000000070e000000, 0x000000070e000000| Untracked 
| 203|0x000000070e100000, 0x000000070e100000, 0x000000070e200000|  0%| F|  |TAMS 0x000000070e100000, 0x000000070e100000| Untracked 
| 204|0x000000070e200000, 0x000000070e200000, 0x000000070e300000|  0%| F|  |TAMS 0x000000070e200000, 0x000000070e200000| Untracked 
| 205|0x000000070e300000, 0x000000070e300000, 0x000000070e400000|  0%| F|  |TAMS 0x000000070e300000, 0x000000070e300000| Untracked 
| 206|0x000000070e400000, 0x000000070e400000, 0x000000070e500000|  0%| F|  |TAMS 0x000000070e400000, 0x000000070e400000| Untracked 
| 207|0x000000070e500000, 0x000000070e500000, 0x000000070e600000|  0%| F|  |TAMS 0x000000070e500000, 0x000000070e500000| Untracked 
| 208|0x000000070e600000, 0x000000070e600000, 0x000000070e700000|  0%| F|  |TAMS 0x000000070e600000, 0x000000070e600000| Untracked 
| 209|0x000000070e700000, 0x000000070e700000, 0x000000070e800000|  0%| F|  |TAMS 0x000000070e700000, 0x000000070e700000| Untracked 
| 210|0x000000070e800000, 0x000000070e800000, 0x000000070e900000|  0%| F|  |TAMS 0x000000070e800000, 0x000000070e800000| Untracked 
| 211|0x000000070e900000, 0x000000070e900000, 0x000000070ea00000|  0%| F|  |TAMS 0x000000070e900000, 0x000000070e900000| Untracked 
| 212|0x000000070ea00000, 0x000000070ea00000, 0x000000070eb00000|  0%| F|  |TAMS 0x000000070ea00000, 0x000000070ea00000| Untracked 
| 213|0x000000070eb00000, 0x000000070eb00000, 0x000000070ec00000|  0%| F|  |TAMS 0x000000070eb00000, 0x000000070eb00000| Untracked 
| 214|0x000000070ec00000, 0x000000070ec00000, 0x000000070ed00000|  0%| F|  |TAMS 0x000000070ec00000, 0x000000070ec00000| Untracked 
| 215|0x000000070ed00000, 0x000000070ed00000, 0x000000070ee00000|  0%| F|  |TAMS 0x000000070ed00000, 0x000000070ed00000| Untracked 
| 216|0x000000070ee00000, 0x000000070ee00000, 0x000000070ef00000|  0%| F|  |TAMS 0x000000070ee00000, 0x000000070ee00000| Untracked 
| 217|0x000000070ef00000, 0x000000070ef00000, 0x000000070f000000|  0%| F|  |TAMS 0x000000070ef00000, 0x000000070ef00000| Untracked 
| 218|0x000000070f000000, 0x000000070f000000, 0x000000070f100000|  0%| F|  |TAMS 0x000000070f000000, 0x000000070f000000| Untracked 
| 219|0x000000070f100000, 0x000000070f100000, 0x000000070f200000|  0%| F|  |TAMS 0x000000070f100000, 0x000000070f100000| Untracked 
| 220|0x000000070f200000, 0x000000070f200000, 0x000000070f300000|  0%| F|  |TAMS 0x000000070f200000, 0x000000070f200000| Untracked 
| 221|0x000000070f300000, 0x000000070f300000, 0x000000070f400000|  0%| F|  |TAMS 0x000000070f300000, 0x000000070f300000| Untracked 
| 222|0x000000070f400000, 0x000000070f400000, 0x000000070f500000|  0%| F|  |TAMS 0x000000070f400000, 0x000000070f400000| Untracked 
| 223|0x000000070f500000, 0x000000070f500000, 0x000000070f600000|  0%| F|  |TAMS 0x000000070f500000, 0x000000070f500000| Untracked 
| 224|0x000000070f600000, 0x000000070f600000, 0x000000070f700000|  0%| F|  |TAMS 0x000000070f600000, 0x000000070f600000| Untracked 
| 225|0x000000070f700000, 0x000000070f700000, 0x000000070f800000|  0%| F|  |TAMS 0x000000070f700000, 0x000000070f700000| Untracked 
| 226|0x000000070f800000, 0x000000070f800000, 0x000000070f900000|  0%| F|  |TAMS 0x000000070f800000, 0x000000070f800000| Untracked 
| 227|0x000000070f900000, 0x000000070f900000, 0x000000070fa00000|  0%| F|  |TAMS 0x000000070f900000, 0x000000070f900000| Untracked 
| 228|0x000000070fa00000, 0x000000070fa00000, 0x000000070fb00000|  0%| F|  |TAMS 0x000000070fa00000, 0x000000070fa00000| Untracked 
| 229|0x000000070fb00000, 0x000000070fb00000, 0x000000070fc00000|  0%| F|  |TAMS 0x000000070fb00000, 0x000000070fb00000| Untracked 
| 230|0x000000070fc00000, 0x000000070fc00000, 0x000000070fd00000|  0%| F|  |TAMS 0x000000070fc00000, 0x000000070fc00000| Untracked 
| 231|0x000000070fd00000, 0x000000070fd00000, 0x000000070fe00000|  0%| F|  |TAMS 0x000000070fd00000, 0x000000070fd00000| Untracked 
| 232|0x000000070fe00000, 0x000000070fe00000, 0x000000070ff00000|  0%| F|  |TAMS 0x000000070fe00000, 0x000000070fe00000| Untracked 
| 233|0x000000070ff00000, 0x000000070ff87e38, 0x0000000710000000| 53%| E|  |TAMS 0x000000070ff00000, 0x000000070ff00000| Complete 
| 234|0x0000000710000000, 0x0000000710100000, 0x0000000710100000|100%| E|  |TAMS 0x0000000710000000, 0x0000000710000000| Complete 
| 235|0x0000000710100000, 0x0000000710200000, 0x0000000710200000|100%| E|CS|TAMS 0x0000000710100000, 0x0000000710100000| Complete 
| 236|0x0000000710200000, 0x0000000710300000, 0x0000000710300000|100%| E|CS|TAMS 0x0000000710200000, 0x0000000710200000| Complete 
| 237|0x0000000710300000, 0x0000000710400000, 0x0000000710400000|100%| E|CS|TAMS 0x0000000710300000, 0x0000000710300000| Complete 
| 238|0x0000000710400000, 0x0000000710500000, 0x0000000710500000|100%| E|CS|TAMS 0x0000000710400000, 0x0000000710400000| Complete 
| 239|0x0000000710500000, 0x0000000710600000, 0x0000000710600000|100%| E|CS|TAMS 0x0000000710500000, 0x0000000710500000| Complete 
| 240|0x0000000710600000, 0x0000000710700000, 0x0000000710700000|100%| E|CS|TAMS 0x0000000710600000, 0x0000000710600000| Complete 
| 241|0x0000000710700000, 0x0000000710800000, 0x0000000710800000|100%| E|CS|TAMS 0x0000000710700000, 0x0000000710700000| Complete 
| 242|0x0000000710800000, 0x0000000710900000, 0x0000000710900000|100%| E|CS|TAMS 0x0000000710800000, 0x0000000710800000| Complete 
| 243|0x0000000710900000, 0x0000000710a00000, 0x0000000710a00000|100%| E|CS|TAMS 0x0000000710900000, 0x0000000710900000| Complete 
| 244|0x0000000710a00000, 0x0000000710b00000, 0x0000000710b00000|100%| E|CS|TAMS 0x0000000710a00000, 0x0000000710a00000| Complete 
| 245|0x0000000710b00000, 0x0000000710c00000, 0x0000000710c00000|100%| E|CS|TAMS 0x0000000710b00000, 0x0000000710b00000| Complete 
| 246|0x0000000710c00000, 0x0000000710d00000, 0x0000000710d00000|100%| E|CS|TAMS 0x0000000710c00000, 0x0000000710c00000| Complete 
| 247|0x0000000710d00000, 0x0000000710e00000, 0x0000000710e00000|100%| E|CS|TAMS 0x0000000710d00000, 0x0000000710d00000| Complete 
| 248|0x0000000710e00000, 0x0000000710f00000, 0x0000000710f00000|100%| E|CS|TAMS 0x0000000710e00000, 0x0000000710e00000| Complete 
| 249|0x0000000710f00000, 0x0000000711000000, 0x0000000711000000|100%| E|CS|TAMS 0x0000000710f00000, 0x0000000710f00000| Complete 
| 250|0x0000000711000000, 0x0000000711100000, 0x0000000711100000|100%| E|CS|TAMS 0x0000000711000000, 0x0000000711000000| Complete 
| 251|0x0000000711100000, 0x0000000711200000, 0x0000000711200000|100%| E|CS|TAMS 0x0000000711100000, 0x0000000711100000| Complete 
| 252|0x0000000711200000, 0x0000000711300000, 0x0000000711300000|100%| E|CS|TAMS 0x0000000711200000, 0x0000000711200000| Complete 
| 253|0x0000000711300000, 0x0000000711400000, 0x0000000711400000|100%| E|CS|TAMS 0x0000000711300000, 0x0000000711300000| Complete 
| 254|0x0000000711400000, 0x0000000711500000, 0x0000000711500000|100%| E|CS|TAMS 0x0000000711400000, 0x0000000711400000| Complete 
| 255|0x0000000711500000, 0x0000000711600000, 0x0000000711600000|100%| E|CS|TAMS 0x0000000711500000, 0x0000000711500000| Complete 

Card table byte_map: [0x000001ea97ed0000,0x000001ea986d0000] _byte_map_base: 0x000001ea946c5000

Marking Bits (Prev, Next): (CMBitMap*) 0x000001eafea2f6c8, (CMBitMap*) 0x000001eafea2f708
 Prev Bits: [0x000001ea98ed0000, 0x000001ea9ce78000)
 Next Bits: [0x000001ea9ce80000, 0x000001eaa0e28000)

Polling page: 0x000001eafc640000

Metaspace:

Usage:
  Non-class:      9.13 MB capacity,     6.56 MB ( 72%) used,     2.56 MB ( 28%) free+waste,     9.56 KB ( <1%) overhead. 
      Class:    630.00 KB capacity,   335.78 KB ( 53%) used,   290.72 KB ( 46%) free+waste,     3.50 KB ( <1%) overhead. 
       Both:      9.74 MB capacity,     6.88 MB ( 71%) used,     2.85 MB ( 29%) free+waste,    13.06 KB ( <1%) overhead. 

Virtual space:
  Non-class space:       10.00 MB reserved,       9.25 MB ( 93%) committed 
      Class space:        1.00 GB reserved,     640.00 KB ( <1%) committed 
             Both:        1.01 GB reserved,       9.88 MB ( <1%) committed 

Chunk freelists:
   Non-Class:  60.00 KB
       Class:  10.00 KB
        Both:  70.00 KB

MaxMetaspaceSize: 17179869184.00 GB
CompressedClassSpaceSize: 1.00 GB

CodeHeap 'non-profiled nmethods': size=119168Kb used=272Kb max_used=272Kb free=118895Kb
 bounds [0x000001ea90270000, 0x000001ea904e0000, 0x000001ea976d0000]
CodeHeap 'profiled nmethods': size=119104Kb used=1554Kb max_used=1554Kb free=117549Kb
 bounds [0x000001ea88e20000, 0x000001ea89090000, 0x000001ea90270000]
CodeHeap 'non-nmethods': size=7488Kb used=1625Kb max_used=3330Kb free=5862Kb
 bounds [0x000001ea886d0000, 0x000001ea88a20000, 0x000001ea88e20000]
 total_blobs=2373 nmethods=876 adapters=929
 compilation: enabled
              stopped_count=0, restarted_count=0
 full_count=0

Compilation events (20 events):
Event: 4.195 Thread 0x000001eaa472c800  867       4       org.joml.MemUtil$MemUtilUnsafe::put (40 bytes)
Event: 4.196 Thread 0x000001eaa472c800 nmethod 867 0x000001ea902b0e10 code [0x000001ea902b0fa0, 0x000001ea902b1098]
Event: 4.196 Thread 0x000001eaa472c800  868       4       org.lwjgl.glfw.GLFW::glfwGetKey (22 bytes)
Event: 4.197 Thread 0x000001eaa485a000  872       4       educanet.Game::update (277 bytes)
Event: 4.197 Thread 0x000001eaae3c5800  869       4       org.lwjgl.opengl.GL11::glClearColor (8 bytes)
Event: 4.197 Thread 0x000001eaa472c800 nmethod 868 0x000001ea902b1190 code [0x000001ea902b1320, 0x000001ea902b13e8]
Event: 4.197 Thread 0x000001eaa472c800  870       4       org.lwjgl.opengl.GL11::glClear (5 bytes)
Event: 4.197 Thread 0x000001eaae3c5800 nmethod 869 0x000001ea902b1510 code [0x000001ea902b16a0, 0x000001ea902b1708]
Event: 4.197 Thread 0x000001eaae3c5800  871       4       educanet.Game::render (19 bytes)
Event: 4.197 Thread 0x000001eaa472c800 nmethod 870 0x000001ea902b1810 code [0x000001ea902b19a0, 0x000001ea902b1a08]
Event: 4.197 Thread 0x000001eaa472c800  873       4       org.lwjgl.glfw.GLFW::glfwSwapBuffers (21 bytes)
Event: 4.197 Thread 0x000001eaae3c5800 nmethod 871 0x000001ea902b1b10 code [0x000001ea902b1ca0, 0x000001ea902b1d38]
Event: 4.197 Thread 0x000001eaa472c800 nmethod 873 0x000001ea902b1e90 code [0x000001ea902b2020, 0x000001ea902b20c8]
Event: 4.202 Thread 0x000001eaa485a000 nmethod 872 0x000001ea902b2190 code [0x000001ea902b2400, 0x000001ea902b29e8]
Event: 4.570 Thread 0x000001eaa472c800  874       4       org.lwjgl.glfw.GLFW::glfwPollEvents (12 bytes)
Event: 4.570 Thread 0x000001eaa472c800 nmethod 874 0x000001ea902b2c90 code [0x000001ea902b2e20, 0x000001ea902b2e88]
Event: 5.559 Thread 0x000001eaa4735800  875       3       educanet.Game::update (277 bytes)
Event: 5.560 Thread 0x000001eaa4735800 nmethod 875 0x000001ea88fa2f90 code [0x000001ea88fa33e0, 0x000001ea88fa44d8]
Event: 7.751 Thread 0x000001eaa472c800  876       4       educanet.Game::update (277 bytes)
Event: 7.763 Thread 0x000001eaa472c800 nmethod 876 0x000001ea902b2f90 code [0x000001ea902b3240, 0x000001ea902b3e08]

GC Heap History (0 events):
No events

Deoptimization events (20 events):
Event: 0.996 Thread 0x000001eafe9c4800 DEOPT PACKING pc=0x000001ea88e5666d sp=0x000000a9708fde90
Event: 0.996 Thread 0x000001eafe9c4800 DEOPT UNPACKING pc=0x000001ea8871964e sp=0x000000a9708fd2f0 mode 0
Event: 1.070 Thread 0x000001eafe9c4800 DEOPT PACKING pc=0x000001ea88e6c25f sp=0x000000a9708fd9d0
Event: 1.070 Thread 0x000001eafe9c4800 DEOPT UNPACKING pc=0x000001ea8871964e sp=0x000000a9708fce20 mode 0
Event: 1.115 Thread 0x000001eafe9c4800 Uncommon trap: trap_request=0xffffff54 fr.pc=0x000001ea90297490 relative=0x0000000000000070
Event: 1.115 Thread 0x000001eafe9c4800 Uncommon trap: reason=speculate_null_assert action=make_not_entrant pc=0x000001ea90297490 method=sun.misc.Unsafe.putLong(Ljava/lang/Object;JJ)V @ 7 c2
Event: 1.115 Thread 0x000001eafe9c4800 DEOPT PACKING pc=0x000001ea90297490 sp=0x000000a9708fefe0
Event: 1.115 Thread 0x000001eafe9c4800 DEOPT UNPACKING pc=0x000001ea8871912f sp=0x000000a9708fef58 mode 2
Event: 1.373 Thread 0x000001eafe9c4800 Uncommon trap: trap_request=0xffffff54 fr.pc=0x000001ea902adc08 relative=0x0000000000000068
Event: 1.373 Thread 0x000001eafe9c4800 Uncommon trap: reason=speculate_null_assert action=make_not_entrant pc=0x000001ea902adc08 method=sun.misc.Unsafe.getLong(Ljava/lang/Object;J)J @ 5 c2
Event: 1.373 Thread 0x000001eafe9c4800 DEOPT PACKING pc=0x000001ea902adc08 sp=0x000000a9708ff280
Event: 1.373 Thread 0x000001eafe9c4800 DEOPT UNPACKING pc=0x000001ea8871912f sp=0x000000a9708ff208 mode 2
Event: 5.515 Thread 0x000001eafe9c4800 Uncommon trap: trap_request=0xffffff45 fr.pc=0x000001ea902b27dc relative=0x00000000000003dc
Event: 5.515 Thread 0x000001eafe9c4800 Uncommon trap: reason=unstable_if action=reinterpret pc=0x000001ea902b27dc method=educanet.Game.update(J)V @ 5 c2
Event: 5.515 Thread 0x000001eafe9c4800 DEOPT PACKING pc=0x000001ea902b27dc sp=0x000000a9708ff3c0
Event: 5.515 Thread 0x000001eafe9c4800 DEOPT UNPACKING pc=0x000001ea8871912f sp=0x000000a9708ff380 mode 2
Event: 9.023 Thread 0x000001eafe9c4800 Uncommon trap: trap_request=0xffffff45 fr.pc=0x000001ea902b0cc4 relative=0x0000000000000084
Event: 9.023 Thread 0x000001eafe9c4800 Uncommon trap: reason=unstable_if action=reinterpret pc=0x000001ea902b0cc4 method=org.lwjgl.glfw.GLFW.glfwWindowShouldClose(J)Z @ 20 c2
Event: 9.023 Thread 0x000001eafe9c4800 DEOPT PACKING pc=0x000001ea902b0cc4 sp=0x000000a9708ff3e0
Event: 9.023 Thread 0x000001eafe9c4800 DEOPT UNPACKING pc=0x000001ea8871912f sp=0x000000a9708ff370 mode 2

Classes unloaded (0 events):
No events

Classes redefined (0 events):
No events

Internal exceptions (11 events):
Event: 0.086 Thread 0x000001eafe9c4800 Exception <a 'java/lang/NoSuchMethodError'{0x000000071110e828}: 'void java.lang.invoke.DelegatingMethodHandle$Holder.delegate(java.lang.Object, java.lang.Object, int, java.lang.Object)'> (0x000000071110e828) 
thrown [t:/workspace/open/src/hotspot/share/interpreter/linkResolver.cpp, line 766]
Event: 0.087 Thread 0x000001eafe9c4800 Exception <a 'java/lang/NoSuchMethodError'{0x0000000711115280}: 'java.lang.Object java.lang.invoke.DirectMethodHandle$Holder.invokeStaticInit(java.lang.Object, java.lang.Object, java.lang.Object)'> (0x0000000711115280) 
thrown [t:/workspace/open/src/hotspot/share/interpreter/linkResolver.cpp, line 766]
Event: 0.115 Thread 0x000001eafe9c4800 Exception <a 'sun/nio/fs/WindowsException'{0x00000007111eb088}> (0x00000007111eb088) 
thrown [t:/workspace/open/src/hotspot/share/prims/jni.cpp, line 599]
Event: 0.115 Thread 0x000001eafe9c4800 Exception <a 'sun/nio/fs/WindowsException'{0x00000007111eb5e0}> (0x00000007111eb5e0) 
thrown [t:/workspace/open/src/hotspot/share/prims/jni.cpp, line 599]
Event: 0.121 Thread 0x000001eafe9c4800 Exception <a 'sun/nio/fs/WindowsException'{0x0000000711016df0}> (0x0000000711016df0) 
thrown [t:/workspace/open/src/hotspot/share/prims/jni.cpp, line 599]
Event: 0.121 Thread 0x000001eafe9c4800 Exception <a 'sun/nio/fs/WindowsException'{0x0000000711017160}> (0x0000000711017160) 
thrown [t:/workspace/open/src/hotspot/share/prims/jni.cpp, line 599]
Event: 0.999 Thread 0x000001eafe9c4800 Exception <a 'sun/nio/fs/WindowsException'{0x0000000710f87eb0}> (0x0000000710f87eb0) 
thrown [t:/workspace/open/src/hotspot/share/prims/jni.cpp, line 599]
Event: 0.999 Thread 0x000001eafe9c4800 Exception <a 'sun/nio/fs/WindowsException'{0x0000000710f88260}> (0x0000000710f88260) 
thrown [t:/workspace/open/src/hotspot/share/prims/jni.cpp, line 599]
Event: 1.002 Thread 0x000001eafe9c4800 Exception <a 'sun/nio/fs/WindowsException'{0x0000000710fa6b20}> (0x0000000710fa6b20) 
thrown [t:/workspace/open/src/hotspot/share/prims/jni.cpp, line 599]
Event: 1.002 Thread 0x000001eafe9c4800 Exception <a 'sun/nio/fs/WindowsException'{0x0000000710fa6e08}> (0x0000000710fa6e08) 
thrown [t:/workspace/open/src/hotspot/share/prims/jni.cpp, line 599]
Event: 1.122 Thread 0x000001eafe9c4800 Exception <a 'java/lang/NoSuchMethodError'{0x0000000710573770}: 'void java.lang.invoke.DirectMethodHandle$Holder.invokeStatic(java.lang.Object, long, int, int)'> (0x0000000710573770) 
thrown [t:/workspace/open/src/hotspot/share/interpreter/linkResolver.cpp, line 766]

Events (20 events):
Event: 1.232 loading class java/lang/NumberFormatException
Event: 1.232 loading class java/lang/NumberFormatException done
Event: 1.372 Thread 0x000001eaae0b5800 Thread exited: 0x000001eaae0b5800
Event: 1.372 Thread 0x000001eaae0b5000 Thread exited: 0x000001eaae0b5000
Event: 1.467 Loaded shared library C:\Users\bezou\AppData\Local\Temp\lwjglbezou\3.2.3-build-13\lwjgl_opengl.dll
Event: 1.469 Loaded shared library C:\Users\bezou\AppData\Local\Temp\lwjglbezou\3.2.3-build-13\lwjgl.dll
Event: 1.470 Loaded shared library C:\Users\bezou\AppData\Local\Temp\lwjglbezou\3.2.3-build-13\lwjgl.dll
Event: 1.474 Loaded shared library C:\Users\bezou\AppData\Local\Temp\lwjglbezou\3.2.3-build-13\lwjgl_opengl.dll
Event: 1.477 Loaded shared library C:\Users\bezou\AppData\Local\Temp\lwjglbezou\3.2.3-build-13\lwjgl_opengl.dll
Event: 1.480 Loaded shared library C:\Users\bezou\AppData\Local\Temp\lwjglbezou\3.2.3-build-13\lwjgl_opengl.dll
Event: 1.482 Loaded shared library C:\Users\bezou\AppData\Local\Temp\lwjglbezou\3.2.3-build-13\lwjgl.dll
Event: 1.534 Loaded shared library C:\Users\bezou\AppData\Local\Temp\lwjglbezou\3.2.3-build-13\lwjgl_opengl.dll
Event: 1.535 Loaded shared library C:\Users\bezou\AppData\Local\Temp\lwjglbezou\3.2.3-build-13\lwjgl.dll
Event: 2.664 Thread 0x000001eaae3c5800 Thread exited: 0x000001eaae3c5800
Event: 3.825 Thread 0x000001eaa485d000 Thread exited: 0x000001eaa485d000
Event: 3.826 Thread 0x000001eaa485a000 Thread exited: 0x000001eaa485a000
Event: 4.196 Thread 0x000001eaa485a000 Thread added: 0x000001eaa485a000
Event: 4.196 Thread 0x000001eaae3c5800 Thread added: 0x000001eaae3c5800
Event: 4.570 Thread 0x000001eaae3c5800 Thread exited: 0x000001eaae3c5800
Event: 4.570 Thread 0x000001eaa485a000 Thread exited: 0x000001eaa485a000


Dynamic libraries:
0x00007ff738f90000 - 0x00007ff738f9f000 	C:\Program Files\Java\jdk-14\bin\java.exe
0x00007ffcad510000 - 0x00007ffcad705000 	C:\WINDOWS\SYSTEM32\ntdll.dll
0x00007ffc75e90000 - 0x00007ffc75ea3000 	C:\Program Files\AVAST Software\Avast\aswhook.dll
0x00007ffcac070000 - 0x00007ffcac12d000 	C:\WINDOWS\System32\KERNEL32.DLL
0x00007ffcab060000 - 0x00007ffcab328000 	C:\WINDOWS\System32\KERNELBASE.dll
0x00007ffca8520000 - 0x00007ffca85b0000 	C:\WINDOWS\SYSTEM32\apphelp.dll
0x00007ffc5b880000 - 0x00007ffc5bd14000 	C:\WINDOWS\SYSTEM32\AcLayers.DLL
0x00007ffcacba0000 - 0x00007ffcacc3e000 	C:\WINDOWS\System32\msvcrt.dll
0x00007ffcac4e0000 - 0x00007ffcac680000 	C:\WINDOWS\System32\USER32.dll
0x00007ffcaae80000 - 0x00007ffcaaea2000 	C:\WINDOWS\System32\win32u.dll
0x00007ffcac290000 - 0x00007ffcac2ba000 	C:\WINDOWS\System32\GDI32.dll
0x00007ffcab430000 - 0x00007ffcab53b000 	C:\WINDOWS\System32\gdi32full.dll
0x00007ffcaad00000 - 0x00007ffcaad9d000 	C:\WINDOWS\System32\msvcp_win.dll
0x00007ffcab330000 - 0x00007ffcab430000 	C:\WINDOWS\System32\ucrtbase.dll
0x00007ffcad400000 - 0x00007ffcad455000 	C:\WINDOWS\System32\SHLWAPI.dll
0x00007ffcac130000 - 0x00007ffcac1dc000 	C:\WINDOWS\System32\ADVAPI32.dll
0x00007ffcacb00000 - 0x00007ffcacb9b000 	C:\WINDOWS\System32\sechost.dll
0x00007ffcad2d0000 - 0x00007ffcad3fb000 	C:\WINDOWS\System32\RPCRT4.dll
0x000001eafc5e0000 - 0x000001eafc5e3000 	C:\WINDOWS\SYSTEM32\sfc.dll
0x00007ffc71bc0000 - 0x00007ffc71c4e000 	C:\WINDOWS\SYSTEM32\WINSPOOL.DRV
0x00007ffc84590000 - 0x00007ffc845a2000 	C:\WINDOWS\SYSTEM32\sfc_os.DLL
0x00007ffcabce0000 - 0x00007ffcabd10000 	C:\WINDOWS\System32\IMM32.DLL
0x00007ffca5820000 - 0x00007ffca5838000 	C:\Program Files\Java\jdk-14\bin\jli.dll
0x00007ffca5840000 - 0x00007ffca5855000 	C:\Program Files\Java\jdk-14\bin\VCRUNTIME140.dll
0x00007ffc93890000 - 0x00007ffc93b2a000 	C:\WINDOWS\WinSxS\amd64_microsoft.windows.common-controls_6595b64144ccf1df_6.0.19041.844_none_ca00b6081b84eb1d\COMCTL32.dll
0x00007ffca17d0000 - 0x00007ffca17da000 	C:\WINDOWS\SYSTEM32\VERSION.dll
0x00007ffc85a50000 - 0x00007ffc85aeb000 	C:\Program Files\Java\jdk-14\bin\msvcp140.dll
0x00007ffc1dd80000 - 0x00007ffc1e89f000 	C:\Program Files\Java\jdk-14\bin\server\jvm.dll
0x00007ffcabcc0000 - 0x00007ffcabcc8000 	C:\WINDOWS\System32\PSAPI.DLL
0x00007ffc9b8c0000 - 0x00007ffc9b8c9000 	C:\WINDOWS\SYSTEM32\WSOCK32.dll
0x00007ffca03b0000 - 0x00007ffca03d7000 	C:\WINDOWS\SYSTEM32\WINMM.dll
0x00007ffcad460000 - 0x00007ffcad4cb000 	C:\WINDOWS\System32\WS2_32.dll
0x00007ffca8ad0000 - 0x00007ffca8ae2000 	C:\WINDOWS\SYSTEM32\kernel.appcore.dll
0x00007ffca6a10000 - 0x00007ffca6a1a000 	C:\Program Files\Java\jdk-14\bin\jimage.dll
0x00007ffca3700000 - 0x00007ffca38e4000 	C:\WINDOWS\SYSTEM32\DBGHELP.DLL
0x00007ffca0b10000 - 0x00007ffca0b3c000 	C:\WINDOWS\SYSTEM32\dbgcore.DLL
0x00007ffcaada0000 - 0x00007ffcaae20000 	C:\WINDOWS\System32\bcryptPrimitives.dll
0x00007ffc9c110000 - 0x00007ffc9c135000 	C:\Program Files\Java\jdk-14\bin\java.dll
0x00007ffca5780000 - 0x00007ffca5797000 	C:\Program Files\Java\jdk-14\bin\zip.dll
0x00007ffcab570000 - 0x00007ffcabcb2000 	C:\WINDOWS\System32\SHELL32.dll
0x00007ffca8db0000 - 0x00007ffca9541000 	C:\WINDOWS\SYSTEM32\windows.storage.dll
0x00007ffcabd10000 - 0x00007ffcac065000 	C:\WINDOWS\System32\combase.dll
0x00007ffcaa6c0000 - 0x00007ffcaa6ec000 	C:\WINDOWS\SYSTEM32\Wldp.dll
0x00007ffcac1e0000 - 0x00007ffcac28e000 	C:\WINDOWS\System32\SHCORE.dll
0x00007ffcaab90000 - 0x00007ffcaabaf000 	C:\WINDOWS\SYSTEM32\profapi.dll
0x00007ffc9cc40000 - 0x00007ffc9cc59000 	C:\Program Files\Java\jdk-14\bin\net.dll
0x00007ffca2680000 - 0x00007ffca278b000 	C:\WINDOWS\SYSTEM32\WINHTTP.dll
0x00007ffcaa430000 - 0x00007ffcaa49a000 	C:\WINDOWS\system32\mswsock.dll
0x00007ffc98be0000 - 0x00007ffc98bf2000 	C:\Program Files\Java\jdk-14\bin\nio.dll
0x00007ffca0340000 - 0x00007ffca03a4000 	C:\Users\bezou\AppData\Local\Temp\lwjglbezou\3.2.3-build-13\lwjgl.dll
0x00007ffc9c220000 - 0x00007ffc9c282000 	C:\Users\bezou\AppData\Local\Temp\lwjglbezou\3.2.3-build-13\glfw.dll
0x00007ffca8610000 - 0x00007ffca86ae000 	C:\WINDOWS\system32\uxtheme.dll
0x00007ffc9c1d0000 - 0x00007ffc9c215000 	C:\WINDOWS\SYSTEM32\dinput8.dll
0x00007ffc97f40000 - 0x00007ffc97f51000 	C:\WINDOWS\SYSTEM32\xinput1_4.dll
0x00007ffcab010000 - 0x00007ffcab05e000 	C:\WINDOWS\System32\cfgmgr32.dll
0x00007ffcaaa00000 - 0x00007ffcaaa2c000 	C:\WINDOWS\SYSTEM32\DEVOBJ.dll
0x00007ffca8aa0000 - 0x00007ffca8acf000 	C:\WINDOWS\SYSTEM32\dwmapi.dll
0x00007ffca0620000 - 0x00007ffca0772000 	C:\WINDOWS\SYSTEM32\inputhost.dll
0x00007ffcac830000 - 0x00007ffcac8fd000 	C:\WINDOWS\System32\OLEAUT32.dll
0x00007ffca6c30000 - 0x00007ffca6d84000 	C:\WINDOWS\SYSTEM32\wintypes.dll
0x00007ffca82f0000 - 0x00007ffca83e2000 	C:\WINDOWS\SYSTEM32\CoreMessaging.dll
0x00007ffca6400000 - 0x00007ffca64f7000 	C:\WINDOWS\SYSTEM32\PROPSYS.dll
0x00007ffca7f90000 - 0x00007ffca82ee000 	C:\WINDOWS\SYSTEM32\CoreUIComponents.dll
0x00007ffca9990000 - 0x00007ffca99c3000 	C:\WINDOWS\SYSTEM32\ntmarta.dll
0x00007ffcacd20000 - 0x00007ffcace35000 	C:\WINDOWS\System32\MSCTF.dll
0x00007ffc5a5b0000 - 0x00007ffc5a6ab000 	C:\ProgramData\A-Volute\A-Volute.28054DF1F58B4\Modules\ScheduledModules\x64\A-Volute.SonicRadar3DevProps2.dll
0x00007ffcac3b0000 - 0x00007ffcac4da000 	C:\WINDOWS\System32\ole32.dll
0x00007ffc5ad30000 - 0x00007ffc5addc000 	C:\ProgramData\A-Volute\A-Volute.28054DF1F58B4\Modules\ScheduledModules\x64\NahimicOSD.dll
0x00007ffca57e0000 - 0x00007ffca5800000 	C:\ProgramData\A-Volute\A-Volute.28054DF1F58B4\Modules\ScheduledModules\x64\ProductInfo.dll
0x00007ffc5a880000 - 0x00007ffc5a97b000 	C:\ProgramData\A-Volute\A-Volute.SonicStudio3\Modules\ScheduledModules\x64\A-Volute.SonicStudio3DevProps2.dll
0x00007ffca9550000 - 0x00007ffca955d000 	C:\WINDOWS\SYSTEM32\HID.DLL
0x00007ffcace40000 - 0x00007ffcad2a9000 	C:\WINDOWS\System32\SETUPAPI.DLL
0x000001eaa6080000 - 0x000001eaa60a7000 	C:\WINDOWS\System32\bcrypt.dll
0x00007ffcaae20000 - 0x00007ffcaae80000 	C:\WINDOWS\System32\WINTRUST.dll
0x000001eaa62d0000 - 0x000001eaa642f000 	C:\WINDOWS\System32\CRYPT32.dll
0x00007ffcaa840000 - 0x00007ffcaa852000 	C:\WINDOWS\SYSTEM32\MSASN1.dll
0x00007ffc37680000 - 0x00007ffc377a6000 	C:\WINDOWS\SYSTEM32\opengl32.dll
0x00007ffc61960000 - 0x00007ffc6198c000 	C:\WINDOWS\SYSTEM32\GLU32.dll
0x00007ffcaca50000 - 0x00007ffcacaf9000 	C:\WINDOWS\System32\clbcatq.dll
0x00007ffc56110000 - 0x00007ffc5613b000 	C:\WINDOWS\System32\DriverStore\FileRepository\u0366490.inf_amd64_c0dea8a43cb81731\B366217\atig6pxx.dll
0x00007ffc33cd0000 - 0x00007ffc36aba000 	C:\WINDOWS\System32\DriverStore\FileRepository\u0366490.inf_amd64_c0dea8a43cb81731\B366217\atio6axx.dll
0x00007ffc7cb20000 - 0x00007ffc7cb44000 	C:\WINDOWS\SYSTEM32\dxva2.dll
0x00007ffc529c0000 - 0x00007ffc529fc000 	C:\WINDOWS\System32\DriverStore\FileRepository\u0366490.inf_amd64_c0dea8a43cb81731\B366217\atig6txx.dll
0x00007ffc61790000 - 0x00007ffc61943000 	C:\WINDOWS\SYSTEM32\atiadlxx.dll
0x00007ffc8f870000 - 0x00007ffc8f8c4000 	C:\WINDOWS\SYSTEM32\pdh.dll
0x00007ffca0ad0000 - 0x00007ffca0b0b000 	C:\WINDOWS\SYSTEM32\dxcore.dll
0x00007ffc5a3a0000 - 0x00007ffc5a56e000 	C:\WINDOWS\SYSTEM32\d3d9.dll
0x00007ffca0780000 - 0x00007ffca0879000 	C:\WINDOWS\SYSTEM32\textinputframework.dll
0x00007ffc9c170000 - 0x00007ffc9c1c9000 	C:\Users\bezou\AppData\Local\Temp\lwjglbezou\3.2.3-build-13\lwjgl_opengl.dll
0x00007ffca5fd0000 - 0x00007ffca5fe0000 	C:\Program Files\Java\jdk-14\bin\verify.dll

dbghelp: loaded successfully - version: 4.0.5 - missing functions: none
symbol engine: initialized successfully - sym options: 0x614 - pdb path: .;C:\Program Files\Java\jdk-14\bin;C:\WINDOWS\SYSTEM32;C:\Program Files\AVAST Software\Avast;C:\WINDOWS\WinSxS\amd64_microsoft.windows.common-controls_6595b64144ccf1df_6.0.19041.844_none_ca00b6081b84eb1d;C:\Program Files\Java\jdk-14\bin\server;C:\Users\bezou\AppData\Local\Temp\lwjglbezou\3.2.3-build-13;C:\ProgramData\A-Volute\A-Volute.28054DF1F58B4\Modules\ScheduledModules\x64;C:\ProgramData\A-Volute\A-Volute.SonicStudio3\Modules\ScheduledModules\x64;C:\WINDOWS\System32\DriverStore\FileRepository\u0366490.inf_amd64_c0dea8a43cb81731\B366217

VM Arguments:
jvm_args: -Dfile.encoding=windows-1250 -Duser.country=US -Duser.language=en -Duser.variant 
java_command: educanet.Main
java_class_path (initial): C:\Users\bezou\Disk Google\Educanet\2020-2021\Game dev\ekuel gamedev\openglex2\Matrix\build\classes\java\main;C:\Users\bezou\Disk Google\Educanet\2020-2021\Game dev\ekuel gamedev\openglex2\Matrix\build\resources\main;C:\Users\bezou\.gradle\caches\modules-2\files-2.1\org.lwjgl\lwjgl-assimp\3.2.3\f62aa07a20afbdd3097efc296c4841e0d29700eb\lwjgl-assimp-3.2.3.jar;C:\Users\bezou\.gradle\caches\modules-2\files-2.1\org.lwjgl\lwjgl-assimp\3.2.3\4e60aeb75f0343c4a9ede4ef8b6b32ca702a00a3\lwjgl-assimp-3.2.3-natives-windows.jar;C:\Users\bezou\.gradle\caches\modules-2\files-2.1\org.lwjgl\lwjgl-glfw\3.2.3\5e520d5c290c8b012545a8d34fa5db5ab051ea53\lwjgl-glfw-3.2.3.jar;C:\Users\bezou\.gradle\caches\modules-2\files-2.1\org.lwjgl\lwjgl-glfw\3.2.3\b4d8a3477cdc2edcf7a5f1e822926be846223f54\lwjgl-glfw-3.2.3-natives-windows.jar;C:\Users\bezou\.gradle\caches\modules-2\files-2.1\org.lwjgl\lwjgl-openal\3.2.3\106742e805803ab9eab8e343f0fb31a3d263903c\lwjgl-openal-3.2.3.jar;C:\Users\bezou\.gradle\caches\modules-2\files-2.1\org.lwjgl\lwjgl-openal\3.2.3\ec898e8ce11b5886f4f532a1536283ef2817758d\lwjgl-openal-3.2.3-natives-windows.jar;C:\Users\bezou\.gradle\caches\modules-2\files-2.1\org.lwjgl\lwjgl-opengl\3.2.3\bdd534a323d0c8f54969b95e424b6ac8984f7d6e\lwjgl-opengl-3.2.3.jar;C:\Users\bezou\.gradle\caches\modules-2\files-2.1\org.lwjgl\lwjgl-opengl\3.2.3\e81cfc73ec8708e5e791ed770e4ec3edfc1bbab1\lwjgl-opengl-3.2.3-natives-windows.jar;C:\Users\bezou\.gradle\caches\modules-2\files-2.1\org.lwjgl\lwjgl-stb\3.2.3\40eccaa4fa86fc815f2e17946a392fb5fdcc286a\lwjgl-stb-3.2.3.jar;C:\Users\bezou\.gradle\caches\modules-2\files-2.1\org.lwjgl\lwjgl-stb\3.2.3\817b21ec286f0ba3dcedb56a3bd275e6a9345be9\lwjgl-stb-3.2.3-natives-windows.jar;C:\Users\bezou\.gradle\caches\modules-2\files-2.1\org.lwjgl\lwjgl\3.2.3\17a59ba0fe8d474ec9dbe0d5db40d2cfe59c4c08\lwjgl-3.2.3.jar;C:\Users\bezou\.gradle\caches\modules-2\files-2.1\org.lwjgl\lwjgl\3.2.3\27f32cd35349684745951e04388e8e00d681cdcd\lwjgl-3.2.3-natives-
Launcher Type: SUN_STANDARD

[Global flags]
     intx CICompilerCount                          = 12                                        {product} {ergonomic}
     uint ConcGCThreads                            = 5                                         {product} {ergonomic}
     uint G1ConcRefinementThreads                  = 18                                        {product} {ergonomic}
   size_t G1HeapRegionSize                         = 1048576                                   {product} {ergonomic}
    uintx GCDrainStackTargetSize                   = 64                                        {product} {ergonomic}
   size_t InitialHeapSize                          = 268435456                                 {product} {ergonomic}
   size_t MarkStackSize                            = 4194304                                   {product} {ergonomic}
   size_t MaxHeapSize                              = 4271898624                                {product} {ergonomic}
   size_t MaxNewSize                               = 2562719744                                {product} {ergonomic}
   size_t MinHeapDeltaBytes                        = 1048576                                   {product} {ergonomic}
   size_t MinHeapSize                              = 8388608                                   {product} {ergonomic}
    uintx NonNMethodCodeHeapSize                   = 7602480                                {pd product} {ergonomic}
    uintx NonProfiledCodeHeapSize                  = 122027880                              {pd product} {ergonomic}
    uintx ProfiledCodeHeapSize                     = 122027880                              {pd product} {ergonomic}
    uintx ReservedCodeCacheSize                    = 251658240                              {pd product} {ergonomic}
     bool SegmentedCodeCache                       = true                                      {product} {ergonomic}
   size_t SoftMaxHeapSize                          = 4271898624                             {manageable} {ergonomic}
     bool UseCompressedClassPointers               = true                                 {lp64_product} {ergonomic}
     bool UseCompressedOops                        = true                                 {lp64_product} {ergonomic}
     bool UseG1GC                                  = true                                      {product} {ergonomic}
     bool UseLargePagesIndividualAllocation        = false                                  {pd product} {ergonomic}

Logging:
Log output configuration:
 #0: stdout all=warning uptime,level,tags
 #1: stderr all=off uptime,level,tags

Environment Variables:
CLASSPATH="C:\WINDOWS\system32\QTJava.zip"
PATH=C:\Program Files (x86)\Common Files\Oracle\Java\javapath;C:\Program Files\Oculus\Support\oculus-runtime;C:\Program Files (x86)\NVIDIA Corporation\PhysX\Common;C:\WINDOWS\system32;C:\WINDOWS;C:\WINDOWS\System32\Wbem;C:\WINDOWS\System32\WindowsPowerShell\v1.0\;C:\WINDOWS\System32\OpenSSH\;C:\Program Files\Java\jdk-14\bin;C:\WINDOWS\system32;C:\WINDOWS;C:\WINDOWS\System32\Wbem;C:\WINDOWS\System32\WindowsPowerShell\v1.0\;C:\WINDOWS\System32\OpenSSH\;C:\Program Files (x86)\Windows Live\Shared;C:\Program Files\nodejs\;C:\Program Files\Git\cmd;C:\Maven and wildfly\apache-maven-3.6.3\bin;C:\Program Files (x86)\QuickTime\QTSystem\;C:\Users\bezou\AppData\Local\Microsoft\WindowsApps;C:\Users\bezou\AppData\Local\GitHubDesktop\bin;C:\Users\bezou\AppData\Local\Microsoft\WindowsApps;C:\Users\bezou\AppData\Roaming\npm;C:\Maven and wildfly\apache-maven-3.6.3\bin;
USERNAME=bezou
OS=Windows_NT
PROCESSOR_IDENTIFIER=AMD64 Family 23 Model 113 Stepping 0, AuthenticAMD



---------------  S Y S T E M  ---------------

OS: Windows 10 , 64 bit Build 19041 (10.0.19041.928)
OS uptime: 2 days 18:44 hours

CPU:total 24 (initial active 24) (24 cores per cpu, 2 threads per core) family 23 model 113 stepping 0, cmov, cx8, fxsr, mmx, sse, sse2, sse3, ssse3, sse4.1, sse4.2, popcnt, avx, avx2, aes, clmul, mmxext, 3dnowpref, lzcnt, sse4a, ht, tsc, tscinvbit, tscinv, bmi1, bmi2, adx, sha, fma

Memory: 4k page, system-wide physical 16293M (2919M free)
TotalPageFile size 34725M (AvailPageFile size 10946M)
current process WorkingSet (physical memory assigned to process): 143M, peak: 150M
current process commit charge ("private bytes"): 510M, peak: 521M

vm_info: Java HotSpot(TM) 64-Bit Server VM (14+36-1461) for windows-amd64 JRE (14+36-1461), built on Feb  6 2020 19:08:04 by "mach5one" with MS VC++ 15.9 (VS2017)

END.
