#
# A fatal error has been detected by the Java Runtime Environment:
#
#  EXCEPTION_ACCESS_VIOLATION (0xc0000005) at pc=0x0000023eb9e3d2b0, pid=1472, tid=5900
#
# JRE version: Java(TM) SE Runtime Environment (14.0+36) (build 14+36-1461)
# Java VM: Java HotSpot(TM) 64-Bit Server VM (14+36-1461, mixed mode, sharing, tiered, compressed oops, g1 gc, windows-amd64)
# Problematic frame:
# C  0x0000023eb9e3d2b0
#
# No core dump will be written. Minidumps are not enabled by default on client versions of Windows
#
# If you would like to submit a bug report, please visit:
#   https://bugreport.java.com/bugreport/crash.jsp
# The crash happened outside the Java Virtual Machine in native code.
# See problematic frame for where to report the bug.
#

---------------  S U M M A R Y ------------

Command Line: -Dfile.encoding=windows-1250 -Duser.country=US -Duser.language=en -Duser.variant educanet.Main

Host: AMD Ryzen 9 3900X 12-Core Processor            , 24 cores, 15G,  Windows 10 , 64 bit Build 19041 (10.0.19041.928)
Time: Fri May  7 10:08:06 2021 Central Europe Daylight Time elapsed time: 4 seconds (0d 0h 0m 4s)

---------------  T H R E A D  ---------------

Current thread (0x0000023e8a6a4800):  JavaThread "main" [_thread_in_native, id=5900, stack(0x000000ae84900000,0x000000ae84a00000)]

Stack: [0x000000ae84900000,0x000000ae84a00000],  sp=0x000000ae849fea78,  free space=1018k
Native frames: (J=compiled Java code, j=interpreted, Vv=VM code, C=native code)
C  0x0000023eb9e3d2b0

Java frames: (J=compiled Java code, j=interpreted, Vv=VM code)
J 844  org.lwjgl.system.JNI.invokeV(J)V (0 bytes) @ 0x0000023e9a9fe871 [0x0000023e9a9fe820+0x0000000000000051]
j  org.lwjgl.glfw.GLFW.glfwTerminate()V+5
j  educanet.Main.main([Ljava/lang/String;)V+136
v  ~StubRoutines::call_stub

siginfo: EXCEPTION_ACCESS_VIOLATION (0xc0000005), data execution prevention violation at address 0x0000023eb9e3d2b0


Register to memory mapping:

RIP=0x0000023eb9e3d2b0 points into unknown readable memory: b0 d2 e3 b9 3e 02 00 00
RAX=0x0000023eb9e3d2b0 points into unknown readable memory: b0 d2 e3 b9 3e 02 00 00
RBX=0x0000023eb99c75c0 points into unknown readable memory: f0 c1 04 b3 3e 02 00 00
RCX=0x0000023eb9e3d2b0 points into unknown readable memory: b0 d2 e3 b9 3e 02 00 00
RDX=0x0000023eb26cbea0 points into unknown readable memory: 30 20 4a 36 fc 7f 00 00
RSP=0x000000ae849fea78 is pointing into the stack for thread: 0x0000023e8a6a4800
RBP=0x0000000000000001 is an unknown value
RSI=0x0000023eb28ce460 points into unknown readable memory: 10 47 2c b2 3e 02 00 00
RDI=0x0000023eb26cbea0 points into unknown readable memory: 30 20 4a 36 fc 7f 00 00
R8 =0x0000000000000019 is an unknown value
R9 =0x0 is NULL
R10=0x0000000000008000 is an unknown value
R11=0x000000ae849fe990 is pointing into the stack for thread: 0x0000023e8a6a4800
R12=0x0000023eb0940350 points into unknown readable memory: b8 ed 48 36 fc 7f 00 00
R13=0x0000023eb2800ce0 points into unknown readable memory: 00 4b 4a b2 3e 02 00 00
R14=0x0000023eb2800ce0 points into unknown readable memory: 00 4b 4a b2 3e 02 00 00
R15=0x0 is NULL


Registers:
RAX=0x0000023eb9e3d2b0, RBX=0x0000023eb99c75c0, RCX=0x0000023eb9e3d2b0, RDX=0x0000023eb26cbea0
RSP=0x000000ae849fea78, RBP=0x0000000000000001, RSI=0x0000023eb28ce460, RDI=0x0000023eb26cbea0
R8 =0x0000000000000019, R9 =0x0000000000000000, R10=0x0000000000008000, R11=0x000000ae849fe990
R12=0x0000023eb0940350, R13=0x0000023eb2800ce0, R14=0x0000023eb2800ce0, R15=0x0000000000000000
RIP=0x0000023eb9e3d2b0, EFLAGS=0x0000000000010246

Top of Stack: (sp=0x000000ae849fea78)
0x000000ae849fea78:   00007ffc350b785e 0000023eb99c75c0
0x000000ae849fea88:   00007ffc350b8df7 0000023eb2802040
0x000000ae849fea98:   00007ffc00000000 0000023e0000fffc
0x000000ae849feaa8:   0000023e88430000 0000023eb0940350
0x000000ae849feab8:   00007ffc350a8b0f 0000023eb99c75c0
0x000000ae849feac8:   0000000000000000 0000023eb2802040
0x000000ae849fead8:   00007ffc1ef17811 0000023eb28ce460
0x000000ae849feae8:   00007ffc35087718 0000023eaed25d70
0x000000ae849feaf8:   0000023eb0940350 0000000000000000
0x000000ae849feb08:   0000023eb28ce460 0000023eb2800ce0
0x000000ae849feb18:   0000023eb28ce460 0000023eaed25d70
0x000000ae849feb28:   00007ffc35085a71 0000000000000000
0x000000ae849feb38:   0000000000000000 0000023eb28cf6e8
0x000000ae849feb48:   00007ffc358707dc 0000000000000000
0x000000ae849feb58:   00007ffc3530a515 0000023eaed25d70
0x000000ae849feb68:   00007ffc36781330 0000000000000000 

Instructions: (pc=0x0000023eb9e3d2b0)
0x0000023eb9e3d1b0:   63 36 63 34 64 62 38 65 63 32 37 31 30 62 30 33
0x0000023eb9e3d1c0:   33 38 30 35 61 37 31 66 34 35 36 32 33 34 34 62
0x0000023eb9e3d1d0:   00 05 17 06 15 07 19 08 b7 05 09 b0 3e 02 00 00
0x0000023eb9e3d1e0:   60 f6 e2 b9 3e 02 00 00 a7 2b 13 7e 00 2e 00 90
0x0000023eb9e3d1f0:   b8 52 4a 36 fc 7f 00 00 00 00 00 00 00 00 00 00
0x0000023eb9e3d200:   19 00 00 00 00 00 00 00 00 b8 fc b2 3e 02 00 00
0x0000023eb9e3d210:   00 00 00 00 00 00 00 00 b0 19 35 ba 38 02 00 00
0x0000023eb9e3d220:   00 00 00 00 00 00 00 00 9b 2b 17 7e 00 2f 00 90
0x0000023eb9e3d230:   03 00 00 00 30 00 00 00 34 01 00 00 00 00 00 00
0x0000023eb9e3d240:   60 01 00 00 08 00 00 00 6a 01 00 00 08 00 00 00
0x0000023eb9e3d250:   00 00 00 00 00 00 00 00 01 00 00 00 10 00 01 00
0x0000023eb9e3d260:   01 00 00 00 00 00 00 00 9f 2b 1b 7e 00 30 00 88
0x0000023eb9e3d270:   02 00 2c 00 ae 16 28 4c 6f 72 67 2f 6a 6f 6d 6c
0x0000023eb9e3d280:   2f 4d 61 74 72 69 78 34 66 63 3b 29 4c 6f 72 67
0x0000023eb9e3d290:   2f 6a 6f 6d 6c 2f 51 75 61 74 65 72 6e 69 6f 6e
0x0000023eb9e3d2a0:   66 3b 55 05 00 00 00 00 93 2b 1f 7e 00 31 00 80
0x0000023eb9e3d2b0:   b0 d2 e3 b9 3e 02 00 00 b0 d2 e3 b9 3e 02 00 00
0x0000023eb9e3d2c0:   b0 d2 e3 b9 3e 02 00 00 01 01 43 5f 67 6c 43 6c
0x0000023eb9e3d2d0:   65 61 72 43 6f 6c 6f 72 00 00 00 3f 00 00 00 00
0x0000023eb9e3d2e0:   05 b7 06 68 b0 00 00 00 97 2b 03 7e 00 32 00 88
0x0000023eb9e3d2f0:   0c 00 2e 00 0c e1 28 4c 6f 72 67 2f 6a 6f 6d 6c
0x0000023eb9e3d300:   2f 51 75 61 74 65 72 6e 69 6f 6e 64 3b 29 4c 6f
0x0000023eb9e3d310:   72 67 2f 6a 6f 6d 6c 2f 51 75 61 74 65 72 6e 69
0x0000023eb9e3d320:   6f 6e 64 3b 3e 02 00 00 8b 2b 07 7e 00 33 00 88
0x0000023eb9e3d330:   01 00 2f 00 a4 fa 28 46 46 46 4c 6f 72 67 2f 6a
0x0000023eb9e3d340:   6f 6d 6c 2f 51 75 61 74 65 72 6e 69 6f 6e 66 63
0x0000023eb9e3d350:   3b 29 4c 6f 72 67 2f 6a 6f 6d 6c 2f 4d 61 74 72
0x0000023eb9e3d360:   69 78 34 66 3b 00 00 00 8f 2b 0b 7e 00 34 00 90
0x0000023eb9e3d370:   09 00 28 00 20 5c 28 4c 6f 72 67 2f 6a 6f 6d 6c
0x0000023eb9e3d380:   2f 56 65 63 74 6f 72 34 66 3b 29 4c 6f 72 67 2f
0x0000023eb9e3d390:   6a 6f 6d 6c 2f 56 65 63 74 6f 72 34 66 3b 00 00
0x0000023eb9e3d3a0:   01 00 00 00 11 00 00 00 83 2b 0f 7e 01 35 00 88 


Stack slot to memory mapping:
stack at sp + 0 slots: 0x00007ffc350b785e atio6axx.dll
stack at sp + 1 slots: 0x0000023eb99c75c0 points into unknown readable memory: f0 c1 04 b3 3e 02 00 00
stack at sp + 2 slots: 0x00007ffc350b8df7 atio6axx.dll
stack at sp + 3 slots: 0x0000023eb2802040 points into unknown readable memory: 70 a2 a0 35 fc 7f 00 00
stack at sp + 4 slots: 0x00007ffc00000000 is an unknown value
stack at sp + 5 slots: 0x0000023e0000fffc is an unknown value
stack at sp + 6 slots: 0x0000023e88430000 points into unknown readable memory: 00 00 00 00 00 00 00 00
stack at sp + 7 slots: 0x0000023eb0940350 points into unknown readable memory: b8 ed 48 36 fc 7f 00 00


---------------  P R O C E S S  ---------------

Threads class SMR info:
_java_thread_list=0x0000023eb9fd2f50, length=11, elements={
0x0000023e8a6a4800, 0x0000023eaeda8800, 0x0000023eaedaa000, 0x0000023eb03cb000,
0x0000023eb03cc000, 0x0000023eb03d1800, 0x0000023eb03d4000, 0x0000023eb03d8800,
0x0000023eb03e9000, 0x0000023eb0530000, 0x0000023eb052f000
}

Java Threads: ( => current thread )
=>0x0000023e8a6a4800 JavaThread "main" [_thread_in_native, id=5900, stack(0x000000ae84900000,0x000000ae84a00000)]
  0x0000023eaeda8800 JavaThread "Reference Handler" daemon [_thread_blocked, id=13088, stack(0x000000ae85000000,0x000000ae85100000)]
  0x0000023eaedaa000 JavaThread "Finalizer" daemon [_thread_blocked, id=25100, stack(0x000000ae85100000,0x000000ae85200000)]
  0x0000023eb03cb000 JavaThread "Signal Dispatcher" daemon [_thread_blocked, id=20792, stack(0x000000ae85200000,0x000000ae85300000)]
  0x0000023eb03cc000 JavaThread "Attach Listener" daemon [_thread_blocked, id=21208, stack(0x000000ae85300000,0x000000ae85400000)]
  0x0000023eb03d1800 JavaThread "Service Thread" daemon [_thread_blocked, id=6840, stack(0x000000ae85400000,0x000000ae85500000)]
  0x0000023eb03d4000 JavaThread "C2 CompilerThread0" daemon [_thread_blocked, id=3328, stack(0x000000ae85500000,0x000000ae85600000)]
  0x0000023eb03d8800 JavaThread "C1 CompilerThread0" daemon [_thread_blocked, id=7972, stack(0x000000ae85600000,0x000000ae85700000)]
  0x0000023eb03e9000 JavaThread "Sweeper thread" daemon [_thread_blocked, id=28372, stack(0x000000ae85700000,0x000000ae85800000)]
  0x0000023eb0530000 JavaThread "Notification Thread" daemon [_thread_blocked, id=30480, stack(0x000000ae85900000,0x000000ae85a00000)]
  0x0000023eb052f000 JavaThread "Common-Cleaner" daemon [_thread_blocked, id=5352, stack(0x000000ae85b00000,0x000000ae85c00000)]

Other Threads:
  0x0000023eaeda2800 VMThread "VM Thread" [stack: 0x000000ae84f00000,0x000000ae85000000] [id=19688]
  0x0000023eb0538000 WatcherThread [stack: 0x000000ae85a00000,0x000000ae85b00000] [id=29672]
  0x0000023e8a70e800 GCTaskThread "GC Thread#0" [stack: 0x000000ae84a00000,0x000000ae84b00000] [id=24368]
  0x0000023e8a730000 ConcurrentGCThread "G1 Main Marker" [stack: 0x000000ae84b00000,0x000000ae84c00000] [id=18748]
  0x0000023e8a733000 ConcurrentGCThread "G1 Conc#0" [stack: 0x000000ae84c00000,0x000000ae84d00000] [id=4704]
  0x0000023eaed27800 ConcurrentGCThread "G1 Refine#0" [stack: 0x000000ae84d00000,0x000000ae84e00000] [id=424]
  0x0000023eaed28800 ConcurrentGCThread "G1 Young RemSet Sampling" [stack: 0x000000ae84e00000,0x000000ae84f00000] [id=30276]

Threads with active compile tasks:

VM state:not at safepoint (normal execution)

VM Mutex/Monitor currently owned by a thread: None

Heap address: 0x0000000701600000, size: 4074 MB, Compressed Oops mode: Zero based, Oop shift amount: 3
Narrow klass base: 0x0000000800000000, Narrow klass shift: 3
Compressed class space size: 1073741824 Address: 0x0000000800b30000

Heap:
 garbage-first heap   total 262144K, used 20480K [0x0000000701600000, 0x0000000800000000)
  region size 1024K, 22 young (22528K), 0 survivors (0K)
 Metaspace       used 7045K, capacity 9978K, committed 10112K, reserved 1058816K
  class space    used 335K, capacity 630K, committed 640K, reserved 1048576K
Heap Regions: E=young(eden), S=young(survivor), O=old, HS=humongous(starts), HC=humongous(continues), CS=collection set, F=free, OA=open archive, CA=closed archive, TAMS=top-at-mark-start (previous, next)
|   0|0x0000000701600000, 0x0000000701600000, 0x0000000701700000|  0%| F|  |TAMS 0x0000000701600000, 0x0000000701600000| Untracked 
|   1|0x0000000701700000, 0x0000000701700000, 0x0000000701800000|  0%| F|  |TAMS 0x0000000701700000, 0x0000000701700000| Untracked 
|   2|0x0000000701800000, 0x0000000701800000, 0x0000000701900000|  0%| F|  |TAMS 0x0000000701800000, 0x0000000701800000| Untracked 
|   3|0x0000000701900000, 0x0000000701900000, 0x0000000701a00000|  0%| F|  |TAMS 0x0000000701900000, 0x0000000701900000| Untracked 
|   4|0x0000000701a00000, 0x0000000701a00000, 0x0000000701b00000|  0%| F|  |TAMS 0x0000000701a00000, 0x0000000701a00000| Untracked 
|   5|0x0000000701b00000, 0x0000000701b00000, 0x0000000701c00000|  0%| F|  |TAMS 0x0000000701b00000, 0x0000000701b00000| Untracked 
|   6|0x0000000701c00000, 0x0000000701c00000, 0x0000000701d00000|  0%| F|  |TAMS 0x0000000701c00000, 0x0000000701c00000| Untracked 
|   7|0x0000000701d00000, 0x0000000701d00000, 0x0000000701e00000|  0%| F|  |TAMS 0x0000000701d00000, 0x0000000701d00000| Untracked 
|   8|0x0000000701e00000, 0x0000000701e00000, 0x0000000701f00000|  0%| F|  |TAMS 0x0000000701e00000, 0x0000000701e00000| Untracked 
|   9|0x0000000701f00000, 0x0000000701f00000, 0x0000000702000000|  0%| F|  |TAMS 0x0000000701f00000, 0x0000000701f00000| Untracked 
|  10|0x0000000702000000, 0x0000000702000000, 0x0000000702100000|  0%| F|  |TAMS 0x0000000702000000, 0x0000000702000000| Untracked 
|  11|0x0000000702100000, 0x0000000702100000, 0x0000000702200000|  0%| F|  |TAMS 0x0000000702100000, 0x0000000702100000| Untracked 
|  12|0x0000000702200000, 0x0000000702200000, 0x0000000702300000|  0%| F|  |TAMS 0x0000000702200000, 0x0000000702200000| Untracked 
|  13|0x0000000702300000, 0x0000000702300000, 0x0000000702400000|  0%| F|  |TAMS 0x0000000702300000, 0x0000000702300000| Untracked 
|  14|0x0000000702400000, 0x0000000702400000, 0x0000000702500000|  0%| F|  |TAMS 0x0000000702400000, 0x0000000702400000| Untracked 
|  15|0x0000000702500000, 0x0000000702500000, 0x0000000702600000|  0%| F|  |TAMS 0x0000000702500000, 0x0000000702500000| Untracked 
|  16|0x0000000702600000, 0x0000000702600000, 0x0000000702700000|  0%| F|  |TAMS 0x0000000702600000, 0x0000000702600000| Untracked 
|  17|0x0000000702700000, 0x0000000702700000, 0x0000000702800000|  0%| F|  |TAMS 0x0000000702700000, 0x0000000702700000| Untracked 
|  18|0x0000000702800000, 0x0000000702800000, 0x0000000702900000|  0%| F|  |TAMS 0x0000000702800000, 0x0000000702800000| Untracked 
|  19|0x0000000702900000, 0x0000000702900000, 0x0000000702a00000|  0%| F|  |TAMS 0x0000000702900000, 0x0000000702900000| Untracked 
|  20|0x0000000702a00000, 0x0000000702a00000, 0x0000000702b00000|  0%| F|  |TAMS 0x0000000702a00000, 0x0000000702a00000| Untracked 
|  21|0x0000000702b00000, 0x0000000702b00000, 0x0000000702c00000|  0%| F|  |TAMS 0x0000000702b00000, 0x0000000702b00000| Untracked 
|  22|0x0000000702c00000, 0x0000000702c00000, 0x0000000702d00000|  0%| F|  |TAMS 0x0000000702c00000, 0x0000000702c00000| Untracked 
|  23|0x0000000702d00000, 0x0000000702d00000, 0x0000000702e00000|  0%| F|  |TAMS 0x0000000702d00000, 0x0000000702d00000| Untracked 
|  24|0x0000000702e00000, 0x0000000702e00000, 0x0000000702f00000|  0%| F|  |TAMS 0x0000000702e00000, 0x0000000702e00000| Untracked 
|  25|0x0000000702f00000, 0x0000000702f00000, 0x0000000703000000|  0%| F|  |TAMS 0x0000000702f00000, 0x0000000702f00000| Untracked 
|  26|0x0000000703000000, 0x0000000703000000, 0x0000000703100000|  0%| F|  |TAMS 0x0000000703000000, 0x0000000703000000| Untracked 
|  27|0x0000000703100000, 0x0000000703100000, 0x0000000703200000|  0%| F|  |TAMS 0x0000000703100000, 0x0000000703100000| Untracked 
|  28|0x0000000703200000, 0x0000000703200000, 0x0000000703300000|  0%| F|  |TAMS 0x0000000703200000, 0x0000000703200000| Untracked 
|  29|0x0000000703300000, 0x0000000703300000, 0x0000000703400000|  0%| F|  |TAMS 0x0000000703300000, 0x0000000703300000| Untracked 
|  30|0x0000000703400000, 0x0000000703400000, 0x0000000703500000|  0%| F|  |TAMS 0x0000000703400000, 0x0000000703400000| Untracked 
|  31|0x0000000703500000, 0x0000000703500000, 0x0000000703600000|  0%| F|  |TAMS 0x0000000703500000, 0x0000000703500000| Untracked 
|  32|0x0000000703600000, 0x0000000703600000, 0x0000000703700000|  0%| F|  |TAMS 0x0000000703600000, 0x0000000703600000| Untracked 
|  33|0x0000000703700000, 0x0000000703700000, 0x0000000703800000|  0%| F|  |TAMS 0x0000000703700000, 0x0000000703700000| Untracked 
|  34|0x0000000703800000, 0x0000000703800000, 0x0000000703900000|  0%| F|  |TAMS 0x0000000703800000, 0x0000000703800000| Untracked 
|  35|0x0000000703900000, 0x0000000703900000, 0x0000000703a00000|  0%| F|  |TAMS 0x0000000703900000, 0x0000000703900000| Untracked 
|  36|0x0000000703a00000, 0x0000000703a00000, 0x0000000703b00000|  0%| F|  |TAMS 0x0000000703a00000, 0x0000000703a00000| Untracked 
|  37|0x0000000703b00000, 0x0000000703b00000, 0x0000000703c00000|  0%| F|  |TAMS 0x0000000703b00000, 0x0000000703b00000| Untracked 
|  38|0x0000000703c00000, 0x0000000703c00000, 0x0000000703d00000|  0%| F|  |TAMS 0x0000000703c00000, 0x0000000703c00000| Untracked 
|  39|0x0000000703d00000, 0x0000000703d00000, 0x0000000703e00000|  0%| F|  |TAMS 0x0000000703d00000, 0x0000000703d00000| Untracked 
|  40|0x0000000703e00000, 0x0000000703e00000, 0x0000000703f00000|  0%| F|  |TAMS 0x0000000703e00000, 0x0000000703e00000| Untracked 
|  41|0x0000000703f00000, 0x0000000703f00000, 0x0000000704000000|  0%| F|  |TAMS 0x0000000703f00000, 0x0000000703f00000| Untracked 
|  42|0x0000000704000000, 0x0000000704000000, 0x0000000704100000|  0%| F|  |TAMS 0x0000000704000000, 0x0000000704000000| Untracked 
|  43|0x0000000704100000, 0x0000000704100000, 0x0000000704200000|  0%| F|  |TAMS 0x0000000704100000, 0x0000000704100000| Untracked 
|  44|0x0000000704200000, 0x0000000704200000, 0x0000000704300000|  0%| F|  |TAMS 0x0000000704200000, 0x0000000704200000| Untracked 
|  45|0x0000000704300000, 0x0000000704300000, 0x0000000704400000|  0%| F|  |TAMS 0x0000000704300000, 0x0000000704300000| Untracked 
|  46|0x0000000704400000, 0x0000000704400000, 0x0000000704500000|  0%| F|  |TAMS 0x0000000704400000, 0x0000000704400000| Untracked 
|  47|0x0000000704500000, 0x0000000704500000, 0x0000000704600000|  0%| F|  |TAMS 0x0000000704500000, 0x0000000704500000| Untracked 
|  48|0x0000000704600000, 0x0000000704600000, 0x0000000704700000|  0%| F|  |TAMS 0x0000000704600000, 0x0000000704600000| Untracked 
|  49|0x0000000704700000, 0x0000000704700000, 0x0000000704800000|  0%| F|  |TAMS 0x0000000704700000, 0x0000000704700000| Untracked 
|  50|0x0000000704800000, 0x0000000704800000, 0x0000000704900000|  0%| F|  |TAMS 0x0000000704800000, 0x0000000704800000| Untracked 
|  51|0x0000000704900000, 0x0000000704900000, 0x0000000704a00000|  0%| F|  |TAMS 0x0000000704900000, 0x0000000704900000| Untracked 
|  52|0x0000000704a00000, 0x0000000704a00000, 0x0000000704b00000|  0%| F|  |TAMS 0x0000000704a00000, 0x0000000704a00000| Untracked 
|  53|0x0000000704b00000, 0x0000000704b00000, 0x0000000704c00000|  0%| F|  |TAMS 0x0000000704b00000, 0x0000000704b00000| Untracked 
|  54|0x0000000704c00000, 0x0000000704c00000, 0x0000000704d00000|  0%| F|  |TAMS 0x0000000704c00000, 0x0000000704c00000| Untracked 
|  55|0x0000000704d00000, 0x0000000704d00000, 0x0000000704e00000|  0%| F|  |TAMS 0x0000000704d00000, 0x0000000704d00000| Untracked 
|  56|0x0000000704e00000, 0x0000000704e00000, 0x0000000704f00000|  0%| F|  |TAMS 0x0000000704e00000, 0x0000000704e00000| Untracked 
|  57|0x0000000704f00000, 0x0000000704f00000, 0x0000000705000000|  0%| F|  |TAMS 0x0000000704f00000, 0x0000000704f00000| Untracked 
|  58|0x0000000705000000, 0x0000000705000000, 0x0000000705100000|  0%| F|  |TAMS 0x0000000705000000, 0x0000000705000000| Untracked 
|  59|0x0000000705100000, 0x0000000705100000, 0x0000000705200000|  0%| F|  |TAMS 0x0000000705100000, 0x0000000705100000| Untracked 
|  60|0x0000000705200000, 0x0000000705200000, 0x0000000705300000|  0%| F|  |TAMS 0x0000000705200000, 0x0000000705200000| Untracked 
|  61|0x0000000705300000, 0x0000000705300000, 0x0000000705400000|  0%| F|  |TAMS 0x0000000705300000, 0x0000000705300000| Untracked 
|  62|0x0000000705400000, 0x0000000705400000, 0x0000000705500000|  0%| F|  |TAMS 0x0000000705400000, 0x0000000705400000| Untracked 
|  63|0x0000000705500000, 0x0000000705500000, 0x0000000705600000|  0%| F|  |TAMS 0x0000000705500000, 0x0000000705500000| Untracked 
|  64|0x0000000705600000, 0x0000000705600000, 0x0000000705700000|  0%| F|  |TAMS 0x0000000705600000, 0x0000000705600000| Untracked 
|  65|0x0000000705700000, 0x0000000705700000, 0x0000000705800000|  0%| F|  |TAMS 0x0000000705700000, 0x0000000705700000| Untracked 
|  66|0x0000000705800000, 0x0000000705800000, 0x0000000705900000|  0%| F|  |TAMS 0x0000000705800000, 0x0000000705800000| Untracked 
|  67|0x0000000705900000, 0x0000000705900000, 0x0000000705a00000|  0%| F|  |TAMS 0x0000000705900000, 0x0000000705900000| Untracked 
|  68|0x0000000705a00000, 0x0000000705a00000, 0x0000000705b00000|  0%| F|  |TAMS 0x0000000705a00000, 0x0000000705a00000| Untracked 
|  69|0x0000000705b00000, 0x0000000705b00000, 0x0000000705c00000|  0%| F|  |TAMS 0x0000000705b00000, 0x0000000705b00000| Untracked 
|  70|0x0000000705c00000, 0x0000000705c00000, 0x0000000705d00000|  0%| F|  |TAMS 0x0000000705c00000, 0x0000000705c00000| Untracked 
|  71|0x0000000705d00000, 0x0000000705d00000, 0x0000000705e00000|  0%| F|  |TAMS 0x0000000705d00000, 0x0000000705d00000| Untracked 
|  72|0x0000000705e00000, 0x0000000705e00000, 0x0000000705f00000|  0%| F|  |TAMS 0x0000000705e00000, 0x0000000705e00000| Untracked 
|  73|0x0000000705f00000, 0x0000000705f00000, 0x0000000706000000|  0%| F|  |TAMS 0x0000000705f00000, 0x0000000705f00000| Untracked 
|  74|0x0000000706000000, 0x0000000706000000, 0x0000000706100000|  0%| F|  |TAMS 0x0000000706000000, 0x0000000706000000| Untracked 
|  75|0x0000000706100000, 0x0000000706100000, 0x0000000706200000|  0%| F|  |TAMS 0x0000000706100000, 0x0000000706100000| Untracked 
|  76|0x0000000706200000, 0x0000000706200000, 0x0000000706300000|  0%| F|  |TAMS 0x0000000706200000, 0x0000000706200000| Untracked 
|  77|0x0000000706300000, 0x0000000706300000, 0x0000000706400000|  0%| F|  |TAMS 0x0000000706300000, 0x0000000706300000| Untracked 
|  78|0x0000000706400000, 0x0000000706400000, 0x0000000706500000|  0%| F|  |TAMS 0x0000000706400000, 0x0000000706400000| Untracked 
|  79|0x0000000706500000, 0x0000000706500000, 0x0000000706600000|  0%| F|  |TAMS 0x0000000706500000, 0x0000000706500000| Untracked 
|  80|0x0000000706600000, 0x0000000706600000, 0x0000000706700000|  0%| F|  |TAMS 0x0000000706600000, 0x0000000706600000| Untracked 
|  81|0x0000000706700000, 0x0000000706700000, 0x0000000706800000|  0%| F|  |TAMS 0x0000000706700000, 0x0000000706700000| Untracked 
|  82|0x0000000706800000, 0x0000000706800000, 0x0000000706900000|  0%| F|  |TAMS 0x0000000706800000, 0x0000000706800000| Untracked 
|  83|0x0000000706900000, 0x0000000706900000, 0x0000000706a00000|  0%| F|  |TAMS 0x0000000706900000, 0x0000000706900000| Untracked 
|  84|0x0000000706a00000, 0x0000000706a00000, 0x0000000706b00000|  0%| F|  |TAMS 0x0000000706a00000, 0x0000000706a00000| Untracked 
|  85|0x0000000706b00000, 0x0000000706b00000, 0x0000000706c00000|  0%| F|  |TAMS 0x0000000706b00000, 0x0000000706b00000| Untracked 
|  86|0x0000000706c00000, 0x0000000706c00000, 0x0000000706d00000|  0%| F|  |TAMS 0x0000000706c00000, 0x0000000706c00000| Untracked 
|  87|0x0000000706d00000, 0x0000000706d00000, 0x0000000706e00000|  0%| F|  |TAMS 0x0000000706d00000, 0x0000000706d00000| Untracked 
|  88|0x0000000706e00000, 0x0000000706e00000, 0x0000000706f00000|  0%| F|  |TAMS 0x0000000706e00000, 0x0000000706e00000| Untracked 
|  89|0x0000000706f00000, 0x0000000706f00000, 0x0000000707000000|  0%| F|  |TAMS 0x0000000706f00000, 0x0000000706f00000| Untracked 
|  90|0x0000000707000000, 0x0000000707000000, 0x0000000707100000|  0%| F|  |TAMS 0x0000000707000000, 0x0000000707000000| Untracked 
|  91|0x0000000707100000, 0x0000000707100000, 0x0000000707200000|  0%| F|  |TAMS 0x0000000707100000, 0x0000000707100000| Untracked 
|  92|0x0000000707200000, 0x0000000707200000, 0x0000000707300000|  0%| F|  |TAMS 0x0000000707200000, 0x0000000707200000| Untracked 
|  93|0x0000000707300000, 0x0000000707300000, 0x0000000707400000|  0%| F|  |TAMS 0x0000000707300000, 0x0000000707300000| Untracked 
|  94|0x0000000707400000, 0x0000000707400000, 0x0000000707500000|  0%| F|  |TAMS 0x0000000707400000, 0x0000000707400000| Untracked 
|  95|0x0000000707500000, 0x0000000707500000, 0x0000000707600000|  0%| F|  |TAMS 0x0000000707500000, 0x0000000707500000| Untracked 
|  96|0x0000000707600000, 0x0000000707600000, 0x0000000707700000|  0%| F|  |TAMS 0x0000000707600000, 0x0000000707600000| Untracked 
|  97|0x0000000707700000, 0x0000000707700000, 0x0000000707800000|  0%| F|  |TAMS 0x0000000707700000, 0x0000000707700000| Untracked 
|  98|0x0000000707800000, 0x0000000707800000, 0x0000000707900000|  0%| F|  |TAMS 0x0000000707800000, 0x0000000707800000| Untracked 
|  99|0x0000000707900000, 0x0000000707900000, 0x0000000707a00000|  0%| F|  |TAMS 0x0000000707900000, 0x0000000707900000| Untracked 
| 100|0x0000000707a00000, 0x0000000707a00000, 0x0000000707b00000|  0%| F|  |TAMS 0x0000000707a00000, 0x0000000707a00000| Untracked 
| 101|0x0000000707b00000, 0x0000000707b00000, 0x0000000707c00000|  0%| F|  |TAMS 0x0000000707b00000, 0x0000000707b00000| Untracked 
| 102|0x0000000707c00000, 0x0000000707c00000, 0x0000000707d00000|  0%| F|  |TAMS 0x0000000707c00000, 0x0000000707c00000| Untracked 
| 103|0x0000000707d00000, 0x0000000707d00000, 0x0000000707e00000|  0%| F|  |TAMS 0x0000000707d00000, 0x0000000707d00000| Untracked 
| 104|0x0000000707e00000, 0x0000000707e00000, 0x0000000707f00000|  0%| F|  |TAMS 0x0000000707e00000, 0x0000000707e00000| Untracked 
| 105|0x0000000707f00000, 0x0000000707f00000, 0x0000000708000000|  0%| F|  |TAMS 0x0000000707f00000, 0x0000000707f00000| Untracked 
| 106|0x0000000708000000, 0x0000000708000000, 0x0000000708100000|  0%| F|  |TAMS 0x0000000708000000, 0x0000000708000000| Untracked 
| 107|0x0000000708100000, 0x0000000708100000, 0x0000000708200000|  0%| F|  |TAMS 0x0000000708100000, 0x0000000708100000| Untracked 
| 108|0x0000000708200000, 0x0000000708200000, 0x0000000708300000|  0%| F|  |TAMS 0x0000000708200000, 0x0000000708200000| Untracked 
| 109|0x0000000708300000, 0x0000000708300000, 0x0000000708400000|  0%| F|  |TAMS 0x0000000708300000, 0x0000000708300000| Untracked 
| 110|0x0000000708400000, 0x0000000708400000, 0x0000000708500000|  0%| F|  |TAMS 0x0000000708400000, 0x0000000708400000| Untracked 
| 111|0x0000000708500000, 0x0000000708500000, 0x0000000708600000|  0%| F|  |TAMS 0x0000000708500000, 0x0000000708500000| Untracked 
| 112|0x0000000708600000, 0x0000000708600000, 0x0000000708700000|  0%| F|  |TAMS 0x0000000708600000, 0x0000000708600000| Untracked 
| 113|0x0000000708700000, 0x0000000708700000, 0x0000000708800000|  0%| F|  |TAMS 0x0000000708700000, 0x0000000708700000| Untracked 
| 114|0x0000000708800000, 0x0000000708800000, 0x0000000708900000|  0%| F|  |TAMS 0x0000000708800000, 0x0000000708800000| Untracked 
| 115|0x0000000708900000, 0x0000000708900000, 0x0000000708a00000|  0%| F|  |TAMS 0x0000000708900000, 0x0000000708900000| Untracked 
| 116|0x0000000708a00000, 0x0000000708a00000, 0x0000000708b00000|  0%| F|  |TAMS 0x0000000708a00000, 0x0000000708a00000| Untracked 
| 117|0x0000000708b00000, 0x0000000708b00000, 0x0000000708c00000|  0%| F|  |TAMS 0x0000000708b00000, 0x0000000708b00000| Untracked 
| 118|0x0000000708c00000, 0x0000000708c00000, 0x0000000708d00000|  0%| F|  |TAMS 0x0000000708c00000, 0x0000000708c00000| Untracked 
| 119|0x0000000708d00000, 0x0000000708d00000, 0x0000000708e00000|  0%| F|  |TAMS 0x0000000708d00000, 0x0000000708d00000| Untracked 
| 120|0x0000000708e00000, 0x0000000708e00000, 0x0000000708f00000|  0%| F|  |TAMS 0x0000000708e00000, 0x0000000708e00000| Untracked 
| 121|0x0000000708f00000, 0x0000000708f00000, 0x0000000709000000|  0%| F|  |TAMS 0x0000000708f00000, 0x0000000708f00000| Untracked 
| 122|0x0000000709000000, 0x0000000709000000, 0x0000000709100000|  0%| F|  |TAMS 0x0000000709000000, 0x0000000709000000| Untracked 
| 123|0x0000000709100000, 0x0000000709100000, 0x0000000709200000|  0%| F|  |TAMS 0x0000000709100000, 0x0000000709100000| Untracked 
| 124|0x0000000709200000, 0x0000000709200000, 0x0000000709300000|  0%| F|  |TAMS 0x0000000709200000, 0x0000000709200000| Untracked 
| 125|0x0000000709300000, 0x0000000709300000, 0x0000000709400000|  0%| F|  |TAMS 0x0000000709300000, 0x0000000709300000| Untracked 
| 126|0x0000000709400000, 0x0000000709400000, 0x0000000709500000|  0%| F|  |TAMS 0x0000000709400000, 0x0000000709400000| Untracked 
| 127|0x0000000709500000, 0x0000000709500000, 0x0000000709600000|  0%| F|  |TAMS 0x0000000709500000, 0x0000000709500000| Untracked 
| 128|0x0000000709600000, 0x0000000709600000, 0x0000000709700000|  0%| F|  |TAMS 0x0000000709600000, 0x0000000709600000| Untracked 
| 129|0x0000000709700000, 0x0000000709700000, 0x0000000709800000|  0%| F|  |TAMS 0x0000000709700000, 0x0000000709700000| Untracked 
| 130|0x0000000709800000, 0x0000000709800000, 0x0000000709900000|  0%| F|  |TAMS 0x0000000709800000, 0x0000000709800000| Untracked 
| 131|0x0000000709900000, 0x0000000709900000, 0x0000000709a00000|  0%| F|  |TAMS 0x0000000709900000, 0x0000000709900000| Untracked 
| 132|0x0000000709a00000, 0x0000000709a00000, 0x0000000709b00000|  0%| F|  |TAMS 0x0000000709a00000, 0x0000000709a00000| Untracked 
| 133|0x0000000709b00000, 0x0000000709b00000, 0x0000000709c00000|  0%| F|  |TAMS 0x0000000709b00000, 0x0000000709b00000| Untracked 
| 134|0x0000000709c00000, 0x0000000709c00000, 0x0000000709d00000|  0%| F|  |TAMS 0x0000000709c00000, 0x0000000709c00000| Untracked 
| 135|0x0000000709d00000, 0x0000000709d00000, 0x0000000709e00000|  0%| F|  |TAMS 0x0000000709d00000, 0x0000000709d00000| Untracked 
| 136|0x0000000709e00000, 0x0000000709e00000, 0x0000000709f00000|  0%| F|  |TAMS 0x0000000709e00000, 0x0000000709e00000| Untracked 
| 137|0x0000000709f00000, 0x0000000709f00000, 0x000000070a000000|  0%| F|  |TAMS 0x0000000709f00000, 0x0000000709f00000| Untracked 
| 138|0x000000070a000000, 0x000000070a000000, 0x000000070a100000|  0%| F|  |TAMS 0x000000070a000000, 0x000000070a000000| Untracked 
| 139|0x000000070a100000, 0x000000070a100000, 0x000000070a200000|  0%| F|  |TAMS 0x000000070a100000, 0x000000070a100000| Untracked 
| 140|0x000000070a200000, 0x000000070a200000, 0x000000070a300000|  0%| F|  |TAMS 0x000000070a200000, 0x000000070a200000| Untracked 
| 141|0x000000070a300000, 0x000000070a300000, 0x000000070a400000|  0%| F|  |TAMS 0x000000070a300000, 0x000000070a300000| Untracked 
| 142|0x000000070a400000, 0x000000070a400000, 0x000000070a500000|  0%| F|  |TAMS 0x000000070a400000, 0x000000070a400000| Untracked 
| 143|0x000000070a500000, 0x000000070a500000, 0x000000070a600000|  0%| F|  |TAMS 0x000000070a500000, 0x000000070a500000| Untracked 
| 144|0x000000070a600000, 0x000000070a600000, 0x000000070a700000|  0%| F|  |TAMS 0x000000070a600000, 0x000000070a600000| Untracked 
| 145|0x000000070a700000, 0x000000070a700000, 0x000000070a800000|  0%| F|  |TAMS 0x000000070a700000, 0x000000070a700000| Untracked 
| 146|0x000000070a800000, 0x000000070a800000, 0x000000070a900000|  0%| F|  |TAMS 0x000000070a800000, 0x000000070a800000| Untracked 
| 147|0x000000070a900000, 0x000000070a900000, 0x000000070aa00000|  0%| F|  |TAMS 0x000000070a900000, 0x000000070a900000| Untracked 
| 148|0x000000070aa00000, 0x000000070aa00000, 0x000000070ab00000|  0%| F|  |TAMS 0x000000070aa00000, 0x000000070aa00000| Untracked 
| 149|0x000000070ab00000, 0x000000070ab00000, 0x000000070ac00000|  0%| F|  |TAMS 0x000000070ab00000, 0x000000070ab00000| Untracked 
| 150|0x000000070ac00000, 0x000000070ac00000, 0x000000070ad00000|  0%| F|  |TAMS 0x000000070ac00000, 0x000000070ac00000| Untracked 
| 151|0x000000070ad00000, 0x000000070ad00000, 0x000000070ae00000|  0%| F|  |TAMS 0x000000070ad00000, 0x000000070ad00000| Untracked 
| 152|0x000000070ae00000, 0x000000070ae00000, 0x000000070af00000|  0%| F|  |TAMS 0x000000070ae00000, 0x000000070ae00000| Untracked 
| 153|0x000000070af00000, 0x000000070af00000, 0x000000070b000000|  0%| F|  |TAMS 0x000000070af00000, 0x000000070af00000| Untracked 
| 154|0x000000070b000000, 0x000000070b000000, 0x000000070b100000|  0%| F|  |TAMS 0x000000070b000000, 0x000000070b000000| Untracked 
| 155|0x000000070b100000, 0x000000070b100000, 0x000000070b200000|  0%| F|  |TAMS 0x000000070b100000, 0x000000070b100000| Untracked 
| 156|0x000000070b200000, 0x000000070b200000, 0x000000070b300000|  0%| F|  |TAMS 0x000000070b200000, 0x000000070b200000| Untracked 
| 157|0x000000070b300000, 0x000000070b300000, 0x000000070b400000|  0%| F|  |TAMS 0x000000070b300000, 0x000000070b300000| Untracked 
| 158|0x000000070b400000, 0x000000070b400000, 0x000000070b500000|  0%| F|  |TAMS 0x000000070b400000, 0x000000070b400000| Untracked 
| 159|0x000000070b500000, 0x000000070b500000, 0x000000070b600000|  0%| F|  |TAMS 0x000000070b500000, 0x000000070b500000| Untracked 
| 160|0x000000070b600000, 0x000000070b600000, 0x000000070b700000|  0%| F|  |TAMS 0x000000070b600000, 0x000000070b600000| Untracked 
| 161|0x000000070b700000, 0x000000070b700000, 0x000000070b800000|  0%| F|  |TAMS 0x000000070b700000, 0x000000070b700000| Untracked 
| 162|0x000000070b800000, 0x000000070b800000, 0x000000070b900000|  0%| F|  |TAMS 0x000000070b800000, 0x000000070b800000| Untracked 
| 163|0x000000070b900000, 0x000000070b900000, 0x000000070ba00000|  0%| F|  |TAMS 0x000000070b900000, 0x000000070b900000| Untracked 
| 164|0x000000070ba00000, 0x000000070ba00000, 0x000000070bb00000|  0%| F|  |TAMS 0x000000070ba00000, 0x000000070ba00000| Untracked 
| 165|0x000000070bb00000, 0x000000070bb00000, 0x000000070bc00000|  0%| F|  |TAMS 0x000000070bb00000, 0x000000070bb00000| Untracked 
| 166|0x000000070bc00000, 0x000000070bc00000, 0x000000070bd00000|  0%| F|  |TAMS 0x000000070bc00000, 0x000000070bc00000| Untracked 
| 167|0x000000070bd00000, 0x000000070bd00000, 0x000000070be00000|  0%| F|  |TAMS 0x000000070bd00000, 0x000000070bd00000| Untracked 
| 168|0x000000070be00000, 0x000000070be00000, 0x000000070bf00000|  0%| F|  |TAMS 0x000000070be00000, 0x000000070be00000| Untracked 
| 169|0x000000070bf00000, 0x000000070bf00000, 0x000000070c000000|  0%| F|  |TAMS 0x000000070bf00000, 0x000000070bf00000| Untracked 
| 170|0x000000070c000000, 0x000000070c000000, 0x000000070c100000|  0%| F|  |TAMS 0x000000070c000000, 0x000000070c000000| Untracked 
| 171|0x000000070c100000, 0x000000070c100000, 0x000000070c200000|  0%| F|  |TAMS 0x000000070c100000, 0x000000070c100000| Untracked 
| 172|0x000000070c200000, 0x000000070c200000, 0x000000070c300000|  0%| F|  |TAMS 0x000000070c200000, 0x000000070c200000| Untracked 
| 173|0x000000070c300000, 0x000000070c300000, 0x000000070c400000|  0%| F|  |TAMS 0x000000070c300000, 0x000000070c300000| Untracked 
| 174|0x000000070c400000, 0x000000070c400000, 0x000000070c500000|  0%| F|  |TAMS 0x000000070c400000, 0x000000070c400000| Untracked 
| 175|0x000000070c500000, 0x000000070c500000, 0x000000070c600000|  0%| F|  |TAMS 0x000000070c500000, 0x000000070c500000| Untracked 
| 176|0x000000070c600000, 0x000000070c600000, 0x000000070c700000|  0%| F|  |TAMS 0x000000070c600000, 0x000000070c600000| Untracked 
| 177|0x000000070c700000, 0x000000070c700000, 0x000000070c800000|  0%| F|  |TAMS 0x000000070c700000, 0x000000070c700000| Untracked 
| 178|0x000000070c800000, 0x000000070c800000, 0x000000070c900000|  0%| F|  |TAMS 0x000000070c800000, 0x000000070c800000| Untracked 
| 179|0x000000070c900000, 0x000000070c900000, 0x000000070ca00000|  0%| F|  |TAMS 0x000000070c900000, 0x000000070c900000| Untracked 
| 180|0x000000070ca00000, 0x000000070ca00000, 0x000000070cb00000|  0%| F|  |TAMS 0x000000070ca00000, 0x000000070ca00000| Untracked 
| 181|0x000000070cb00000, 0x000000070cb00000, 0x000000070cc00000|  0%| F|  |TAMS 0x000000070cb00000, 0x000000070cb00000| Untracked 
| 182|0x000000070cc00000, 0x000000070cc00000, 0x000000070cd00000|  0%| F|  |TAMS 0x000000070cc00000, 0x000000070cc00000| Untracked 
| 183|0x000000070cd00000, 0x000000070cd00000, 0x000000070ce00000|  0%| F|  |TAMS 0x000000070cd00000, 0x000000070cd00000| Untracked 
| 184|0x000000070ce00000, 0x000000070ce00000, 0x000000070cf00000|  0%| F|  |TAMS 0x000000070ce00000, 0x000000070ce00000| Untracked 
| 185|0x000000070cf00000, 0x000000070cf00000, 0x000000070d000000|  0%| F|  |TAMS 0x000000070cf00000, 0x000000070cf00000| Untracked 
| 186|0x000000070d000000, 0x000000070d000000, 0x000000070d100000|  0%| F|  |TAMS 0x000000070d000000, 0x000000070d000000| Untracked 
| 187|0x000000070d100000, 0x000000070d100000, 0x000000070d200000|  0%| F|  |TAMS 0x000000070d100000, 0x000000070d100000| Untracked 
| 188|0x000000070d200000, 0x000000070d200000, 0x000000070d300000|  0%| F|  |TAMS 0x000000070d200000, 0x000000070d200000| Untracked 
| 189|0x000000070d300000, 0x000000070d300000, 0x000000070d400000|  0%| F|  |TAMS 0x000000070d300000, 0x000000070d300000| Untracked 
| 190|0x000000070d400000, 0x000000070d400000, 0x000000070d500000|  0%| F|  |TAMS 0x000000070d400000, 0x000000070d400000| Untracked 
| 191|0x000000070d500000, 0x000000070d500000, 0x000000070d600000|  0%| F|  |TAMS 0x000000070d500000, 0x000000070d500000| Untracked 
| 192|0x000000070d600000, 0x000000070d600000, 0x000000070d700000|  0%| F|  |TAMS 0x000000070d600000, 0x000000070d600000| Untracked 
| 193|0x000000070d700000, 0x000000070d700000, 0x000000070d800000|  0%| F|  |TAMS 0x000000070d700000, 0x000000070d700000| Untracked 
| 194|0x000000070d800000, 0x000000070d800000, 0x000000070d900000|  0%| F|  |TAMS 0x000000070d800000, 0x000000070d800000| Untracked 
| 195|0x000000070d900000, 0x000000070d900000, 0x000000070da00000|  0%| F|  |TAMS 0x000000070d900000, 0x000000070d900000| Untracked 
| 196|0x000000070da00000, 0x000000070da00000, 0x000000070db00000|  0%| F|  |TAMS 0x000000070da00000, 0x000000070da00000| Untracked 
| 197|0x000000070db00000, 0x000000070db00000, 0x000000070dc00000|  0%| F|  |TAMS 0x000000070db00000, 0x000000070db00000| Untracked 
| 198|0x000000070dc00000, 0x000000070dc00000, 0x000000070dd00000|  0%| F|  |TAMS 0x000000070dc00000, 0x000000070dc00000| Untracked 
| 199|0x000000070dd00000, 0x000000070dd00000, 0x000000070de00000|  0%| F|  |TAMS 0x000000070dd00000, 0x000000070dd00000| Untracked 
| 200|0x000000070de00000, 0x000000070de00000, 0x000000070df00000|  0%| F|  |TAMS 0x000000070de00000, 0x000000070de00000| Untracked 
| 201|0x000000070df00000, 0x000000070df00000, 0x000000070e000000|  0%| F|  |TAMS 0x000000070df00000, 0x000000070df00000| Untracked 
| 202|0x000000070e000000, 0x000000070e000000, 0x000000070e100000|  0%| F|  |TAMS 0x000000070e000000, 0x000000070e000000| Untracked 
| 203|0x000000070e100000, 0x000000070e100000, 0x000000070e200000|  0%| F|  |TAMS 0x000000070e100000, 0x000000070e100000| Untracked 
| 204|0x000000070e200000, 0x000000070e200000, 0x000000070e300000|  0%| F|  |TAMS 0x000000070e200000, 0x000000070e200000| Untracked 
| 205|0x000000070e300000, 0x000000070e300000, 0x000000070e400000|  0%| F|  |TAMS 0x000000070e300000, 0x000000070e300000| Untracked 
| 206|0x000000070e400000, 0x000000070e400000, 0x000000070e500000|  0%| F|  |TAMS 0x000000070e400000, 0x000000070e400000| Untracked 
| 207|0x000000070e500000, 0x000000070e500000, 0x000000070e600000|  0%| F|  |TAMS 0x000000070e500000, 0x000000070e500000| Untracked 
| 208|0x000000070e600000, 0x000000070e600000, 0x000000070e700000|  0%| F|  |TAMS 0x000000070e600000, 0x000000070e600000| Untracked 
| 209|0x000000070e700000, 0x000000070e700000, 0x000000070e800000|  0%| F|  |TAMS 0x000000070e700000, 0x000000070e700000| Untracked 
| 210|0x000000070e800000, 0x000000070e800000, 0x000000070e900000|  0%| F|  |TAMS 0x000000070e800000, 0x000000070e800000| Untracked 
| 211|0x000000070e900000, 0x000000070e900000, 0x000000070ea00000|  0%| F|  |TAMS 0x000000070e900000, 0x000000070e900000| Untracked 
| 212|0x000000070ea00000, 0x000000070ea00000, 0x000000070eb00000|  0%| F|  |TAMS 0x000000070ea00000, 0x000000070ea00000| Untracked 
| 213|0x000000070eb00000, 0x000000070eb00000, 0x000000070ec00000|  0%| F|  |TAMS 0x000000070eb00000, 0x000000070eb00000| Untracked 
| 214|0x000000070ec00000, 0x000000070ec00000, 0x000000070ed00000|  0%| F|  |TAMS 0x000000070ec00000, 0x000000070ec00000| Untracked 
| 215|0x000000070ed00000, 0x000000070ed00000, 0x000000070ee00000|  0%| F|  |TAMS 0x000000070ed00000, 0x000000070ed00000| Untracked 
| 216|0x000000070ee00000, 0x000000070ee00000, 0x000000070ef00000|  0%| F|  |TAMS 0x000000070ee00000, 0x000000070ee00000| Untracked 
| 217|0x000000070ef00000, 0x000000070ef00000, 0x000000070f000000|  0%| F|  |TAMS 0x000000070ef00000, 0x000000070ef00000| Untracked 
| 218|0x000000070f000000, 0x000000070f000000, 0x000000070f100000|  0%| F|  |TAMS 0x000000070f000000, 0x000000070f000000| Untracked 
| 219|0x000000070f100000, 0x000000070f100000, 0x000000070f200000|  0%| F|  |TAMS 0x000000070f100000, 0x000000070f100000| Untracked 
| 220|0x000000070f200000, 0x000000070f200000, 0x000000070f300000|  0%| F|  |TAMS 0x000000070f200000, 0x000000070f200000| Untracked 
| 221|0x000000070f300000, 0x000000070f300000, 0x000000070f400000|  0%| F|  |TAMS 0x000000070f300000, 0x000000070f300000| Untracked 
| 222|0x000000070f400000, 0x000000070f400000, 0x000000070f500000|  0%| F|  |TAMS 0x000000070f400000, 0x000000070f400000| Untracked 
| 223|0x000000070f500000, 0x000000070f500000, 0x000000070f600000|  0%| F|  |TAMS 0x000000070f500000, 0x000000070f500000| Untracked 
| 224|0x000000070f600000, 0x000000070f600000, 0x000000070f700000|  0%| F|  |TAMS 0x000000070f600000, 0x000000070f600000| Untracked 
| 225|0x000000070f700000, 0x000000070f700000, 0x000000070f800000|  0%| F|  |TAMS 0x000000070f700000, 0x000000070f700000| Untracked 
| 226|0x000000070f800000, 0x000000070f800000, 0x000000070f900000|  0%| F|  |TAMS 0x000000070f800000, 0x000000070f800000| Untracked 
| 227|0x000000070f900000, 0x000000070f900000, 0x000000070fa00000|  0%| F|  |TAMS 0x000000070f900000, 0x000000070f900000| Untracked 
| 228|0x000000070fa00000, 0x000000070fa00000, 0x000000070fb00000|  0%| F|  |TAMS 0x000000070fa00000, 0x000000070fa00000| Untracked 
| 229|0x000000070fb00000, 0x000000070fb00000, 0x000000070fc00000|  0%| F|  |TAMS 0x000000070fb00000, 0x000000070fb00000| Untracked 
| 230|0x000000070fc00000, 0x000000070fc00000, 0x000000070fd00000|  0%| F|  |TAMS 0x000000070fc00000, 0x000000070fc00000| Untracked 
| 231|0x000000070fd00000, 0x000000070fd00000, 0x000000070fe00000|  0%| F|  |TAMS 0x000000070fd00000, 0x000000070fd00000| Untracked 
| 232|0x000000070fe00000, 0x000000070fe00000, 0x000000070ff00000|  0%| F|  |TAMS 0x000000070fe00000, 0x000000070fe00000| Untracked 
| 233|0x000000070ff00000, 0x000000070ff00000, 0x0000000710000000|  0%| F|  |TAMS 0x000000070ff00000, 0x000000070ff00000| Untracked 
| 234|0x0000000710000000, 0x00000007100fc130, 0x0000000710100000| 98%| E|  |TAMS 0x0000000710000000, 0x0000000710000000| Complete 
| 235|0x0000000710100000, 0x0000000710200000, 0x0000000710200000|100%| E|CS|TAMS 0x0000000710100000, 0x0000000710100000| Complete 
| 236|0x0000000710200000, 0x0000000710300000, 0x0000000710300000|100%| E|CS|TAMS 0x0000000710200000, 0x0000000710200000| Complete 
| 237|0x0000000710300000, 0x0000000710400000, 0x0000000710400000|100%| E|CS|TAMS 0x0000000710300000, 0x0000000710300000| Complete 
| 238|0x0000000710400000, 0x0000000710500000, 0x0000000710500000|100%| E|CS|TAMS 0x0000000710400000, 0x0000000710400000| Complete 
| 239|0x0000000710500000, 0x0000000710600000, 0x0000000710600000|100%| E|  |TAMS 0x0000000710500000, 0x0000000710500000| Complete 
| 240|0x0000000710600000, 0x0000000710700000, 0x0000000710700000|100%| E|CS|TAMS 0x0000000710600000, 0x0000000710600000| Complete 
| 241|0x0000000710700000, 0x0000000710800000, 0x0000000710800000|100%| E|CS|TAMS 0x0000000710700000, 0x0000000710700000| Complete 
| 242|0x0000000710800000, 0x0000000710900000, 0x0000000710900000|100%| E|CS|TAMS 0x0000000710800000, 0x0000000710800000| Complete 
| 243|0x0000000710900000, 0x0000000710a00000, 0x0000000710a00000|100%| E|CS|TAMS 0x0000000710900000, 0x0000000710900000| Complete 
| 244|0x0000000710a00000, 0x0000000710b00000, 0x0000000710b00000|100%| E|CS|TAMS 0x0000000710a00000, 0x0000000710a00000| Complete 
| 245|0x0000000710b00000, 0x0000000710c00000, 0x0000000710c00000|100%| E|CS|TAMS 0x0000000710b00000, 0x0000000710b00000| Complete 
| 246|0x0000000710c00000, 0x0000000710d00000, 0x0000000710d00000|100%| E|CS|TAMS 0x0000000710c00000, 0x0000000710c00000| Complete 
| 247|0x0000000710d00000, 0x0000000710e00000, 0x0000000710e00000|100%| E|CS|TAMS 0x0000000710d00000, 0x0000000710d00000| Complete 
| 248|0x0000000710e00000, 0x0000000710f00000, 0x0000000710f00000|100%| E|CS|TAMS 0x0000000710e00000, 0x0000000710e00000| Complete 
| 249|0x0000000710f00000, 0x0000000711000000, 0x0000000711000000|100%| E|CS|TAMS 0x0000000710f00000, 0x0000000710f00000| Complete 
| 250|0x0000000711000000, 0x0000000711100000, 0x0000000711100000|100%| E|CS|TAMS 0x0000000711000000, 0x0000000711000000| Complete 
| 251|0x0000000711100000, 0x0000000711200000, 0x0000000711200000|100%| E|CS|TAMS 0x0000000711100000, 0x0000000711100000| Complete 
| 252|0x0000000711200000, 0x0000000711300000, 0x0000000711300000|100%| E|CS|TAMS 0x0000000711200000, 0x0000000711200000| Complete 
| 253|0x0000000711300000, 0x0000000711400000, 0x0000000711400000|100%| E|CS|TAMS 0x0000000711300000, 0x0000000711300000| Complete 
| 254|0x0000000711400000, 0x0000000711500000, 0x0000000711500000|100%| E|CS|TAMS 0x0000000711400000, 0x0000000711400000| Complete 
| 255|0x0000000711500000, 0x0000000711600000, 0x0000000711600000|100%| E|CS|TAMS 0x0000000711500000, 0x0000000711500000| Complete 

Card table byte_map: [0x0000023ea33f0000,0x0000023ea3bf0000] _byte_map_base: 0x0000023e9fbe5000

Marking Bits (Prev, Next): (CMBitMap*) 0x0000023e8a70f6c8, (CMBitMap*) 0x0000023e8a70f708
 Prev Bits: [0x0000023ea43f0000, 0x0000023ea8398000)
 Next Bits: [0x0000023ea83a0000, 0x0000023eac348000)

Polling page: 0x0000023e88570000

Metaspace:

Usage:
  Non-class:      9.13 MB capacity,     6.55 MB ( 72%) used,     2.57 MB ( 28%) free+waste,     9.56 KB ( <1%) overhead. 
      Class:    630.00 KB capacity,   335.78 KB ( 53%) used,   290.72 KB ( 46%) free+waste,     3.50 KB ( <1%) overhead. 
       Both:      9.74 MB capacity,     6.88 MB ( 71%) used,     2.85 MB ( 29%) free+waste,    13.06 KB ( <1%) overhead. 

Virtual space:
  Non-class space:       10.00 MB reserved,       9.25 MB ( 93%) committed 
      Class space:        1.00 GB reserved,     640.00 KB ( <1%) committed 
             Both:        1.01 GB reserved,       9.88 MB ( <1%) committed 

Chunk freelists:
   Non-Class:  60.00 KB
       Class:  10.00 KB
        Both:  70.00 KB

MaxMetaspaceSize: 17179869184.00 GB
CompressedClassSpaceSize: 1.00 GB

CodeHeap 'non-profiled nmethods': size=119168Kb used=255Kb max_used=255Kb free=118913Kb
 bounds [0x0000023e9a9c0000, 0x0000023e9ac30000, 0x0000023ea1e20000]
CodeHeap 'profiled nmethods': size=119104Kb used=1526Kb max_used=1526Kb free=117577Kb
 bounds [0x0000023e93570000, 0x0000023e937e0000, 0x0000023e9a9c0000]
CodeHeap 'non-nmethods': size=7488Kb used=1621Kb max_used=3326Kb free=5867Kb
 bounds [0x0000023e92e20000, 0x0000023e931d0000, 0x0000023e93570000]
 total_blobs=2326 nmethods=850 adapters=929
 compilation: enabled
              stopped_count=0, restarted_count=0
 full_count=0

Compilation events (20 events):
Event: 1.331 Thread 0x0000023eb9ef4800  838       3       org.lwjgl.opengl.GL11C::glDrawElements (8 bytes)
Event: 1.331 Thread 0x0000023eb9ef4800 nmethod 838 0x0000023e936e9910 code [0x0000023e936e9aa0, 0x0000023e936e9ba8]
Event: 1.331 Thread 0x0000023eb9dac000 nmethod 837 0x0000023e936e9c90 code [0x0000023e936e9e40, 0x0000023e936e9fa8]
Event: 1.331 Thread 0x0000023eb03d8800 nmethod 836 0x0000023e936ea090 code [0x0000023e936ea260, 0x0000023e936ea4d8]
Event: 1.335 Thread 0x0000023eb9ef4800  840       3       educanet.Game::update (277 bytes)
Event: 1.335 Thread 0x0000023eb03d8800  841       3       org.lwjgl.glfw.GLFW::glfwSwapBuffers (21 bytes)
Event: 1.335 Thread 0x0000023eb03d8800 nmethod 841 0x0000023e936ea610 code [0x0000023e936ea7e0, 0x0000023e936eaa78]
Event: 1.336 Thread 0x0000023eb03d8800  842       3       org.lwjgl.glfw.GLFW::glfwPollEvents (12 bytes)
Event: 1.336 Thread 0x0000023eb9a4b800  843       3       org.lwjgl.glfw.EventLoop$OnScreen::check (1 bytes)
Event: 1.336 Thread 0x0000023eb9ef4800 nmethod 840 0x0000023e936eac10 code [0x0000023e936eb060, 0x0000023e936ec198]
Event: 1.336 Thread 0x0000023eb03d8800 nmethod 842 0x0000023e936ec690 code [0x0000023e936ec840, 0x0000023e936ec9a8]
Event: 1.336 Thread 0x0000023eb9a4b800 nmethod 843 0x0000023e936eca90 code [0x0000023e936ecc20, 0x0000023e936eccf8]
Event: 1.394 Thread 0x0000023eb9a4b800  845       3       org.joml.Matrix4f::translateGeneric (136 bytes)
Event: 1.395 Thread 0x0000023eb9a4b800 nmethod 845 0x0000023e936ecd90 code [0x0000023e936ecfc0, 0x0000023e936ed898]
Event: 2.403 Thread 0x0000023eb03d4000  848       4       org.joml.MemUtil$MemUtilUnsafe::put (43 bytes)
Event: 2.404 Thread 0x0000023eb03d4000 nmethod 848 0x0000023e9a9ff290 code [0x0000023e9a9ff420, 0x0000023e9a9ff4d8]
Event: 3.865 Thread 0x0000023eb03d4000  849       4       org.joml.Matrix4f::translateGeneric (136 bytes)
Event: 3.866 Thread 0x0000023eb03d4000 nmethod 849 0x0000023e9a9ff590 code [0x0000023e9a9ff700, 0x0000023e9a9ff7f8]
Event: 3.866 Thread 0x0000023eb03d4000  850       4       org.lwjgl.glfw.GLFW::glfwWindowShouldClose (29 bytes)
Event: 3.867 Thread 0x0000023eb03d4000 nmethod 850 0x0000023e9a9ff890 code [0x0000023e9a9ffa40, 0x0000023e9a9ffb28]

GC Heap History (0 events):
No events

Deoptimization events (20 events):
Event: 0.100 Thread 0x0000023e8a6a4800 Uncommon trap: trap_request=0xffffff45 fr.pc=0x0000023e9a9d6e10 relative=0x0000000000000070
Event: 0.100 Thread 0x0000023e8a6a4800 Uncommon trap: reason=unstable_if action=reinterpret pc=0x0000023e9a9d6e10 method=java.io.WinNTFileSystem.isSlash(C)Z @ 9 c2
Event: 0.100 Thread 0x0000023e8a6a4800 DEOPT PACKING pc=0x0000023e9a9d6e10 sp=0x000000ae849fc210
Event: 0.100 Thread 0x0000023e8a6a4800 DEOPT UNPACKING pc=0x0000023e92e6912f sp=0x000000ae849fc198 mode 2
Event: 0.920 Thread 0x0000023e8a6a4800 DEOPT PACKING pc=0x0000023e935a6455 sp=0x000000ae849fda80
Event: 0.920 Thread 0x0000023e8a6a4800 DEOPT UNPACKING pc=0x0000023e92e6964e sp=0x000000ae849fcee0 mode 0
Event: 0.951 Thread 0x0000023e8a6a4800 Uncommon trap: trap_request=0xffffff54 fr.pc=0x0000023e9a9e4b90 relative=0x0000000000000070
Event: 0.951 Thread 0x0000023e8a6a4800 Uncommon trap: reason=speculate_null_assert action=make_not_entrant pc=0x0000023e9a9e4b90 method=sun.misc.Unsafe.putLong(Ljava/lang/Object;JJ)V @ 7 c2
Event: 0.951 Thread 0x0000023e8a6a4800 DEOPT PACKING pc=0x0000023e9a9e4b90 sp=0x000000ae849fece0
Event: 0.951 Thread 0x0000023e8a6a4800 DEOPT UNPACKING pc=0x0000023e92e6912f sp=0x000000ae849fec58 mode 2
Event: 0.955 Thread 0x0000023e8a6a4800 Uncommon trap: trap_request=0xffffff54 fr.pc=0x0000023e9a9e6e88 relative=0x0000000000000068
Event: 0.955 Thread 0x0000023e8a6a4800 Uncommon trap: reason=speculate_null_assert action=make_not_entrant pc=0x0000023e9a9e6e88 method=sun.misc.Unsafe.getLong(Ljava/lang/Object;J)J @ 5 c2
Event: 0.955 Thread 0x0000023e8a6a4800 DEOPT PACKING pc=0x0000023e9a9e6e88 sp=0x000000ae849febd0
Event: 0.955 Thread 0x0000023e8a6a4800 DEOPT UNPACKING pc=0x0000023e92e6912f sp=0x000000ae849feb58 mode 2
Event: 0.985 Thread 0x0000023e8a6a4800 DEOPT PACKING pc=0x0000023e935bb85f sp=0x000000ae849fd6f0
Event: 0.985 Thread 0x0000023e8a6a4800 DEOPT UNPACKING pc=0x0000023e92e6964e sp=0x000000ae849fcb40 mode 0
Event: 4.152 Thread 0x0000023e8a6a4800 Uncommon trap: trap_request=0xffffff45 fr.pc=0x0000023e9a9ffac4 relative=0x0000000000000084
Event: 4.152 Thread 0x0000023e8a6a4800 Uncommon trap: reason=unstable_if action=reinterpret pc=0x0000023e9a9ffac4 method=org.lwjgl.glfw.GLFW.glfwWindowShouldClose(J)Z @ 20 c2
Event: 4.152 Thread 0x0000023e8a6a4800 DEOPT PACKING pc=0x0000023e9a9ffac4 sp=0x000000ae849fefd0
Event: 4.152 Thread 0x0000023e8a6a4800 DEOPT UNPACKING pc=0x0000023e92e6912f sp=0x000000ae849fef60 mode 2

Classes unloaded (0 events):
No events

Classes redefined (0 events):
No events

Internal exceptions (11 events):
Event: 0.087 Thread 0x0000023e8a6a4800 Exception <a 'java/lang/NoSuchMethodError'{0x0000000711225368}: 'void java.lang.invoke.DelegatingMethodHandle$Holder.delegate(java.lang.Object, java.lang.Object, int, java.lang.Object)'> (0x0000000711225368) 
thrown [t:/workspace/open/src/hotspot/share/interpreter/linkResolver.cpp, line 766]
Event: 0.088 Thread 0x0000023e8a6a4800 Exception <a 'java/lang/NoSuchMethodError'{0x000000071122bdc0}: 'java.lang.Object java.lang.invoke.DirectMethodHandle$Holder.invokeStaticInit(java.lang.Object, java.lang.Object, java.lang.Object)'> (0x000000071122bdc0) 
thrown [t:/workspace/open/src/hotspot/share/interpreter/linkResolver.cpp, line 766]
Event: 0.115 Thread 0x0000023e8a6a4800 Exception <a 'sun/nio/fs/WindowsException'{0x0000000711102d58}> (0x0000000711102d58) 
thrown [t:/workspace/open/src/hotspot/share/prims/jni.cpp, line 599]
Event: 0.115 Thread 0x0000023e8a6a4800 Exception <a 'sun/nio/fs/WindowsException'{0x00000007111032b0}> (0x00000007111032b0) 
thrown [t:/workspace/open/src/hotspot/share/prims/jni.cpp, line 599]
Event: 0.124 Thread 0x0000023e8a6a4800 Exception <a 'sun/nio/fs/WindowsException'{0x000000071112dc10}> (0x000000071112dc10) 
thrown [t:/workspace/open/src/hotspot/share/prims/jni.cpp, line 599]
Event: 0.124 Thread 0x0000023e8a6a4800 Exception <a 'sun/nio/fs/WindowsException'{0x000000071112df80}> (0x000000071112df80) 
thrown [t:/workspace/open/src/hotspot/share/prims/jni.cpp, line 599]
Event: 0.922 Thread 0x0000023e8a6a4800 Exception <a 'sun/nio/fs/WindowsException'{0x000000071109ea68}> (0x000000071109ea68) 
thrown [t:/workspace/open/src/hotspot/share/prims/jni.cpp, line 599]
Event: 0.922 Thread 0x0000023e8a6a4800 Exception <a 'sun/nio/fs/WindowsException'{0x000000071109ee18}> (0x000000071109ee18) 
thrown [t:/workspace/open/src/hotspot/share/prims/jni.cpp, line 599]
Event: 0.925 Thread 0x0000023e8a6a4800 Exception <a 'sun/nio/fs/WindowsException'{0x00000007110bd6d8}> (0x00000007110bd6d8) 
thrown [t:/workspace/open/src/hotspot/share/prims/jni.cpp, line 599]
Event: 0.925 Thread 0x0000023e8a6a4800 Exception <a 'sun/nio/fs/WindowsException'{0x00000007110bd9c0}> (0x00000007110bd9c0) 
thrown [t:/workspace/open/src/hotspot/share/prims/jni.cpp, line 599]
Event: 1.045 Thread 0x0000023e8a6a4800 Exception <a 'java/lang/NoSuchMethodError'{0x000000071068a950}: 'void java.lang.invoke.DirectMethodHandle$Holder.invokeStatic(java.lang.Object, long, int, int)'> (0x000000071068a950) 
thrown [t:/workspace/open/src/hotspot/share/interpreter/linkResolver.cpp, line 766]

Events (20 events):
Event: 1.094 loading class java/lang/SecurityException
Event: 1.094 loading class java/lang/SecurityException done
Event: 1.096 loading class jdk/internal/access/foreign/MemorySegmentProxy
Event: 1.096 loading class jdk/internal/access/foreign/MemorySegmentProxy done
Event: 1.112 Loaded shared library C:\Program Files\Java\jdk-14\bin\zip.dll
Event: 1.156 loading class java/lang/NumberFormatException
Event: 1.156 loading class java/lang/NumberFormatException done
Event: 1.311 Thread 0x0000023eb9a06000 Thread exited: 0x0000023eb9a06000
Event: 1.321 Loaded shared library C:\Users\bezou\AppData\Local\Temp\lwjglbezou\3.2.3-build-13\lwjgl_opengl.dll
Event: 1.323 Loaded shared library C:\Users\bezou\AppData\Local\Temp\lwjglbezou\3.2.3-build-13\lwjgl.dll
Event: 1.324 Loaded shared library C:\Users\bezou\AppData\Local\Temp\lwjglbezou\3.2.3-build-13\lwjgl.dll
Event: 1.327 Loaded shared library C:\Users\bezou\AppData\Local\Temp\lwjglbezou\3.2.3-build-13\lwjgl_opengl.dll
Event: 1.331 Loaded shared library C:\Users\bezou\AppData\Local\Temp\lwjglbezou\3.2.3-build-13\lwjgl_opengl.dll
Event: 1.335 Loaded shared library C:\Users\bezou\AppData\Local\Temp\lwjglbezou\3.2.3-build-13\lwjgl_opengl.dll
Event: 1.337 Loaded shared library C:\Users\bezou\AppData\Local\Temp\lwjglbezou\3.2.3-build-13\lwjgl.dll
Event: 1.398 Loaded shared library C:\Users\bezou\AppData\Local\Temp\lwjglbezou\3.2.3-build-13\lwjgl_opengl.dll
Event: 1.400 Loaded shared library C:\Users\bezou\AppData\Local\Temp\lwjglbezou\3.2.3-build-13\lwjgl.dll
Event: 2.403 Thread 0x0000023eb9ef4800 Thread exited: 0x0000023eb9ef4800
Event: 2.403 Thread 0x0000023eb9a4b800 Thread exited: 0x0000023eb9a4b800
Event: 2.403 Thread 0x0000023eb9dac000 Thread exited: 0x0000023eb9dac000


Dynamic libraries:
0x00007ff738f90000 - 0x00007ff738f9f000 	C:\Program Files\Java\jdk-14\bin\java.exe
0x00007ffcad510000 - 0x00007ffcad705000 	C:\WINDOWS\SYSTEM32\ntdll.dll
0x00007ffc75e90000 - 0x00007ffc75ea3000 	C:\Program Files\AVAST Software\Avast\aswhook.dll
0x00007ffcac070000 - 0x00007ffcac12d000 	C:\WINDOWS\System32\KERNEL32.DLL
0x00007ffcab060000 - 0x00007ffcab328000 	C:\WINDOWS\System32\KERNELBASE.dll
0x00007ffca8520000 - 0x00007ffca85b0000 	C:\WINDOWS\SYSTEM32\apphelp.dll
0x00007ffc1ef10000 - 0x00007ffc1f3a4000 	C:\WINDOWS\SYSTEM32\AcLayers.DLL
0x00007ffcacba0000 - 0x00007ffcacc3e000 	C:\WINDOWS\System32\msvcrt.dll
0x00007ffcac4e0000 - 0x00007ffcac680000 	C:\WINDOWS\System32\USER32.dll
0x00007ffcaae80000 - 0x00007ffcaaea2000 	C:\WINDOWS\System32\win32u.dll
0x00007ffcac290000 - 0x00007ffcac2ba000 	C:\WINDOWS\System32\GDI32.dll
0x00007ffcab430000 - 0x00007ffcab53b000 	C:\WINDOWS\System32\gdi32full.dll
0x00007ffcaad00000 - 0x00007ffcaad9d000 	C:\WINDOWS\System32\msvcp_win.dll
0x00007ffcab330000 - 0x00007ffcab430000 	C:\WINDOWS\System32\ucrtbase.dll
0x00007ffcad400000 - 0x00007ffcad455000 	C:\WINDOWS\System32\SHLWAPI.dll
0x00007ffcac130000 - 0x00007ffcac1dc000 	C:\WINDOWS\System32\ADVAPI32.dll
0x00007ffcacb00000 - 0x00007ffcacb9b000 	C:\WINDOWS\System32\sechost.dll
0x00007ffcad2d0000 - 0x00007ffcad3fb000 	C:\WINDOWS\System32\RPCRT4.dll
0x0000023e88410000 - 0x0000023e88413000 	C:\WINDOWS\SYSTEM32\sfc.dll
0x00007ffc71bc0000 - 0x00007ffc71c4e000 	C:\WINDOWS\SYSTEM32\WINSPOOL.DRV
0x00007ffc84590000 - 0x00007ffc845a2000 	C:\WINDOWS\SYSTEM32\sfc_os.DLL
0x00007ffcabce0000 - 0x00007ffcabd10000 	C:\WINDOWS\System32\IMM32.DLL
0x00007ffca5820000 - 0x00007ffca5838000 	C:\Program Files\Java\jdk-14\bin\jli.dll
0x00007ffca5840000 - 0x00007ffca5855000 	C:\Program Files\Java\jdk-14\bin\VCRUNTIME140.dll
0x00007ffc93890000 - 0x00007ffc93b2a000 	C:\WINDOWS\WinSxS\amd64_microsoft.windows.common-controls_6595b64144ccf1df_6.0.19041.844_none_ca00b6081b84eb1d\COMCTL32.dll
0x00007ffca17d0000 - 0x00007ffca17da000 	C:\WINDOWS\SYSTEM32\VERSION.dll
0x00007ffc85a50000 - 0x00007ffc85aeb000 	C:\Program Files\Java\jdk-14\bin\msvcp140.dll
0x00007ffc1dd80000 - 0x00007ffc1e89f000 	C:\Program Files\Java\jdk-14\bin\server\jvm.dll
0x00007ffcabcc0000 - 0x00007ffcabcc8000 	C:\WINDOWS\System32\PSAPI.DLL
0x00007ffc9b8c0000 - 0x00007ffc9b8c9000 	C:\WINDOWS\SYSTEM32\WSOCK32.dll
0x00007ffca03b0000 - 0x00007ffca03d7000 	C:\WINDOWS\SYSTEM32\WINMM.dll
0x00007ffcad460000 - 0x00007ffcad4cb000 	C:\WINDOWS\System32\WS2_32.dll
0x00007ffca8ad0000 - 0x00007ffca8ae2000 	C:\WINDOWS\SYSTEM32\kernel.appcore.dll
0x00007ffca6a10000 - 0x00007ffca6a1a000 	C:\Program Files\Java\jdk-14\bin\jimage.dll
0x00007ffca3700000 - 0x00007ffca38e4000 	C:\WINDOWS\SYSTEM32\DBGHELP.DLL
0x00007ffca0b10000 - 0x00007ffca0b3c000 	C:\WINDOWS\SYSTEM32\dbgcore.DLL
0x00007ffcaada0000 - 0x00007ffcaae20000 	C:\WINDOWS\System32\bcryptPrimitives.dll
0x00007ffc9c110000 - 0x00007ffc9c135000 	C:\Program Files\Java\jdk-14\bin\java.dll
0x00007ffca5780000 - 0x00007ffca5797000 	C:\Program Files\Java\jdk-14\bin\zip.dll
0x00007ffcab570000 - 0x00007ffcabcb2000 	C:\WINDOWS\System32\SHELL32.dll
0x00007ffca8db0000 - 0x00007ffca9541000 	C:\WINDOWS\SYSTEM32\windows.storage.dll
0x00007ffcabd10000 - 0x00007ffcac065000 	C:\WINDOWS\System32\combase.dll
0x00007ffcaa6c0000 - 0x00007ffcaa6ec000 	C:\WINDOWS\SYSTEM32\Wldp.dll
0x00007ffcac1e0000 - 0x00007ffcac28e000 	C:\WINDOWS\System32\SHCORE.dll
0x00007ffcaab90000 - 0x00007ffcaabaf000 	C:\WINDOWS\SYSTEM32\profapi.dll
0x00007ffc9cc40000 - 0x00007ffc9cc59000 	C:\Program Files\Java\jdk-14\bin\net.dll
0x00007ffca2680000 - 0x00007ffca278b000 	C:\WINDOWS\SYSTEM32\WINHTTP.dll
0x00007ffcaa430000 - 0x00007ffcaa49a000 	C:\WINDOWS\system32\mswsock.dll
0x00007ffc98be0000 - 0x00007ffc98bf2000 	C:\Program Files\Java\jdk-14\bin\nio.dll
0x00007ffca0340000 - 0x00007ffca03a4000 	C:\Users\bezou\AppData\Local\Temp\lwjglbezou\3.2.3-build-13\lwjgl.dll
0x00007ffc9c320000 - 0x00007ffc9c382000 	C:\Users\bezou\AppData\Local\Temp\lwjglbezou\3.2.3-build-13\glfw.dll
0x00007ffca8610000 - 0x00007ffca86ae000 	C:\WINDOWS\system32\uxtheme.dll
0x00007ffca0000000 - 0x00007ffca0045000 	C:\WINDOWS\SYSTEM32\dinput8.dll
0x00007ffc97f40000 - 0x00007ffc97f51000 	C:\WINDOWS\SYSTEM32\xinput1_4.dll
0x00007ffcab010000 - 0x00007ffcab05e000 	C:\WINDOWS\System32\cfgmgr32.dll
0x00007ffcaaa00000 - 0x00007ffcaaa2c000 	C:\WINDOWS\SYSTEM32\DEVOBJ.dll
0x00007ffca8aa0000 - 0x00007ffca8acf000 	C:\WINDOWS\SYSTEM32\dwmapi.dll
0x00007ffca0620000 - 0x00007ffca0772000 	C:\WINDOWS\SYSTEM32\inputhost.dll
0x00007ffcac830000 - 0x00007ffcac8fd000 	C:\WINDOWS\System32\OLEAUT32.dll
0x00007ffca82f0000 - 0x00007ffca83e2000 	C:\WINDOWS\SYSTEM32\CoreMessaging.dll
0x00007ffca6c30000 - 0x00007ffca6d84000 	C:\WINDOWS\SYSTEM32\wintypes.dll
0x00007ffca6400000 - 0x00007ffca64f7000 	C:\WINDOWS\SYSTEM32\PROPSYS.dll
0x00007ffca7f90000 - 0x00007ffca82ee000 	C:\WINDOWS\SYSTEM32\CoreUIComponents.dll
0x00007ffca9990000 - 0x00007ffca99c3000 	C:\WINDOWS\SYSTEM32\ntmarta.dll
0x00007ffcacd20000 - 0x00007ffcace35000 	C:\WINDOWS\System32\MSCTF.dll
0x00007ffc5a5b0000 - 0x00007ffc5a6ab000 	C:\ProgramData\A-Volute\A-Volute.28054DF1F58B4\Modules\ScheduledModules\x64\A-Volute.SonicRadar3DevProps2.dll
0x00007ffcac3b0000 - 0x00007ffcac4da000 	C:\WINDOWS\System32\ole32.dll
0x00007ffc5ad30000 - 0x00007ffc5addc000 	C:\ProgramData\A-Volute\A-Volute.28054DF1F58B4\Modules\ScheduledModules\x64\NahimicOSD.dll
0x00007ffca57e0000 - 0x00007ffca5800000 	C:\ProgramData\A-Volute\A-Volute.28054DF1F58B4\Modules\ScheduledModules\x64\ProductInfo.dll
0x00007ffc5a880000 - 0x00007ffc5a97b000 	C:\ProgramData\A-Volute\A-Volute.SonicStudio3\Modules\ScheduledModules\x64\A-Volute.SonicStudio3DevProps2.dll
0x00007ffca9550000 - 0x00007ffca955d000 	C:\WINDOWS\SYSTEM32\HID.DLL
0x00007ffcace40000 - 0x00007ffcad2a9000 	C:\WINDOWS\System32\SETUPAPI.DLL
0x0000023eb0fb0000 - 0x0000023eb0fd7000 	C:\WINDOWS\System32\bcrypt.dll
0x00007ffcaae20000 - 0x00007ffcaae80000 	C:\WINDOWS\System32\WINTRUST.dll
0x0000023eb1df0000 - 0x0000023eb1f4f000 	C:\WINDOWS\System32\CRYPT32.dll
0x00007ffcaa840000 - 0x00007ffcaa852000 	C:\WINDOWS\SYSTEM32\MSASN1.dll
0x00007ffc37680000 - 0x00007ffc377a6000 	C:\WINDOWS\SYSTEM32\opengl32.dll
0x00007ffc61960000 - 0x00007ffc6198c000 	C:\WINDOWS\SYSTEM32\GLU32.dll
0x00007ffcaca50000 - 0x00007ffcacaf9000 	C:\WINDOWS\System32\clbcatq.dll
0x00007ffc56110000 - 0x00007ffc5613b000 	C:\WINDOWS\System32\DriverStore\FileRepository\u0366490.inf_amd64_c0dea8a43cb81731\B366217\atig6pxx.dll
0x00007ffc33cd0000 - 0x00007ffc36aba000 	C:\WINDOWS\System32\DriverStore\FileRepository\u0366490.inf_amd64_c0dea8a43cb81731\B366217\atio6axx.dll
0x00007ffc7cb20000 - 0x00007ffc7cb44000 	C:\WINDOWS\SYSTEM32\dxva2.dll
0x00007ffc529c0000 - 0x00007ffc529fc000 	C:\WINDOWS\System32\DriverStore\FileRepository\u0366490.inf_amd64_c0dea8a43cb81731\B366217\atig6txx.dll
0x00007ffc61790000 - 0x00007ffc61943000 	C:\WINDOWS\SYSTEM32\atiadlxx.dll
0x00007ffc8f870000 - 0x00007ffc8f8c4000 	C:\WINDOWS\SYSTEM32\pdh.dll
0x00007ffca0ad0000 - 0x00007ffca0b0b000 	C:\WINDOWS\SYSTEM32\dxcore.dll
0x00007ffc5a3a0000 - 0x00007ffc5a56e000 	C:\WINDOWS\SYSTEM32\d3d9.dll
0x00007ffca0780000 - 0x00007ffca0879000 	C:\WINDOWS\SYSTEM32\textinputframework.dll
0x00007ffc9c2c0000 - 0x00007ffc9c319000 	C:\Users\bezou\AppData\Local\Temp\lwjglbezou\3.2.3-build-13\lwjgl_opengl.dll
0x00007ffca5fd0000 - 0x00007ffca5fe0000 	C:\Program Files\Java\jdk-14\bin\verify.dll

dbghelp: loaded successfully - version: 4.0.5 - missing functions: none
symbol engine: initialized successfully - sym options: 0x614 - pdb path: .;C:\Program Files\Java\jdk-14\bin;C:\WINDOWS\SYSTEM32;C:\Program Files\AVAST Software\Avast;C:\WINDOWS\WinSxS\amd64_microsoft.windows.common-controls_6595b64144ccf1df_6.0.19041.844_none_ca00b6081b84eb1d;C:\Program Files\Java\jdk-14\bin\server;C:\Users\bezou\AppData\Local\Temp\lwjglbezou\3.2.3-build-13;C:\ProgramData\A-Volute\A-Volute.28054DF1F58B4\Modules\ScheduledModules\x64;C:\ProgramData\A-Volute\A-Volute.SonicStudio3\Modules\ScheduledModules\x64;C:\WINDOWS\System32\DriverStore\FileRepository\u0366490.inf_amd64_c0dea8a43cb81731\B366217

VM Arguments:
jvm_args: -Dfile.encoding=windows-1250 -Duser.country=US -Duser.language=en -Duser.variant 
java_command: educanet.Main
java_class_path (initial): C:\Users\bezou\Disk Google\Educanet\2020-2021\Game dev\ekuel gamedev\openglex2\Matrix\build\classes\java\main;C:\Users\bezou\Disk Google\Educanet\2020-2021\Game dev\ekuel gamedev\openglex2\Matrix\build\resources\main;C:\Users\bezou\.gradle\caches\modules-2\files-2.1\org.lwjgl\lwjgl-assimp\3.2.3\f62aa07a20afbdd3097efc296c4841e0d29700eb\lwjgl-assimp-3.2.3.jar;C:\Users\bezou\.gradle\caches\modules-2\files-2.1\org.lwjgl\lwjgl-assimp\3.2.3\4e60aeb75f0343c4a9ede4ef8b6b32ca702a00a3\lwjgl-assimp-3.2.3-natives-windows.jar;C:\Users\bezou\.gradle\caches\modules-2\files-2.1\org.lwjgl\lwjgl-glfw\3.2.3\5e520d5c290c8b012545a8d34fa5db5ab051ea53\lwjgl-glfw-3.2.3.jar;C:\Users\bezou\.gradle\caches\modules-2\files-2.1\org.lwjgl\lwjgl-glfw\3.2.3\b4d8a3477cdc2edcf7a5f1e822926be846223f54\lwjgl-glfw-3.2.3-natives-windows.jar;C:\Users\bezou\.gradle\caches\modules-2\files-2.1\org.lwjgl\lwjgl-openal\3.2.3\106742e805803ab9eab8e343f0fb31a3d263903c\lwjgl-openal-3.2.3.jar;C:\Users\bezou\.gradle\caches\modules-2\files-2.1\org.lwjgl\lwjgl-openal\3.2.3\ec898e8ce11b5886f4f532a1536283ef2817758d\lwjgl-openal-3.2.3-natives-windows.jar;C:\Users\bezou\.gradle\caches\modules-2\files-2.1\org.lwjgl\lwjgl-opengl\3.2.3\bdd534a323d0c8f54969b95e424b6ac8984f7d6e\lwjgl-opengl-3.2.3.jar;C:\Users\bezou\.gradle\caches\modules-2\files-2.1\org.lwjgl\lwjgl-opengl\3.2.3\e81cfc73ec8708e5e791ed770e4ec3edfc1bbab1\lwjgl-opengl-3.2.3-natives-windows.jar;C:\Users\bezou\.gradle\caches\modules-2\files-2.1\org.lwjgl\lwjgl-stb\3.2.3\40eccaa4fa86fc815f2e17946a392fb5fdcc286a\lwjgl-stb-3.2.3.jar;C:\Users\bezou\.gradle\caches\modules-2\files-2.1\org.lwjgl\lwjgl-stb\3.2.3\817b21ec286f0ba3dcedb56a3bd275e6a9345be9\lwjgl-stb-3.2.3-natives-windows.jar;C:\Users\bezou\.gradle\caches\modules-2\files-2.1\org.lwjgl\lwjgl\3.2.3\17a59ba0fe8d474ec9dbe0d5db40d2cfe59c4c08\lwjgl-3.2.3.jar;C:\Users\bezou\.gradle\caches\modules-2\files-2.1\org.lwjgl\lwjgl\3.2.3\27f32cd35349684745951e04388e8e00d681cdcd\lwjgl-3.2.3-natives-
Launcher Type: SUN_STANDARD

[Global flags]
     intx CICompilerCount                          = 12                                        {product} {ergonomic}
     uint ConcGCThreads                            = 5                                         {product} {ergonomic}
     uint G1ConcRefinementThreads                  = 18                                        {product} {ergonomic}
   size_t G1HeapRegionSize                         = 1048576                                   {product} {ergonomic}
    uintx GCDrainStackTargetSize                   = 64                                        {product} {ergonomic}
   size_t InitialHeapSize                          = 268435456                                 {product} {ergonomic}
   size_t MarkStackSize                            = 4194304                                   {product} {ergonomic}
   size_t MaxHeapSize                              = 4271898624                                {product} {ergonomic}
   size_t MaxNewSize                               = 2562719744                                {product} {ergonomic}
   size_t MinHeapDeltaBytes                        = 1048576                                   {product} {ergonomic}
   size_t MinHeapSize                              = 8388608                                   {product} {ergonomic}
    uintx NonNMethodCodeHeapSize                   = 7602480                                {pd product} {ergonomic}
    uintx NonProfiledCodeHeapSize                  = 122027880                              {pd product} {ergonomic}
    uintx ProfiledCodeHeapSize                     = 122027880                              {pd product} {ergonomic}
    uintx ReservedCodeCacheSize                    = 251658240                              {pd product} {ergonomic}
     bool SegmentedCodeCache                       = true                                      {product} {ergonomic}
   size_t SoftMaxHeapSize                          = 4271898624                             {manageable} {ergonomic}
     bool UseCompressedClassPointers               = true                                 {lp64_product} {ergonomic}
     bool UseCompressedOops                        = true                                 {lp64_product} {ergonomic}
     bool UseG1GC                                  = true                                      {product} {ergonomic}
     bool UseLargePagesIndividualAllocation        = false                                  {pd product} {ergonomic}

Logging:
Log output configuration:
 #0: stdout all=warning uptime,level,tags
 #1: stderr all=off uptime,level,tags

Environment Variables:
CLASSPATH="C:\WINDOWS\system32\QTJava.zip"
PATH=C:\Program Files (x86)\Common Files\Oracle\Java\javapath;C:\Program Files\Oculus\Support\oculus-runtime;C:\Program Files (x86)\NVIDIA Corporation\PhysX\Common;C:\WINDOWS\system32;C:\WINDOWS;C:\WINDOWS\System32\Wbem;C:\WINDOWS\System32\WindowsPowerShell\v1.0\;C:\WINDOWS\System32\OpenSSH\;C:\Program Files\Java\jdk-14\bin;C:\WINDOWS\system32;C:\WINDOWS;C:\WINDOWS\System32\Wbem;C:\WINDOWS\System32\WindowsPowerShell\v1.0\;C:\WINDOWS\System32\OpenSSH\;C:\Program Files (x86)\Windows Live\Shared;C:\Program Files\nodejs\;C:\Program Files\Git\cmd;C:\Maven and wildfly\apache-maven-3.6.3\bin;C:\Program Files (x86)\QuickTime\QTSystem\;C:\Users\bezou\AppData\Local\Microsoft\WindowsApps;C:\Users\bezou\AppData\Local\GitHubDesktop\bin;C:\Users\bezou\AppData\Local\Microsoft\WindowsApps;C:\Users\bezou\AppData\Roaming\npm;C:\Maven and wildfly\apache-maven-3.6.3\bin;
USERNAME=bezou
OS=Windows_NT
PROCESSOR_IDENTIFIER=AMD64 Family 23 Model 113 Stepping 0, AuthenticAMD



---------------  S Y S T E M  ---------------

OS: Windows 10 , 64 bit Build 19041 (10.0.19041.928)
OS uptime: 2 days 19:36 hours

CPU:total 24 (initial active 24) (24 cores per cpu, 2 threads per core) family 23 model 113 stepping 0, cmov, cx8, fxsr, mmx, sse, sse2, sse3, ssse3, sse4.1, sse4.2, popcnt, avx, avx2, aes, clmul, mmxext, 3dnowpref, lzcnt, sse4a, ht, tsc, tscinvbit, tscinv, bmi1, bmi2, adx, sha, fma

Memory: 4k page, system-wide physical 16293M (2583M free)
TotalPageFile size 34725M (AvailPageFile size 10433M)
current process WorkingSet (physical memory assigned to process): 149M, peak: 149M
current process commit charge ("private bytes"): 518M, peak: 520M

vm_info: Java HotSpot(TM) 64-Bit Server VM (14+36-1461) for windows-amd64 JRE (14+36-1461), built on Feb  6 2020 19:08:04 by "mach5one" with MS VC++ 15.9 (VS2017)

END.
