#
# A fatal error has been detected by the Java Runtime Environment:
#
#  EXCEPTION_ACCESS_VIOLATION (0xc0000005) at pc=0x0000022a94292c60, pid=27740, tid=5352
#
# JRE version: Java(TM) SE Runtime Environment (14.0+36) (build 14+36-1461)
# Java VM: Java HotSpot(TM) 64-Bit Server VM (14+36-1461, mixed mode, sharing, tiered, compressed oops, g1 gc, windows-amd64)
# Problematic frame:
# C  0x0000022a94292c60
#
# No core dump will be written. Minidumps are not enabled by default on client versions of Windows
#
# If you would like to submit a bug report, please visit:
#   https://bugreport.java.com/bugreport/crash.jsp
# The crash happened outside the Java Virtual Machine in native code.
# See problematic frame for where to report the bug.
#

---------------  S U M M A R Y ------------

Command Line: -Dfile.encoding=windows-1250 -Duser.country=US -Duser.language=en -Duser.variant educanet.Main

Host: AMD Ryzen 9 3900X 12-Core Processor            , 24 cores, 47G,  Windows 10 , 64 bit Build 19041 (10.0.19041.928)
Time: Fri May 14 10:46:06 2021 Central Europe Daylight Time elapsed time: 10 seconds (0d 0h 0m 10s)

---------------  T H R E A D  ---------------

Current thread (0x0000022ad0805000):  JavaThread "main" [_thread_in_native, id=5352, stack(0x000000a8dba00000,0x000000a8dbb00000)]

Stack: [0x000000a8dba00000,0x000000a8dbb00000],  sp=0x000000a8dbafec98,  free space=1019k
Native frames: (J=compiled Java code, j=interpreted, Vv=VM code, C=native code)
C  0x0000022a94292c60

Java frames: (J=compiled Java code, j=interpreted, Vv=VM code)
J 994  org.lwjgl.system.JNI.invokeV(J)V (0 bytes) @ 0x0000022ae0b98bf1 [0x0000022ae0b98ba0+0x0000000000000051]
j  org.lwjgl.glfw.GLFW.glfwTerminate()V+5
j  educanet.Main.main([Ljava/lang/String;)V+136
v  ~StubRoutines::call_stub

siginfo: EXCEPTION_ACCESS_VIOLATION (0xc0000005), data execution prevention violation at address 0x0000022a94292c60


Register to memory mapping:

RIP=0x0000022a94292c60 points into unknown readable memory: 60 2c 29 94 2a 02 00 00
RAX=0x0000022a94292c60 points into unknown readable memory: 60 2c 29 94 2a 02 00 00
RBX=0x0000022a93cfe380 points into unknown readable memory: 10 8c a9 93 2a 02 00 00
RCX=0x0000022a94292c60 points into unknown readable memory: 60 2c 29 94 2a 02 00 00
RDX=0x0000022afe28beb0 points into unknown readable memory: 30 20 55 ca fd 7f 00 00
RSP=0x000000a8dbafec98 is pointing into the stack for thread: 0x0000022ad0805000
RBP=0x0000000000000001 is an unknown value
RSI=0x0000022a8c8003e0 points into unknown readable memory: 70 ff 57 8c 2a 02 00 00
RDI=0x0000022afe28beb0 points into unknown readable memory: 30 20 55 ca fd 7f 00 00
R8 =0x0000000000000019 is an unknown value
R9 =0x0 is NULL
R10=0x0000000000008000 is an unknown value
R11=0x000000a8dbafec10 is pointing into the stack for thread: 0x0000022ad0805000
R12=0x0000022afce7a160 points into unknown readable memory: b8 ed 53 ca fd 7f 00 00
R13=0x0000022a8c875120 points into unknown readable memory: 00 5b 7b 8c 2a 02 00 00
R14=0x0000022a8c875120 points into unknown readable memory: 00 5b 7b 8c 2a 02 00 00
R15=0x0 is NULL


Registers:
RAX=0x0000022a94292c60, RBX=0x0000022a93cfe380, RCX=0x0000022a94292c60, RDX=0x0000022afe28beb0
RSP=0x000000a8dbafec98, RBP=0x0000000000000001, RSI=0x0000022a8c8003e0, RDI=0x0000022afe28beb0
R8 =0x0000000000000019, R9 =0x0000000000000000, R10=0x0000000000008000, R11=0x000000a8dbafec10
R12=0x0000022afce7a160, R13=0x0000022a8c875120, R14=0x0000022a8c875120, R15=0x0000000000000000
RIP=0x0000022a94292c60, EFLAGS=0x0000000000010246

Top of Stack: (sp=0x000000a8dbafec98)
0x000000a8dbafec98:   00007ffdc916785e 0000022a93cfe380
0x000000a8dbafeca8:   00007ffdc9168df7 0000022ace670000
0x000000a8dbafecb8:   0000022a00000000 0000022a0000fffc
0x000000a8dbafecc8:   0000000000000000 0000022afce7a160
0x000000a8dbafecd8:   00007ffdc9158b0f 0000022a93cfe380
0x000000a8dbafece8:   00007ffdca831330 0000000000000000
0x000000a8dbafecf8:   0000022afe28beb0 0000022a8c8003e0
0x000000a8dbafed08:   00007ffdc9137718 0000022a8cf71480
0x000000a8dbafed18:   0000022afce7a160 0000000000000000
0x000000a8dbafed28:   0000022a8c8003e0 0000022a8c875120
0x000000a8dbafed38:   0000022a8c8003e0 0000022a8cf71480
0x000000a8dbafed48:   00007ffdc9135a71 0000000000000000
0x000000a8dbafed58:   0000000000000000 0000022a8c801668
0x000000a8dbafed68:   0000022a8ca35970 0000000000000000
0x000000a8dbafed78:   00007ffdc93ba515 0000022a8cf71480
0x000000a8dbafed88:   00007ffdca831330 0000000000000000 

Instructions: (pc=0x0000022a94292c60)
0x0000022a94292b60:   01 00 2c 00 42 7c 28 4c 6f 72 67 2f 6a 6f 6d 6c
0x0000022a94292b70:   2f 56 65 63 74 6f 72 34 66 3b 46 46 46 46 29 4c
0x0000022a94292b80:   6f 72 67 2f 6a 6f 6d 6c 2f 4d 61 74 72 69 78 34
0x0000022a94292b90:   66 3b ff ff ff ff ff ff c3 3e 12 d2 15 28 00 90
0x0000022a94292ba0:   04 00 29 00 dc 31 28 49 4c 6f 72 67 2f 6a 6f 6d
0x0000022a94292bb0:   6c 2f 56 65 63 74 6f 72 34 66 3b 29 4c 6f 72 67
0x0000022a94292bc0:   2f 6a 6f 6d 6c 2f 56 65 63 74 6f 72 34 66 3b 00
0x0000022a94292bd0:   70 1b 5d e1 fd 7f 00 00 c7 3e 1e d2 fd 29 00 90
0x0000022a94292be0:   01 00 23 00 1f 15 28 4c 6f 72 67 2f 6c 77 6a 67
0x0000022a94292bf0:   6c 2f 73 74 62 2f 53 54 42 49 49 4f 43 61 6c 6c
0x0000022a94292c00:   62 61 63 6b 73 3b 4a 29 5a 00 66 6f 4c 6f 67 5f
0x0000022a94292c10:   5f 49 49 4a 4a 00 00 00 bb 3e 1a d2 00 2a 00 90
0x0000022a94292c20:   b8 52 55 ca fd 7f 00 00 00 00 00 00 67 6c 5f 6f
0x0000022a94292c30:   19 00 00 00 6c 5f 47 4c a0 06 a2 93 2a 02 00 00
0x0000022a94292c40:   00 00 00 00 00 00 00 00 61 00 72 61 78 00 49 49
0x0000022a94292c50:   49 49 49 4a 00 00 00 00 bf 3e 06 d2 00 2b 00 90
0x0000022a94292c60:   60 2c 29 94 2a 02 00 00 60 2c 29 94 2a 02 00 00
0x0000022a94292c70:   60 2c 29 94 2a 02 00 00 01 01 53 94 2a 02 00 00
0x0000022a94292c80:   00 00 00 00 00 00 00 00 cd cc cc bd 00 00 00 00
0x0000022a94292c90:   b8 f7 57 8c 2a 02 00 00 b3 3e 02 d2 00 2c 00 88
0x0000022a94292ca0:   03 00 30 00 44 94 28 4c 6f 72 67 2f 6a 6f 6d 6c
0x0000022a94292cb0:   2f 4d 61 74 72 69 78 34 78 33 64 3b 49 4c 6a 61
0x0000022a94292cc0:   76 61 2f 6e 69 6f 2f 44 6f 75 62 6c 65 42 75 66
0x0000022a94292cd0:   66 65 72 3b 29 56 00 00 b7 3e 0e d2 00 2d 00 8f
0x0000022a94292ce0:   43 6f 6d 6d 6f 6e 50 72 6f 67 72 61 6d 57 36 34
0x0000022a94292cf0:   33 32 3d 43 3a 5c 50 72 6f 67 72 61 6d 20 46 69
0x0000022a94292d00:   6c 65 73 5c 43 6f 6d 6d 6f 6e 20 46 69 6c 65 73
0x0000022a94292d10:   00 00 00 00 00 00 00 00 ab 3e 0a d2 fd 2e 00 88
0x0000022a94292d20:   01 00 2d 00 e2 5e 72 65 73 6f 75 72 63 65 73 2f
0x0000022a94292d30:   6d 61 74 72 69 78 2f 73 68 61 64 65 72 73 2f 66
0x0000022a94292d40:   72 61 67 6d 65 6e 74 2d 73 68 61 64 65 72 2e 67
0x0000022a94292d50:   6c 73 6c 00 00 00 00 00 af 3e 76 d2 00 2f 00 88 


Stack slot to memory mapping:
stack at sp + 0 slots: 0x00007ffdc916785e atio6axx.dll
stack at sp + 1 slots: 0x0000022a93cfe380 points into unknown readable memory: 10 8c a9 93 2a 02 00 00
stack at sp + 2 slots: 0x00007ffdc9168df7 atio6axx.dll
stack at sp + 3 slots: 0x0000022ace670000 points into unknown readable memory: 00 00 00 00 00 00 00 00
stack at sp + 4 slots: 0x0000022a00000000 is an unknown value
stack at sp + 5 slots: 0x0000022a0000fffc is an unknown value
stack at sp + 6 slots: 0x0 is NULL
stack at sp + 7 slots: 0x0000022afce7a160 points into unknown readable memory: b8 ed 53 ca fd 7f 00 00


---------------  P R O C E S S  ---------------

Threads class SMR info:
_java_thread_list=0x0000022a93d20de0, length=12, elements={
0x0000022ad0805000, 0x0000022afd036000, 0x0000022afd039000, 0x0000022afd057000,
0x0000022afd05a000, 0x0000022afd05c800, 0x0000022afd05e800, 0x0000022afd083000,
0x0000022afd08c000, 0x0000022afdafd800, 0x0000022afdb09000, 0x0000022a93d20000
}

Java Threads: ( => current thread )
=>0x0000022ad0805000 JavaThread "main" [_thread_in_native, id=5352, stack(0x000000a8dba00000,0x000000a8dbb00000)]
  0x0000022afd036000 JavaThread "Reference Handler" daemon [_thread_blocked, id=25788, stack(0x000000a8dc100000,0x000000a8dc200000)]
  0x0000022afd039000 JavaThread "Finalizer" daemon [_thread_blocked, id=3636, stack(0x000000a8dc200000,0x000000a8dc300000)]
  0x0000022afd057000 JavaThread "Signal Dispatcher" daemon [_thread_blocked, id=6268, stack(0x000000a8dc300000,0x000000a8dc400000)]
  0x0000022afd05a000 JavaThread "Attach Listener" daemon [_thread_blocked, id=27724, stack(0x000000a8dc400000,0x000000a8dc500000)]
  0x0000022afd05c800 JavaThread "Service Thread" daemon [_thread_blocked, id=9736, stack(0x000000a8dc500000,0x000000a8dc600000)]
  0x0000022afd05e800 JavaThread "C2 CompilerThread0" daemon [_thread_blocked, id=24944, stack(0x000000a8dc600000,0x000000a8dc700000)]
  0x0000022afd083000 JavaThread "C1 CompilerThread0" daemon [_thread_blocked, id=11160, stack(0x000000a8dc700000,0x000000a8dc800000)]
  0x0000022afd08c000 JavaThread "Sweeper thread" daemon [_thread_blocked, id=28264, stack(0x000000a8dc800000,0x000000a8dc900000)]
  0x0000022afdafd800 JavaThread "Notification Thread" daemon [_thread_blocked, id=26756, stack(0x000000a8dca00000,0x000000a8dcb00000)]
  0x0000022afdb09000 JavaThread "Common-Cleaner" daemon [_thread_blocked, id=16528, stack(0x000000a8dcc00000,0x000000a8dcd00000)]
  0x0000022a93d20000 JavaThread "C2 CompilerThread1" daemon [_thread_blocked, id=22892, stack(0x000000a8dc900000,0x000000a8dca00000)]

Other Threads:
  0x0000022afd034800 VMThread "VM Thread" [stack: 0x000000a8dc000000,0x000000a8dc100000] [id=27832]
  0x0000022afdb08800 WatcherThread [stack: 0x000000a8dcb00000,0x000000a8dcc00000] [id=26208]
  0x0000022ad08bc000 GCTaskThread "GC Thread#0" [stack: 0x000000a8dbb00000,0x000000a8dbc00000] [id=20144]
  0x0000022af9858000 ConcurrentGCThread "G1 Main Marker" [stack: 0x000000a8dbc00000,0x000000a8dbd00000] [id=3504]
  0x0000022ad08d9800 ConcurrentGCThread "G1 Conc#0" [stack: 0x000000a8dbd00000,0x000000a8dbe00000] [id=5644]
  0x0000022afce92800 ConcurrentGCThread "G1 Refine#0" [stack: 0x000000a8dbe00000,0x000000a8dbf00000] [id=8392]
  0x0000022afce93800 ConcurrentGCThread "G1 Young RemSet Sampling" [stack: 0x000000a8dbf00000,0x000000a8dc000000] [id=11976]

Threads with active compile tasks:

VM state:not at safepoint (normal execution)

VM Mutex/Monitor currently owned by a thread: None

Heap address: 0x0000000501600000, size: 12266 MB, Compressed Oops mode: Zero based, Oop shift amount: 3
Narrow klass base: 0x0000000800000000, Narrow klass shift: 3
Compressed class space size: 1073741824 Address: 0x0000000800b30000

Heap:
 garbage-first heap   total 786432K, used 24576K [0x0000000501600000, 0x0000000800000000)
  region size 2048K, 13 young (26624K), 0 survivors (0K)
 Metaspace       used 7264K, capacity 10013K, committed 10240K, reserved 1058816K
  class space    used 349K, capacity 642K, committed 768K, reserved 1048576K
Heap Regions: E=young(eden), S=young(survivor), O=old, HS=humongous(starts), HC=humongous(continues), CS=collection set, F=free, OA=open archive, CA=closed archive, TAMS=top-at-mark-start (previous, next)
|   0|0x0000000501600000, 0x0000000501600000, 0x0000000501800000|  0%| F|  |TAMS 0x0000000501600000, 0x0000000501600000| Untracked 
|   1|0x0000000501800000, 0x0000000501800000, 0x0000000501a00000|  0%| F|  |TAMS 0x0000000501800000, 0x0000000501800000| Untracked 
|   2|0x0000000501a00000, 0x0000000501a00000, 0x0000000501c00000|  0%| F|  |TAMS 0x0000000501a00000, 0x0000000501a00000| Untracked 
|   3|0x0000000501c00000, 0x0000000501c00000, 0x0000000501e00000|  0%| F|  |TAMS 0x0000000501c00000, 0x0000000501c00000| Untracked 
|   4|0x0000000501e00000, 0x0000000501e00000, 0x0000000502000000|  0%| F|  |TAMS 0x0000000501e00000, 0x0000000501e00000| Untracked 
|   5|0x0000000502000000, 0x0000000502000000, 0x0000000502200000|  0%| F|  |TAMS 0x0000000502000000, 0x0000000502000000| Untracked 
|   6|0x0000000502200000, 0x0000000502200000, 0x0000000502400000|  0%| F|  |TAMS 0x0000000502200000, 0x0000000502200000| Untracked 
|   7|0x0000000502400000, 0x0000000502400000, 0x0000000502600000|  0%| F|  |TAMS 0x0000000502400000, 0x0000000502400000| Untracked 
|   8|0x0000000502600000, 0x0000000502600000, 0x0000000502800000|  0%| F|  |TAMS 0x0000000502600000, 0x0000000502600000| Untracked 
|   9|0x0000000502800000, 0x0000000502800000, 0x0000000502a00000|  0%| F|  |TAMS 0x0000000502800000, 0x0000000502800000| Untracked 
|  10|0x0000000502a00000, 0x0000000502a00000, 0x0000000502c00000|  0%| F|  |TAMS 0x0000000502a00000, 0x0000000502a00000| Untracked 
|  11|0x0000000502c00000, 0x0000000502c00000, 0x0000000502e00000|  0%| F|  |TAMS 0x0000000502c00000, 0x0000000502c00000| Untracked 
|  12|0x0000000502e00000, 0x0000000502e00000, 0x0000000503000000|  0%| F|  |TAMS 0x0000000502e00000, 0x0000000502e00000| Untracked 
|  13|0x0000000503000000, 0x0000000503000000, 0x0000000503200000|  0%| F|  |TAMS 0x0000000503000000, 0x0000000503000000| Untracked 
|  14|0x0000000503200000, 0x0000000503200000, 0x0000000503400000|  0%| F|  |TAMS 0x0000000503200000, 0x0000000503200000| Untracked 
|  15|0x0000000503400000, 0x0000000503400000, 0x0000000503600000|  0%| F|  |TAMS 0x0000000503400000, 0x0000000503400000| Untracked 
|  16|0x0000000503600000, 0x0000000503600000, 0x0000000503800000|  0%| F|  |TAMS 0x0000000503600000, 0x0000000503600000| Untracked 
|  17|0x0000000503800000, 0x0000000503800000, 0x0000000503a00000|  0%| F|  |TAMS 0x0000000503800000, 0x0000000503800000| Untracked 
|  18|0x0000000503a00000, 0x0000000503a00000, 0x0000000503c00000|  0%| F|  |TAMS 0x0000000503a00000, 0x0000000503a00000| Untracked 
|  19|0x0000000503c00000, 0x0000000503c00000, 0x0000000503e00000|  0%| F|  |TAMS 0x0000000503c00000, 0x0000000503c00000| Untracked 
|  20|0x0000000503e00000, 0x0000000503e00000, 0x0000000504000000|  0%| F|  |TAMS 0x0000000503e00000, 0x0000000503e00000| Untracked 
|  21|0x0000000504000000, 0x0000000504000000, 0x0000000504200000|  0%| F|  |TAMS 0x0000000504000000, 0x0000000504000000| Untracked 
|  22|0x0000000504200000, 0x0000000504200000, 0x0000000504400000|  0%| F|  |TAMS 0x0000000504200000, 0x0000000504200000| Untracked 
|  23|0x0000000504400000, 0x0000000504400000, 0x0000000504600000|  0%| F|  |TAMS 0x0000000504400000, 0x0000000504400000| Untracked 
|  24|0x0000000504600000, 0x0000000504600000, 0x0000000504800000|  0%| F|  |TAMS 0x0000000504600000, 0x0000000504600000| Untracked 
|  25|0x0000000504800000, 0x0000000504800000, 0x0000000504a00000|  0%| F|  |TAMS 0x0000000504800000, 0x0000000504800000| Untracked 
|  26|0x0000000504a00000, 0x0000000504a00000, 0x0000000504c00000|  0%| F|  |TAMS 0x0000000504a00000, 0x0000000504a00000| Untracked 
|  27|0x0000000504c00000, 0x0000000504c00000, 0x0000000504e00000|  0%| F|  |TAMS 0x0000000504c00000, 0x0000000504c00000| Untracked 
|  28|0x0000000504e00000, 0x0000000504e00000, 0x0000000505000000|  0%| F|  |TAMS 0x0000000504e00000, 0x0000000504e00000| Untracked 
|  29|0x0000000505000000, 0x0000000505000000, 0x0000000505200000|  0%| F|  |TAMS 0x0000000505000000, 0x0000000505000000| Untracked 
|  30|0x0000000505200000, 0x0000000505200000, 0x0000000505400000|  0%| F|  |TAMS 0x0000000505200000, 0x0000000505200000| Untracked 
|  31|0x0000000505400000, 0x0000000505400000, 0x0000000505600000|  0%| F|  |TAMS 0x0000000505400000, 0x0000000505400000| Untracked 
|  32|0x0000000505600000, 0x0000000505600000, 0x0000000505800000|  0%| F|  |TAMS 0x0000000505600000, 0x0000000505600000| Untracked 
|  33|0x0000000505800000, 0x0000000505800000, 0x0000000505a00000|  0%| F|  |TAMS 0x0000000505800000, 0x0000000505800000| Untracked 
|  34|0x0000000505a00000, 0x0000000505a00000, 0x0000000505c00000|  0%| F|  |TAMS 0x0000000505a00000, 0x0000000505a00000| Untracked 
|  35|0x0000000505c00000, 0x0000000505c00000, 0x0000000505e00000|  0%| F|  |TAMS 0x0000000505c00000, 0x0000000505c00000| Untracked 
|  36|0x0000000505e00000, 0x0000000505e00000, 0x0000000506000000|  0%| F|  |TAMS 0x0000000505e00000, 0x0000000505e00000| Untracked 
|  37|0x0000000506000000, 0x0000000506000000, 0x0000000506200000|  0%| F|  |TAMS 0x0000000506000000, 0x0000000506000000| Untracked 
|  38|0x0000000506200000, 0x0000000506200000, 0x0000000506400000|  0%| F|  |TAMS 0x0000000506200000, 0x0000000506200000| Untracked 
|  39|0x0000000506400000, 0x0000000506400000, 0x0000000506600000|  0%| F|  |TAMS 0x0000000506400000, 0x0000000506400000| Untracked 
|  40|0x0000000506600000, 0x0000000506600000, 0x0000000506800000|  0%| F|  |TAMS 0x0000000506600000, 0x0000000506600000| Untracked 
|  41|0x0000000506800000, 0x0000000506800000, 0x0000000506a00000|  0%| F|  |TAMS 0x0000000506800000, 0x0000000506800000| Untracked 
|  42|0x0000000506a00000, 0x0000000506a00000, 0x0000000506c00000|  0%| F|  |TAMS 0x0000000506a00000, 0x0000000506a00000| Untracked 
|  43|0x0000000506c00000, 0x0000000506c00000, 0x0000000506e00000|  0%| F|  |TAMS 0x0000000506c00000, 0x0000000506c00000| Untracked 
|  44|0x0000000506e00000, 0x0000000506e00000, 0x0000000507000000|  0%| F|  |TAMS 0x0000000506e00000, 0x0000000506e00000| Untracked 
|  45|0x0000000507000000, 0x0000000507000000, 0x0000000507200000|  0%| F|  |TAMS 0x0000000507000000, 0x0000000507000000| Untracked 
|  46|0x0000000507200000, 0x0000000507200000, 0x0000000507400000|  0%| F|  |TAMS 0x0000000507200000, 0x0000000507200000| Untracked 
|  47|0x0000000507400000, 0x0000000507400000, 0x0000000507600000|  0%| F|  |TAMS 0x0000000507400000, 0x0000000507400000| Untracked 
|  48|0x0000000507600000, 0x0000000507600000, 0x0000000507800000|  0%| F|  |TAMS 0x0000000507600000, 0x0000000507600000| Untracked 
|  49|0x0000000507800000, 0x0000000507800000, 0x0000000507a00000|  0%| F|  |TAMS 0x0000000507800000, 0x0000000507800000| Untracked 
|  50|0x0000000507a00000, 0x0000000507a00000, 0x0000000507c00000|  0%| F|  |TAMS 0x0000000507a00000, 0x0000000507a00000| Untracked 
|  51|0x0000000507c00000, 0x0000000507c00000, 0x0000000507e00000|  0%| F|  |TAMS 0x0000000507c00000, 0x0000000507c00000| Untracked 
|  52|0x0000000507e00000, 0x0000000507e00000, 0x0000000508000000|  0%| F|  |TAMS 0x0000000507e00000, 0x0000000507e00000| Untracked 
|  53|0x0000000508000000, 0x0000000508000000, 0x0000000508200000|  0%| F|  |TAMS 0x0000000508000000, 0x0000000508000000| Untracked 
|  54|0x0000000508200000, 0x0000000508200000, 0x0000000508400000|  0%| F|  |TAMS 0x0000000508200000, 0x0000000508200000| Untracked 
|  55|0x0000000508400000, 0x0000000508400000, 0x0000000508600000|  0%| F|  |TAMS 0x0000000508400000, 0x0000000508400000| Untracked 
|  56|0x0000000508600000, 0x0000000508600000, 0x0000000508800000|  0%| F|  |TAMS 0x0000000508600000, 0x0000000508600000| Untracked 
|  57|0x0000000508800000, 0x0000000508800000, 0x0000000508a00000|  0%| F|  |TAMS 0x0000000508800000, 0x0000000508800000| Untracked 
|  58|0x0000000508a00000, 0x0000000508a00000, 0x0000000508c00000|  0%| F|  |TAMS 0x0000000508a00000, 0x0000000508a00000| Untracked 
|  59|0x0000000508c00000, 0x0000000508c00000, 0x0000000508e00000|  0%| F|  |TAMS 0x0000000508c00000, 0x0000000508c00000| Untracked 
|  60|0x0000000508e00000, 0x0000000508e00000, 0x0000000509000000|  0%| F|  |TAMS 0x0000000508e00000, 0x0000000508e00000| Untracked 
|  61|0x0000000509000000, 0x0000000509000000, 0x0000000509200000|  0%| F|  |TAMS 0x0000000509000000, 0x0000000509000000| Untracked 
|  62|0x0000000509200000, 0x0000000509200000, 0x0000000509400000|  0%| F|  |TAMS 0x0000000509200000, 0x0000000509200000| Untracked 
|  63|0x0000000509400000, 0x0000000509400000, 0x0000000509600000|  0%| F|  |TAMS 0x0000000509400000, 0x0000000509400000| Untracked 
|  64|0x0000000509600000, 0x0000000509600000, 0x0000000509800000|  0%| F|  |TAMS 0x0000000509600000, 0x0000000509600000| Untracked 
|  65|0x0000000509800000, 0x0000000509800000, 0x0000000509a00000|  0%| F|  |TAMS 0x0000000509800000, 0x0000000509800000| Untracked 
|  66|0x0000000509a00000, 0x0000000509a00000, 0x0000000509c00000|  0%| F|  |TAMS 0x0000000509a00000, 0x0000000509a00000| Untracked 
|  67|0x0000000509c00000, 0x0000000509c00000, 0x0000000509e00000|  0%| F|  |TAMS 0x0000000509c00000, 0x0000000509c00000| Untracked 
|  68|0x0000000509e00000, 0x0000000509e00000, 0x000000050a000000|  0%| F|  |TAMS 0x0000000509e00000, 0x0000000509e00000| Untracked 
|  69|0x000000050a000000, 0x000000050a000000, 0x000000050a200000|  0%| F|  |TAMS 0x000000050a000000, 0x000000050a000000| Untracked 
|  70|0x000000050a200000, 0x000000050a200000, 0x000000050a400000|  0%| F|  |TAMS 0x000000050a200000, 0x000000050a200000| Untracked 
|  71|0x000000050a400000, 0x000000050a400000, 0x000000050a600000|  0%| F|  |TAMS 0x000000050a400000, 0x000000050a400000| Untracked 
|  72|0x000000050a600000, 0x000000050a600000, 0x000000050a800000|  0%| F|  |TAMS 0x000000050a600000, 0x000000050a600000| Untracked 
|  73|0x000000050a800000, 0x000000050a800000, 0x000000050aa00000|  0%| F|  |TAMS 0x000000050a800000, 0x000000050a800000| Untracked 
|  74|0x000000050aa00000, 0x000000050aa00000, 0x000000050ac00000|  0%| F|  |TAMS 0x000000050aa00000, 0x000000050aa00000| Untracked 
|  75|0x000000050ac00000, 0x000000050ac00000, 0x000000050ae00000|  0%| F|  |TAMS 0x000000050ac00000, 0x000000050ac00000| Untracked 
|  76|0x000000050ae00000, 0x000000050ae00000, 0x000000050b000000|  0%| F|  |TAMS 0x000000050ae00000, 0x000000050ae00000| Untracked 
|  77|0x000000050b000000, 0x000000050b000000, 0x000000050b200000|  0%| F|  |TAMS 0x000000050b000000, 0x000000050b000000| Untracked 
|  78|0x000000050b200000, 0x000000050b200000, 0x000000050b400000|  0%| F|  |TAMS 0x000000050b200000, 0x000000050b200000| Untracked 
|  79|0x000000050b400000, 0x000000050b400000, 0x000000050b600000|  0%| F|  |TAMS 0x000000050b400000, 0x000000050b400000| Untracked 
|  80|0x000000050b600000, 0x000000050b600000, 0x000000050b800000|  0%| F|  |TAMS 0x000000050b600000, 0x000000050b600000| Untracked 
|  81|0x000000050b800000, 0x000000050b800000, 0x000000050ba00000|  0%| F|  |TAMS 0x000000050b800000, 0x000000050b800000| Untracked 
|  82|0x000000050ba00000, 0x000000050ba00000, 0x000000050bc00000|  0%| F|  |TAMS 0x000000050ba00000, 0x000000050ba00000| Untracked 
|  83|0x000000050bc00000, 0x000000050bc00000, 0x000000050be00000|  0%| F|  |TAMS 0x000000050bc00000, 0x000000050bc00000| Untracked 
|  84|0x000000050be00000, 0x000000050be00000, 0x000000050c000000|  0%| F|  |TAMS 0x000000050be00000, 0x000000050be00000| Untracked 
|  85|0x000000050c000000, 0x000000050c000000, 0x000000050c200000|  0%| F|  |TAMS 0x000000050c000000, 0x000000050c000000| Untracked 
|  86|0x000000050c200000, 0x000000050c200000, 0x000000050c400000|  0%| F|  |TAMS 0x000000050c200000, 0x000000050c200000| Untracked 
|  87|0x000000050c400000, 0x000000050c400000, 0x000000050c600000|  0%| F|  |TAMS 0x000000050c400000, 0x000000050c400000| Untracked 
|  88|0x000000050c600000, 0x000000050c600000, 0x000000050c800000|  0%| F|  |TAMS 0x000000050c600000, 0x000000050c600000| Untracked 
|  89|0x000000050c800000, 0x000000050c800000, 0x000000050ca00000|  0%| F|  |TAMS 0x000000050c800000, 0x000000050c800000| Untracked 
|  90|0x000000050ca00000, 0x000000050ca00000, 0x000000050cc00000|  0%| F|  |TAMS 0x000000050ca00000, 0x000000050ca00000| Untracked 
|  91|0x000000050cc00000, 0x000000050cc00000, 0x000000050ce00000|  0%| F|  |TAMS 0x000000050cc00000, 0x000000050cc00000| Untracked 
|  92|0x000000050ce00000, 0x000000050ce00000, 0x000000050d000000|  0%| F|  |TAMS 0x000000050ce00000, 0x000000050ce00000| Untracked 
|  93|0x000000050d000000, 0x000000050d000000, 0x000000050d200000|  0%| F|  |TAMS 0x000000050d000000, 0x000000050d000000| Untracked 
|  94|0x000000050d200000, 0x000000050d200000, 0x000000050d400000|  0%| F|  |TAMS 0x000000050d200000, 0x000000050d200000| Untracked 
|  95|0x000000050d400000, 0x000000050d400000, 0x000000050d600000|  0%| F|  |TAMS 0x000000050d400000, 0x000000050d400000| Untracked 
|  96|0x000000050d600000, 0x000000050d600000, 0x000000050d800000|  0%| F|  |TAMS 0x000000050d600000, 0x000000050d600000| Untracked 
|  97|0x000000050d800000, 0x000000050d800000, 0x000000050da00000|  0%| F|  |TAMS 0x000000050d800000, 0x000000050d800000| Untracked 
|  98|0x000000050da00000, 0x000000050da00000, 0x000000050dc00000|  0%| F|  |TAMS 0x000000050da00000, 0x000000050da00000| Untracked 
|  99|0x000000050dc00000, 0x000000050dc00000, 0x000000050de00000|  0%| F|  |TAMS 0x000000050dc00000, 0x000000050dc00000| Untracked 
| 100|0x000000050de00000, 0x000000050de00000, 0x000000050e000000|  0%| F|  |TAMS 0x000000050de00000, 0x000000050de00000| Untracked 
| 101|0x000000050e000000, 0x000000050e000000, 0x000000050e200000|  0%| F|  |TAMS 0x000000050e000000, 0x000000050e000000| Untracked 
| 102|0x000000050e200000, 0x000000050e200000, 0x000000050e400000|  0%| F|  |TAMS 0x000000050e200000, 0x000000050e200000| Untracked 
| 103|0x000000050e400000, 0x000000050e400000, 0x000000050e600000|  0%| F|  |TAMS 0x000000050e400000, 0x000000050e400000| Untracked 
| 104|0x000000050e600000, 0x000000050e600000, 0x000000050e800000|  0%| F|  |TAMS 0x000000050e600000, 0x000000050e600000| Untracked 
| 105|0x000000050e800000, 0x000000050e800000, 0x000000050ea00000|  0%| F|  |TAMS 0x000000050e800000, 0x000000050e800000| Untracked 
| 106|0x000000050ea00000, 0x000000050ea00000, 0x000000050ec00000|  0%| F|  |TAMS 0x000000050ea00000, 0x000000050ea00000| Untracked 
| 107|0x000000050ec00000, 0x000000050ec00000, 0x000000050ee00000|  0%| F|  |TAMS 0x000000050ec00000, 0x000000050ec00000| Untracked 
| 108|0x000000050ee00000, 0x000000050ee00000, 0x000000050f000000|  0%| F|  |TAMS 0x000000050ee00000, 0x000000050ee00000| Untracked 
| 109|0x000000050f000000, 0x000000050f000000, 0x000000050f200000|  0%| F|  |TAMS 0x000000050f000000, 0x000000050f000000| Untracked 
| 110|0x000000050f200000, 0x000000050f200000, 0x000000050f400000|  0%| F|  |TAMS 0x000000050f200000, 0x000000050f200000| Untracked 
| 111|0x000000050f400000, 0x000000050f400000, 0x000000050f600000|  0%| F|  |TAMS 0x000000050f400000, 0x000000050f400000| Untracked 
| 112|0x000000050f600000, 0x000000050f600000, 0x000000050f800000|  0%| F|  |TAMS 0x000000050f600000, 0x000000050f600000| Untracked 
| 113|0x000000050f800000, 0x000000050f800000, 0x000000050fa00000|  0%| F|  |TAMS 0x000000050f800000, 0x000000050f800000| Untracked 
| 114|0x000000050fa00000, 0x000000050fa00000, 0x000000050fc00000|  0%| F|  |TAMS 0x000000050fa00000, 0x000000050fa00000| Untracked 
| 115|0x000000050fc00000, 0x000000050fc00000, 0x000000050fe00000|  0%| F|  |TAMS 0x000000050fc00000, 0x000000050fc00000| Untracked 
| 116|0x000000050fe00000, 0x000000050fe00000, 0x0000000510000000|  0%| F|  |TAMS 0x000000050fe00000, 0x000000050fe00000| Untracked 
| 117|0x0000000510000000, 0x0000000510000000, 0x0000000510200000|  0%| F|  |TAMS 0x0000000510000000, 0x0000000510000000| Untracked 
| 118|0x0000000510200000, 0x0000000510200000, 0x0000000510400000|  0%| F|  |TAMS 0x0000000510200000, 0x0000000510200000| Untracked 
| 119|0x0000000510400000, 0x0000000510400000, 0x0000000510600000|  0%| F|  |TAMS 0x0000000510400000, 0x0000000510400000| Untracked 
| 120|0x0000000510600000, 0x0000000510600000, 0x0000000510800000|  0%| F|  |TAMS 0x0000000510600000, 0x0000000510600000| Untracked 
| 121|0x0000000510800000, 0x0000000510800000, 0x0000000510a00000|  0%| F|  |TAMS 0x0000000510800000, 0x0000000510800000| Untracked 
| 122|0x0000000510a00000, 0x0000000510a00000, 0x0000000510c00000|  0%| F|  |TAMS 0x0000000510a00000, 0x0000000510a00000| Untracked 
| 123|0x0000000510c00000, 0x0000000510c00000, 0x0000000510e00000|  0%| F|  |TAMS 0x0000000510c00000, 0x0000000510c00000| Untracked 
| 124|0x0000000510e00000, 0x0000000510e00000, 0x0000000511000000|  0%| F|  |TAMS 0x0000000510e00000, 0x0000000510e00000| Untracked 
| 125|0x0000000511000000, 0x0000000511000000, 0x0000000511200000|  0%| F|  |TAMS 0x0000000511000000, 0x0000000511000000| Untracked 
| 126|0x0000000511200000, 0x0000000511200000, 0x0000000511400000|  0%| F|  |TAMS 0x0000000511200000, 0x0000000511200000| Untracked 
| 127|0x0000000511400000, 0x0000000511400000, 0x0000000511600000|  0%| F|  |TAMS 0x0000000511400000, 0x0000000511400000| Untracked 
| 128|0x0000000511600000, 0x0000000511600000, 0x0000000511800000|  0%| F|  |TAMS 0x0000000511600000, 0x0000000511600000| Untracked 
| 129|0x0000000511800000, 0x0000000511800000, 0x0000000511a00000|  0%| F|  |TAMS 0x0000000511800000, 0x0000000511800000| Untracked 
| 130|0x0000000511a00000, 0x0000000511a00000, 0x0000000511c00000|  0%| F|  |TAMS 0x0000000511a00000, 0x0000000511a00000| Untracked 
| 131|0x0000000511c00000, 0x0000000511c00000, 0x0000000511e00000|  0%| F|  |TAMS 0x0000000511c00000, 0x0000000511c00000| Untracked 
| 132|0x0000000511e00000, 0x0000000511e00000, 0x0000000512000000|  0%| F|  |TAMS 0x0000000511e00000, 0x0000000511e00000| Untracked 
| 133|0x0000000512000000, 0x0000000512000000, 0x0000000512200000|  0%| F|  |TAMS 0x0000000512000000, 0x0000000512000000| Untracked 
| 134|0x0000000512200000, 0x0000000512200000, 0x0000000512400000|  0%| F|  |TAMS 0x0000000512200000, 0x0000000512200000| Untracked 
| 135|0x0000000512400000, 0x0000000512400000, 0x0000000512600000|  0%| F|  |TAMS 0x0000000512400000, 0x0000000512400000| Untracked 
| 136|0x0000000512600000, 0x0000000512600000, 0x0000000512800000|  0%| F|  |TAMS 0x0000000512600000, 0x0000000512600000| Untracked 
| 137|0x0000000512800000, 0x0000000512800000, 0x0000000512a00000|  0%| F|  |TAMS 0x0000000512800000, 0x0000000512800000| Untracked 
| 138|0x0000000512a00000, 0x0000000512a00000, 0x0000000512c00000|  0%| F|  |TAMS 0x0000000512a00000, 0x0000000512a00000| Untracked 
| 139|0x0000000512c00000, 0x0000000512c00000, 0x0000000512e00000|  0%| F|  |TAMS 0x0000000512c00000, 0x0000000512c00000| Untracked 
| 140|0x0000000512e00000, 0x0000000512e00000, 0x0000000513000000|  0%| F|  |TAMS 0x0000000512e00000, 0x0000000512e00000| Untracked 
| 141|0x0000000513000000, 0x0000000513000000, 0x0000000513200000|  0%| F|  |TAMS 0x0000000513000000, 0x0000000513000000| Untracked 
| 142|0x0000000513200000, 0x0000000513200000, 0x0000000513400000|  0%| F|  |TAMS 0x0000000513200000, 0x0000000513200000| Untracked 
| 143|0x0000000513400000, 0x0000000513400000, 0x0000000513600000|  0%| F|  |TAMS 0x0000000513400000, 0x0000000513400000| Untracked 
| 144|0x0000000513600000, 0x0000000513600000, 0x0000000513800000|  0%| F|  |TAMS 0x0000000513600000, 0x0000000513600000| Untracked 
| 145|0x0000000513800000, 0x0000000513800000, 0x0000000513a00000|  0%| F|  |TAMS 0x0000000513800000, 0x0000000513800000| Untracked 
| 146|0x0000000513a00000, 0x0000000513a00000, 0x0000000513c00000|  0%| F|  |TAMS 0x0000000513a00000, 0x0000000513a00000| Untracked 
| 147|0x0000000513c00000, 0x0000000513c00000, 0x0000000513e00000|  0%| F|  |TAMS 0x0000000513c00000, 0x0000000513c00000| Untracked 
| 148|0x0000000513e00000, 0x0000000513e00000, 0x0000000514000000|  0%| F|  |TAMS 0x0000000513e00000, 0x0000000513e00000| Untracked 
| 149|0x0000000514000000, 0x0000000514000000, 0x0000000514200000|  0%| F|  |TAMS 0x0000000514000000, 0x0000000514000000| Untracked 
| 150|0x0000000514200000, 0x0000000514200000, 0x0000000514400000|  0%| F|  |TAMS 0x0000000514200000, 0x0000000514200000| Untracked 
| 151|0x0000000514400000, 0x0000000514400000, 0x0000000514600000|  0%| F|  |TAMS 0x0000000514400000, 0x0000000514400000| Untracked 
| 152|0x0000000514600000, 0x0000000514600000, 0x0000000514800000|  0%| F|  |TAMS 0x0000000514600000, 0x0000000514600000| Untracked 
| 153|0x0000000514800000, 0x0000000514800000, 0x0000000514a00000|  0%| F|  |TAMS 0x0000000514800000, 0x0000000514800000| Untracked 
| 154|0x0000000514a00000, 0x0000000514a00000, 0x0000000514c00000|  0%| F|  |TAMS 0x0000000514a00000, 0x0000000514a00000| Untracked 
| 155|0x0000000514c00000, 0x0000000514c00000, 0x0000000514e00000|  0%| F|  |TAMS 0x0000000514c00000, 0x0000000514c00000| Untracked 
| 156|0x0000000514e00000, 0x0000000514e00000, 0x0000000515000000|  0%| F|  |TAMS 0x0000000514e00000, 0x0000000514e00000| Untracked 
| 157|0x0000000515000000, 0x0000000515000000, 0x0000000515200000|  0%| F|  |TAMS 0x0000000515000000, 0x0000000515000000| Untracked 
| 158|0x0000000515200000, 0x0000000515200000, 0x0000000515400000|  0%| F|  |TAMS 0x0000000515200000, 0x0000000515200000| Untracked 
| 159|0x0000000515400000, 0x0000000515400000, 0x0000000515600000|  0%| F|  |TAMS 0x0000000515400000, 0x0000000515400000| Untracked 
| 160|0x0000000515600000, 0x0000000515600000, 0x0000000515800000|  0%| F|  |TAMS 0x0000000515600000, 0x0000000515600000| Untracked 
| 161|0x0000000515800000, 0x0000000515800000, 0x0000000515a00000|  0%| F|  |TAMS 0x0000000515800000, 0x0000000515800000| Untracked 
| 162|0x0000000515a00000, 0x0000000515a00000, 0x0000000515c00000|  0%| F|  |TAMS 0x0000000515a00000, 0x0000000515a00000| Untracked 
| 163|0x0000000515c00000, 0x0000000515c00000, 0x0000000515e00000|  0%| F|  |TAMS 0x0000000515c00000, 0x0000000515c00000| Untracked 
| 164|0x0000000515e00000, 0x0000000515e00000, 0x0000000516000000|  0%| F|  |TAMS 0x0000000515e00000, 0x0000000515e00000| Untracked 
| 165|0x0000000516000000, 0x0000000516000000, 0x0000000516200000|  0%| F|  |TAMS 0x0000000516000000, 0x0000000516000000| Untracked 
| 166|0x0000000516200000, 0x0000000516200000, 0x0000000516400000|  0%| F|  |TAMS 0x0000000516200000, 0x0000000516200000| Untracked 
| 167|0x0000000516400000, 0x0000000516400000, 0x0000000516600000|  0%| F|  |TAMS 0x0000000516400000, 0x0000000516400000| Untracked 
| 168|0x0000000516600000, 0x0000000516600000, 0x0000000516800000|  0%| F|  |TAMS 0x0000000516600000, 0x0000000516600000| Untracked 
| 169|0x0000000516800000, 0x0000000516800000, 0x0000000516a00000|  0%| F|  |TAMS 0x0000000516800000, 0x0000000516800000| Untracked 
| 170|0x0000000516a00000, 0x0000000516a00000, 0x0000000516c00000|  0%| F|  |TAMS 0x0000000516a00000, 0x0000000516a00000| Untracked 
| 171|0x0000000516c00000, 0x0000000516c00000, 0x0000000516e00000|  0%| F|  |TAMS 0x0000000516c00000, 0x0000000516c00000| Untracked 
| 172|0x0000000516e00000, 0x0000000516e00000, 0x0000000517000000|  0%| F|  |TAMS 0x0000000516e00000, 0x0000000516e00000| Untracked 
| 173|0x0000000517000000, 0x0000000517000000, 0x0000000517200000|  0%| F|  |TAMS 0x0000000517000000, 0x0000000517000000| Untracked 
| 174|0x0000000517200000, 0x0000000517200000, 0x0000000517400000|  0%| F|  |TAMS 0x0000000517200000, 0x0000000517200000| Untracked 
| 175|0x0000000517400000, 0x0000000517400000, 0x0000000517600000|  0%| F|  |TAMS 0x0000000517400000, 0x0000000517400000| Untracked 
| 176|0x0000000517600000, 0x0000000517600000, 0x0000000517800000|  0%| F|  |TAMS 0x0000000517600000, 0x0000000517600000| Untracked 
| 177|0x0000000517800000, 0x0000000517800000, 0x0000000517a00000|  0%| F|  |TAMS 0x0000000517800000, 0x0000000517800000| Untracked 
| 178|0x0000000517a00000, 0x0000000517a00000, 0x0000000517c00000|  0%| F|  |TAMS 0x0000000517a00000, 0x0000000517a00000| Untracked 
| 179|0x0000000517c00000, 0x0000000517c00000, 0x0000000517e00000|  0%| F|  |TAMS 0x0000000517c00000, 0x0000000517c00000| Untracked 
| 180|0x0000000517e00000, 0x0000000517e00000, 0x0000000518000000|  0%| F|  |TAMS 0x0000000517e00000, 0x0000000517e00000| Untracked 
| 181|0x0000000518000000, 0x0000000518000000, 0x0000000518200000|  0%| F|  |TAMS 0x0000000518000000, 0x0000000518000000| Untracked 
| 182|0x0000000518200000, 0x0000000518200000, 0x0000000518400000|  0%| F|  |TAMS 0x0000000518200000, 0x0000000518200000| Untracked 
| 183|0x0000000518400000, 0x0000000518400000, 0x0000000518600000|  0%| F|  |TAMS 0x0000000518400000, 0x0000000518400000| Untracked 
| 184|0x0000000518600000, 0x0000000518600000, 0x0000000518800000|  0%| F|  |TAMS 0x0000000518600000, 0x0000000518600000| Untracked 
| 185|0x0000000518800000, 0x0000000518800000, 0x0000000518a00000|  0%| F|  |TAMS 0x0000000518800000, 0x0000000518800000| Untracked 
| 186|0x0000000518a00000, 0x0000000518a00000, 0x0000000518c00000|  0%| F|  |TAMS 0x0000000518a00000, 0x0000000518a00000| Untracked 
| 187|0x0000000518c00000, 0x0000000518c00000, 0x0000000518e00000|  0%| F|  |TAMS 0x0000000518c00000, 0x0000000518c00000| Untracked 
| 188|0x0000000518e00000, 0x0000000518e00000, 0x0000000519000000|  0%| F|  |TAMS 0x0000000518e00000, 0x0000000518e00000| Untracked 
| 189|0x0000000519000000, 0x0000000519000000, 0x0000000519200000|  0%| F|  |TAMS 0x0000000519000000, 0x0000000519000000| Untracked 
| 190|0x0000000519200000, 0x0000000519200000, 0x0000000519400000|  0%| F|  |TAMS 0x0000000519200000, 0x0000000519200000| Untracked 
| 191|0x0000000519400000, 0x0000000519400000, 0x0000000519600000|  0%| F|  |TAMS 0x0000000519400000, 0x0000000519400000| Untracked 
| 192|0x0000000519600000, 0x0000000519600000, 0x0000000519800000|  0%| F|  |TAMS 0x0000000519600000, 0x0000000519600000| Untracked 
| 193|0x0000000519800000, 0x0000000519800000, 0x0000000519a00000|  0%| F|  |TAMS 0x0000000519800000, 0x0000000519800000| Untracked 
| 194|0x0000000519a00000, 0x0000000519a00000, 0x0000000519c00000|  0%| F|  |TAMS 0x0000000519a00000, 0x0000000519a00000| Untracked 
| 195|0x0000000519c00000, 0x0000000519c00000, 0x0000000519e00000|  0%| F|  |TAMS 0x0000000519c00000, 0x0000000519c00000| Untracked 
| 196|0x0000000519e00000, 0x0000000519e00000, 0x000000051a000000|  0%| F|  |TAMS 0x0000000519e00000, 0x0000000519e00000| Untracked 
| 197|0x000000051a000000, 0x000000051a000000, 0x000000051a200000|  0%| F|  |TAMS 0x000000051a000000, 0x000000051a000000| Untracked 
| 198|0x000000051a200000, 0x000000051a200000, 0x000000051a400000|  0%| F|  |TAMS 0x000000051a200000, 0x000000051a200000| Untracked 
| 199|0x000000051a400000, 0x000000051a400000, 0x000000051a600000|  0%| F|  |TAMS 0x000000051a400000, 0x000000051a400000| Untracked 
| 200|0x000000051a600000, 0x000000051a600000, 0x000000051a800000|  0%| F|  |TAMS 0x000000051a600000, 0x000000051a600000| Untracked 
| 201|0x000000051a800000, 0x000000051a800000, 0x000000051aa00000|  0%| F|  |TAMS 0x000000051a800000, 0x000000051a800000| Untracked 
| 202|0x000000051aa00000, 0x000000051aa00000, 0x000000051ac00000|  0%| F|  |TAMS 0x000000051aa00000, 0x000000051aa00000| Untracked 
| 203|0x000000051ac00000, 0x000000051ac00000, 0x000000051ae00000|  0%| F|  |TAMS 0x000000051ac00000, 0x000000051ac00000| Untracked 
| 204|0x000000051ae00000, 0x000000051ae00000, 0x000000051b000000|  0%| F|  |TAMS 0x000000051ae00000, 0x000000051ae00000| Untracked 
| 205|0x000000051b000000, 0x000000051b000000, 0x000000051b200000|  0%| F|  |TAMS 0x000000051b000000, 0x000000051b000000| Untracked 
| 206|0x000000051b200000, 0x000000051b200000, 0x000000051b400000|  0%| F|  |TAMS 0x000000051b200000, 0x000000051b200000| Untracked 
| 207|0x000000051b400000, 0x000000051b400000, 0x000000051b600000|  0%| F|  |TAMS 0x000000051b400000, 0x000000051b400000| Untracked 
| 208|0x000000051b600000, 0x000000051b600000, 0x000000051b800000|  0%| F|  |TAMS 0x000000051b600000, 0x000000051b600000| Untracked 
| 209|0x000000051b800000, 0x000000051b800000, 0x000000051ba00000|  0%| F|  |TAMS 0x000000051b800000, 0x000000051b800000| Untracked 
| 210|0x000000051ba00000, 0x000000051ba00000, 0x000000051bc00000|  0%| F|  |TAMS 0x000000051ba00000, 0x000000051ba00000| Untracked 
| 211|0x000000051bc00000, 0x000000051bc00000, 0x000000051be00000|  0%| F|  |TAMS 0x000000051bc00000, 0x000000051bc00000| Untracked 
| 212|0x000000051be00000, 0x000000051be00000, 0x000000051c000000|  0%| F|  |TAMS 0x000000051be00000, 0x000000051be00000| Untracked 
| 213|0x000000051c000000, 0x000000051c000000, 0x000000051c200000|  0%| F|  |TAMS 0x000000051c000000, 0x000000051c000000| Untracked 
| 214|0x000000051c200000, 0x000000051c200000, 0x000000051c400000|  0%| F|  |TAMS 0x000000051c200000, 0x000000051c200000| Untracked 
| 215|0x000000051c400000, 0x000000051c400000, 0x000000051c600000|  0%| F|  |TAMS 0x000000051c400000, 0x000000051c400000| Untracked 
| 216|0x000000051c600000, 0x000000051c600000, 0x000000051c800000|  0%| F|  |TAMS 0x000000051c600000, 0x000000051c600000| Untracked 
| 217|0x000000051c800000, 0x000000051c800000, 0x000000051ca00000|  0%| F|  |TAMS 0x000000051c800000, 0x000000051c800000| Untracked 
| 218|0x000000051ca00000, 0x000000051ca00000, 0x000000051cc00000|  0%| F|  |TAMS 0x000000051ca00000, 0x000000051ca00000| Untracked 
| 219|0x000000051cc00000, 0x000000051cc00000, 0x000000051ce00000|  0%| F|  |TAMS 0x000000051cc00000, 0x000000051cc00000| Untracked 
| 220|0x000000051ce00000, 0x000000051ce00000, 0x000000051d000000|  0%| F|  |TAMS 0x000000051ce00000, 0x000000051ce00000| Untracked 
| 221|0x000000051d000000, 0x000000051d000000, 0x000000051d200000|  0%| F|  |TAMS 0x000000051d000000, 0x000000051d000000| Untracked 
| 222|0x000000051d200000, 0x000000051d200000, 0x000000051d400000|  0%| F|  |TAMS 0x000000051d200000, 0x000000051d200000| Untracked 
| 223|0x000000051d400000, 0x000000051d400000, 0x000000051d600000|  0%| F|  |TAMS 0x000000051d400000, 0x000000051d400000| Untracked 
| 224|0x000000051d600000, 0x000000051d600000, 0x000000051d800000|  0%| F|  |TAMS 0x000000051d600000, 0x000000051d600000| Untracked 
| 225|0x000000051d800000, 0x000000051d800000, 0x000000051da00000|  0%| F|  |TAMS 0x000000051d800000, 0x000000051d800000| Untracked 
| 226|0x000000051da00000, 0x000000051da00000, 0x000000051dc00000|  0%| F|  |TAMS 0x000000051da00000, 0x000000051da00000| Untracked 
| 227|0x000000051dc00000, 0x000000051dc00000, 0x000000051de00000|  0%| F|  |TAMS 0x000000051dc00000, 0x000000051dc00000| Untracked 
| 228|0x000000051de00000, 0x000000051de00000, 0x000000051e000000|  0%| F|  |TAMS 0x000000051de00000, 0x000000051de00000| Untracked 
| 229|0x000000051e000000, 0x000000051e000000, 0x000000051e200000|  0%| F|  |TAMS 0x000000051e000000, 0x000000051e000000| Untracked 
| 230|0x000000051e200000, 0x000000051e200000, 0x000000051e400000|  0%| F|  |TAMS 0x000000051e200000, 0x000000051e200000| Untracked 
| 231|0x000000051e400000, 0x000000051e400000, 0x000000051e600000|  0%| F|  |TAMS 0x000000051e400000, 0x000000051e400000| Untracked 
| 232|0x000000051e600000, 0x000000051e600000, 0x000000051e800000|  0%| F|  |TAMS 0x000000051e600000, 0x000000051e600000| Untracked 
| 233|0x000000051e800000, 0x000000051e800000, 0x000000051ea00000|  0%| F|  |TAMS 0x000000051e800000, 0x000000051e800000| Untracked 
| 234|0x000000051ea00000, 0x000000051ea00000, 0x000000051ec00000|  0%| F|  |TAMS 0x000000051ea00000, 0x000000051ea00000| Untracked 
| 235|0x000000051ec00000, 0x000000051ec00000, 0x000000051ee00000|  0%| F|  |TAMS 0x000000051ec00000, 0x000000051ec00000| Untracked 
| 236|0x000000051ee00000, 0x000000051ee00000, 0x000000051f000000|  0%| F|  |TAMS 0x000000051ee00000, 0x000000051ee00000| Untracked 
| 237|0x000000051f000000, 0x000000051f000000, 0x000000051f200000|  0%| F|  |TAMS 0x000000051f000000, 0x000000051f000000| Untracked 
| 238|0x000000051f200000, 0x000000051f200000, 0x000000051f400000|  0%| F|  |TAMS 0x000000051f200000, 0x000000051f200000| Untracked 
| 239|0x000000051f400000, 0x000000051f400000, 0x000000051f600000|  0%| F|  |TAMS 0x000000051f400000, 0x000000051f400000| Untracked 
| 240|0x000000051f600000, 0x000000051f600000, 0x000000051f800000|  0%| F|  |TAMS 0x000000051f600000, 0x000000051f600000| Untracked 
| 241|0x000000051f800000, 0x000000051f800000, 0x000000051fa00000|  0%| F|  |TAMS 0x000000051f800000, 0x000000051f800000| Untracked 
| 242|0x000000051fa00000, 0x000000051fa00000, 0x000000051fc00000|  0%| F|  |TAMS 0x000000051fa00000, 0x000000051fa00000| Untracked 
| 243|0x000000051fc00000, 0x000000051fc00000, 0x000000051fe00000|  0%| F|  |TAMS 0x000000051fc00000, 0x000000051fc00000| Untracked 
| 244|0x000000051fe00000, 0x000000051fe00000, 0x0000000520000000|  0%| F|  |TAMS 0x000000051fe00000, 0x000000051fe00000| Untracked 
| 245|0x0000000520000000, 0x0000000520000000, 0x0000000520200000|  0%| F|  |TAMS 0x0000000520000000, 0x0000000520000000| Untracked 
| 246|0x0000000520200000, 0x0000000520200000, 0x0000000520400000|  0%| F|  |TAMS 0x0000000520200000, 0x0000000520200000| Untracked 
| 247|0x0000000520400000, 0x0000000520400000, 0x0000000520600000|  0%| F|  |TAMS 0x0000000520400000, 0x0000000520400000| Untracked 
| 248|0x0000000520600000, 0x0000000520600000, 0x0000000520800000|  0%| F|  |TAMS 0x0000000520600000, 0x0000000520600000| Untracked 
| 249|0x0000000520800000, 0x0000000520800000, 0x0000000520a00000|  0%| F|  |TAMS 0x0000000520800000, 0x0000000520800000| Untracked 
| 250|0x0000000520a00000, 0x0000000520a00000, 0x0000000520c00000|  0%| F|  |TAMS 0x0000000520a00000, 0x0000000520a00000| Untracked 
| 251|0x0000000520c00000, 0x0000000520c00000, 0x0000000520e00000|  0%| F|  |TAMS 0x0000000520c00000, 0x0000000520c00000| Untracked 
| 252|0x0000000520e00000, 0x0000000520e00000, 0x0000000521000000|  0%| F|  |TAMS 0x0000000520e00000, 0x0000000520e00000| Untracked 
| 253|0x0000000521000000, 0x0000000521000000, 0x0000000521200000|  0%| F|  |TAMS 0x0000000521000000, 0x0000000521000000| Untracked 
| 254|0x0000000521200000, 0x0000000521200000, 0x0000000521400000|  0%| F|  |TAMS 0x0000000521200000, 0x0000000521200000| Untracked 
| 255|0x0000000521400000, 0x0000000521400000, 0x0000000521600000|  0%| F|  |TAMS 0x0000000521400000, 0x0000000521400000| Untracked 
| 256|0x0000000521600000, 0x0000000521600000, 0x0000000521800000|  0%| F|  |TAMS 0x0000000521600000, 0x0000000521600000| Untracked 
| 257|0x0000000521800000, 0x0000000521800000, 0x0000000521a00000|  0%| F|  |TAMS 0x0000000521800000, 0x0000000521800000| Untracked 
| 258|0x0000000521a00000, 0x0000000521a00000, 0x0000000521c00000|  0%| F|  |TAMS 0x0000000521a00000, 0x0000000521a00000| Untracked 
| 259|0x0000000521c00000, 0x0000000521c00000, 0x0000000521e00000|  0%| F|  |TAMS 0x0000000521c00000, 0x0000000521c00000| Untracked 
| 260|0x0000000521e00000, 0x0000000521e00000, 0x0000000522000000|  0%| F|  |TAMS 0x0000000521e00000, 0x0000000521e00000| Untracked 
| 261|0x0000000522000000, 0x0000000522000000, 0x0000000522200000|  0%| F|  |TAMS 0x0000000522000000, 0x0000000522000000| Untracked 
| 262|0x0000000522200000, 0x0000000522200000, 0x0000000522400000|  0%| F|  |TAMS 0x0000000522200000, 0x0000000522200000| Untracked 
| 263|0x0000000522400000, 0x0000000522400000, 0x0000000522600000|  0%| F|  |TAMS 0x0000000522400000, 0x0000000522400000| Untracked 
| 264|0x0000000522600000, 0x0000000522600000, 0x0000000522800000|  0%| F|  |TAMS 0x0000000522600000, 0x0000000522600000| Untracked 
| 265|0x0000000522800000, 0x0000000522800000, 0x0000000522a00000|  0%| F|  |TAMS 0x0000000522800000, 0x0000000522800000| Untracked 
| 266|0x0000000522a00000, 0x0000000522a00000, 0x0000000522c00000|  0%| F|  |TAMS 0x0000000522a00000, 0x0000000522a00000| Untracked 
| 267|0x0000000522c00000, 0x0000000522c00000, 0x0000000522e00000|  0%| F|  |TAMS 0x0000000522c00000, 0x0000000522c00000| Untracked 
| 268|0x0000000522e00000, 0x0000000522e00000, 0x0000000523000000|  0%| F|  |TAMS 0x0000000522e00000, 0x0000000522e00000| Untracked 
| 269|0x0000000523000000, 0x0000000523000000, 0x0000000523200000|  0%| F|  |TAMS 0x0000000523000000, 0x0000000523000000| Untracked 
| 270|0x0000000523200000, 0x0000000523200000, 0x0000000523400000|  0%| F|  |TAMS 0x0000000523200000, 0x0000000523200000| Untracked 
| 271|0x0000000523400000, 0x0000000523400000, 0x0000000523600000|  0%| F|  |TAMS 0x0000000523400000, 0x0000000523400000| Untracked 
| 272|0x0000000523600000, 0x0000000523600000, 0x0000000523800000|  0%| F|  |TAMS 0x0000000523600000, 0x0000000523600000| Untracked 
| 273|0x0000000523800000, 0x0000000523800000, 0x0000000523a00000|  0%| F|  |TAMS 0x0000000523800000, 0x0000000523800000| Untracked 
| 274|0x0000000523a00000, 0x0000000523a00000, 0x0000000523c00000|  0%| F|  |TAMS 0x0000000523a00000, 0x0000000523a00000| Untracked 
| 275|0x0000000523c00000, 0x0000000523c00000, 0x0000000523e00000|  0%| F|  |TAMS 0x0000000523c00000, 0x0000000523c00000| Untracked 
| 276|0x0000000523e00000, 0x0000000523e00000, 0x0000000524000000|  0%| F|  |TAMS 0x0000000523e00000, 0x0000000523e00000| Untracked 
| 277|0x0000000524000000, 0x0000000524000000, 0x0000000524200000|  0%| F|  |TAMS 0x0000000524000000, 0x0000000524000000| Untracked 
| 278|0x0000000524200000, 0x0000000524200000, 0x0000000524400000|  0%| F|  |TAMS 0x0000000524200000, 0x0000000524200000| Untracked 
| 279|0x0000000524400000, 0x0000000524400000, 0x0000000524600000|  0%| F|  |TAMS 0x0000000524400000, 0x0000000524400000| Untracked 
| 280|0x0000000524600000, 0x0000000524600000, 0x0000000524800000|  0%| F|  |TAMS 0x0000000524600000, 0x0000000524600000| Untracked 
| 281|0x0000000524800000, 0x0000000524800000, 0x0000000524a00000|  0%| F|  |TAMS 0x0000000524800000, 0x0000000524800000| Untracked 
| 282|0x0000000524a00000, 0x0000000524a00000, 0x0000000524c00000|  0%| F|  |TAMS 0x0000000524a00000, 0x0000000524a00000| Untracked 
| 283|0x0000000524c00000, 0x0000000524c00000, 0x0000000524e00000|  0%| F|  |TAMS 0x0000000524c00000, 0x0000000524c00000| Untracked 
| 284|0x0000000524e00000, 0x0000000524e00000, 0x0000000525000000|  0%| F|  |TAMS 0x0000000524e00000, 0x0000000524e00000| Untracked 
| 285|0x0000000525000000, 0x0000000525000000, 0x0000000525200000|  0%| F|  |TAMS 0x0000000525000000, 0x0000000525000000| Untracked 
| 286|0x0000000525200000, 0x0000000525200000, 0x0000000525400000|  0%| F|  |TAMS 0x0000000525200000, 0x0000000525200000| Untracked 
| 287|0x0000000525400000, 0x0000000525400000, 0x0000000525600000|  0%| F|  |TAMS 0x0000000525400000, 0x0000000525400000| Untracked 
| 288|0x0000000525600000, 0x0000000525600000, 0x0000000525800000|  0%| F|  |TAMS 0x0000000525600000, 0x0000000525600000| Untracked 
| 289|0x0000000525800000, 0x0000000525800000, 0x0000000525a00000|  0%| F|  |TAMS 0x0000000525800000, 0x0000000525800000| Untracked 
| 290|0x0000000525a00000, 0x0000000525a00000, 0x0000000525c00000|  0%| F|  |TAMS 0x0000000525a00000, 0x0000000525a00000| Untracked 
| 291|0x0000000525c00000, 0x0000000525c00000, 0x0000000525e00000|  0%| F|  |TAMS 0x0000000525c00000, 0x0000000525c00000| Untracked 
| 292|0x0000000525e00000, 0x0000000525e00000, 0x0000000526000000|  0%| F|  |TAMS 0x0000000525e00000, 0x0000000525e00000| Untracked 
| 293|0x0000000526000000, 0x0000000526000000, 0x0000000526200000|  0%| F|  |TAMS 0x0000000526000000, 0x0000000526000000| Untracked 
| 294|0x0000000526200000, 0x0000000526200000, 0x0000000526400000|  0%| F|  |TAMS 0x0000000526200000, 0x0000000526200000| Untracked 
| 295|0x0000000526400000, 0x0000000526400000, 0x0000000526600000|  0%| F|  |TAMS 0x0000000526400000, 0x0000000526400000| Untracked 
| 296|0x0000000526600000, 0x0000000526600000, 0x0000000526800000|  0%| F|  |TAMS 0x0000000526600000, 0x0000000526600000| Untracked 
| 297|0x0000000526800000, 0x0000000526800000, 0x0000000526a00000|  0%| F|  |TAMS 0x0000000526800000, 0x0000000526800000| Untracked 
| 298|0x0000000526a00000, 0x0000000526a00000, 0x0000000526c00000|  0%| F|  |TAMS 0x0000000526a00000, 0x0000000526a00000| Untracked 
| 299|0x0000000526c00000, 0x0000000526c00000, 0x0000000526e00000|  0%| F|  |TAMS 0x0000000526c00000, 0x0000000526c00000| Untracked 
| 300|0x0000000526e00000, 0x0000000526e00000, 0x0000000527000000|  0%| F|  |TAMS 0x0000000526e00000, 0x0000000526e00000| Untracked 
| 301|0x0000000527000000, 0x0000000527000000, 0x0000000527200000|  0%| F|  |TAMS 0x0000000527000000, 0x0000000527000000| Untracked 
| 302|0x0000000527200000, 0x0000000527200000, 0x0000000527400000|  0%| F|  |TAMS 0x0000000527200000, 0x0000000527200000| Untracked 
| 303|0x0000000527400000, 0x0000000527400000, 0x0000000527600000|  0%| F|  |TAMS 0x0000000527400000, 0x0000000527400000| Untracked 
| 304|0x0000000527600000, 0x0000000527600000, 0x0000000527800000|  0%| F|  |TAMS 0x0000000527600000, 0x0000000527600000| Untracked 
| 305|0x0000000527800000, 0x0000000527800000, 0x0000000527a00000|  0%| F|  |TAMS 0x0000000527800000, 0x0000000527800000| Untracked 
| 306|0x0000000527a00000, 0x0000000527a00000, 0x0000000527c00000|  0%| F|  |TAMS 0x0000000527a00000, 0x0000000527a00000| Untracked 
| 307|0x0000000527c00000, 0x0000000527c00000, 0x0000000527e00000|  0%| F|  |TAMS 0x0000000527c00000, 0x0000000527c00000| Untracked 
| 308|0x0000000527e00000, 0x0000000527e00000, 0x0000000528000000|  0%| F|  |TAMS 0x0000000527e00000, 0x0000000527e00000| Untracked 
| 309|0x0000000528000000, 0x0000000528000000, 0x0000000528200000|  0%| F|  |TAMS 0x0000000528000000, 0x0000000528000000| Untracked 
| 310|0x0000000528200000, 0x0000000528200000, 0x0000000528400000|  0%| F|  |TAMS 0x0000000528200000, 0x0000000528200000| Untracked 
| 311|0x0000000528400000, 0x0000000528400000, 0x0000000528600000|  0%| F|  |TAMS 0x0000000528400000, 0x0000000528400000| Untracked 
| 312|0x0000000528600000, 0x0000000528600000, 0x0000000528800000|  0%| F|  |TAMS 0x0000000528600000, 0x0000000528600000| Untracked 
| 313|0x0000000528800000, 0x0000000528800000, 0x0000000528a00000|  0%| F|  |TAMS 0x0000000528800000, 0x0000000528800000| Untracked 
| 314|0x0000000528a00000, 0x0000000528a00000, 0x0000000528c00000|  0%| F|  |TAMS 0x0000000528a00000, 0x0000000528a00000| Untracked 
| 315|0x0000000528c00000, 0x0000000528c00000, 0x0000000528e00000|  0%| F|  |TAMS 0x0000000528c00000, 0x0000000528c00000| Untracked 
| 316|0x0000000528e00000, 0x0000000528e00000, 0x0000000529000000|  0%| F|  |TAMS 0x0000000528e00000, 0x0000000528e00000| Untracked 
| 317|0x0000000529000000, 0x0000000529000000, 0x0000000529200000|  0%| F|  |TAMS 0x0000000529000000, 0x0000000529000000| Untracked 
| 318|0x0000000529200000, 0x0000000529200000, 0x0000000529400000|  0%| F|  |TAMS 0x0000000529200000, 0x0000000529200000| Untracked 
| 319|0x0000000529400000, 0x0000000529400000, 0x0000000529600000|  0%| F|  |TAMS 0x0000000529400000, 0x0000000529400000| Untracked 
| 320|0x0000000529600000, 0x0000000529600000, 0x0000000529800000|  0%| F|  |TAMS 0x0000000529600000, 0x0000000529600000| Untracked 
| 321|0x0000000529800000, 0x0000000529800000, 0x0000000529a00000|  0%| F|  |TAMS 0x0000000529800000, 0x0000000529800000| Untracked 
| 322|0x0000000529a00000, 0x0000000529a00000, 0x0000000529c00000|  0%| F|  |TAMS 0x0000000529a00000, 0x0000000529a00000| Untracked 
| 323|0x0000000529c00000, 0x0000000529c00000, 0x0000000529e00000|  0%| F|  |TAMS 0x0000000529c00000, 0x0000000529c00000| Untracked 
| 324|0x0000000529e00000, 0x0000000529e00000, 0x000000052a000000|  0%| F|  |TAMS 0x0000000529e00000, 0x0000000529e00000| Untracked 
| 325|0x000000052a000000, 0x000000052a000000, 0x000000052a200000|  0%| F|  |TAMS 0x000000052a000000, 0x000000052a000000| Untracked 
| 326|0x000000052a200000, 0x000000052a200000, 0x000000052a400000|  0%| F|  |TAMS 0x000000052a200000, 0x000000052a200000| Untracked 
| 327|0x000000052a400000, 0x000000052a400000, 0x000000052a600000|  0%| F|  |TAMS 0x000000052a400000, 0x000000052a400000| Untracked 
| 328|0x000000052a600000, 0x000000052a600000, 0x000000052a800000|  0%| F|  |TAMS 0x000000052a600000, 0x000000052a600000| Untracked 
| 329|0x000000052a800000, 0x000000052a800000, 0x000000052aa00000|  0%| F|  |TAMS 0x000000052a800000, 0x000000052a800000| Untracked 
| 330|0x000000052aa00000, 0x000000052aa00000, 0x000000052ac00000|  0%| F|  |TAMS 0x000000052aa00000, 0x000000052aa00000| Untracked 
| 331|0x000000052ac00000, 0x000000052ac00000, 0x000000052ae00000|  0%| F|  |TAMS 0x000000052ac00000, 0x000000052ac00000| Untracked 
| 332|0x000000052ae00000, 0x000000052ae00000, 0x000000052b000000|  0%| F|  |TAMS 0x000000052ae00000, 0x000000052ae00000| Untracked 
| 333|0x000000052b000000, 0x000000052b000000, 0x000000052b200000|  0%| F|  |TAMS 0x000000052b000000, 0x000000052b000000| Untracked 
| 334|0x000000052b200000, 0x000000052b200000, 0x000000052b400000|  0%| F|  |TAMS 0x000000052b200000, 0x000000052b200000| Untracked 
| 335|0x000000052b400000, 0x000000052b400000, 0x000000052b600000|  0%| F|  |TAMS 0x000000052b400000, 0x000000052b400000| Untracked 
| 336|0x000000052b600000, 0x000000052b600000, 0x000000052b800000|  0%| F|  |TAMS 0x000000052b600000, 0x000000052b600000| Untracked 
| 337|0x000000052b800000, 0x000000052b800000, 0x000000052ba00000|  0%| F|  |TAMS 0x000000052b800000, 0x000000052b800000| Untracked 
| 338|0x000000052ba00000, 0x000000052ba00000, 0x000000052bc00000|  0%| F|  |TAMS 0x000000052ba00000, 0x000000052ba00000| Untracked 
| 339|0x000000052bc00000, 0x000000052bc00000, 0x000000052be00000|  0%| F|  |TAMS 0x000000052bc00000, 0x000000052bc00000| Untracked 
| 340|0x000000052be00000, 0x000000052be00000, 0x000000052c000000|  0%| F|  |TAMS 0x000000052be00000, 0x000000052be00000| Untracked 
| 341|0x000000052c000000, 0x000000052c000000, 0x000000052c200000|  0%| F|  |TAMS 0x000000052c000000, 0x000000052c000000| Untracked 
| 342|0x000000052c200000, 0x000000052c200000, 0x000000052c400000|  0%| F|  |TAMS 0x000000052c200000, 0x000000052c200000| Untracked 
| 343|0x000000052c400000, 0x000000052c400000, 0x000000052c600000|  0%| F|  |TAMS 0x000000052c400000, 0x000000052c400000| Untracked 
| 344|0x000000052c600000, 0x000000052c600000, 0x000000052c800000|  0%| F|  |TAMS 0x000000052c600000, 0x000000052c600000| Untracked 
| 345|0x000000052c800000, 0x000000052c800000, 0x000000052ca00000|  0%| F|  |TAMS 0x000000052c800000, 0x000000052c800000| Untracked 
| 346|0x000000052ca00000, 0x000000052ca00000, 0x000000052cc00000|  0%| F|  |TAMS 0x000000052ca00000, 0x000000052ca00000| Untracked 
| 347|0x000000052cc00000, 0x000000052cc00000, 0x000000052ce00000|  0%| F|  |TAMS 0x000000052cc00000, 0x000000052cc00000| Untracked 
| 348|0x000000052ce00000, 0x000000052ce00000, 0x000000052d000000|  0%| F|  |TAMS 0x000000052ce00000, 0x000000052ce00000| Untracked 
| 349|0x000000052d000000, 0x000000052d000000, 0x000000052d200000|  0%| F|  |TAMS 0x000000052d000000, 0x000000052d000000| Untracked 
| 350|0x000000052d200000, 0x000000052d200000, 0x000000052d400000|  0%| F|  |TAMS 0x000000052d200000, 0x000000052d200000| Untracked 
| 351|0x000000052d400000, 0x000000052d400000, 0x000000052d600000|  0%| F|  |TAMS 0x000000052d400000, 0x000000052d400000| Untracked 
| 352|0x000000052d600000, 0x000000052d600000, 0x000000052d800000|  0%| F|  |TAMS 0x000000052d600000, 0x000000052d600000| Untracked 
| 353|0x000000052d800000, 0x000000052d800000, 0x000000052da00000|  0%| F|  |TAMS 0x000000052d800000, 0x000000052d800000| Untracked 
| 354|0x000000052da00000, 0x000000052da00000, 0x000000052dc00000|  0%| F|  |TAMS 0x000000052da00000, 0x000000052da00000| Untracked 
| 355|0x000000052dc00000, 0x000000052dc00000, 0x000000052de00000|  0%| F|  |TAMS 0x000000052dc00000, 0x000000052dc00000| Untracked 
| 356|0x000000052de00000, 0x000000052de00000, 0x000000052e000000|  0%| F|  |TAMS 0x000000052de00000, 0x000000052de00000| Untracked 
| 357|0x000000052e000000, 0x000000052e000000, 0x000000052e200000|  0%| F|  |TAMS 0x000000052e000000, 0x000000052e000000| Untracked 
| 358|0x000000052e200000, 0x000000052e200000, 0x000000052e400000|  0%| F|  |TAMS 0x000000052e200000, 0x000000052e200000| Untracked 
| 359|0x000000052e400000, 0x000000052e400000, 0x000000052e600000|  0%| F|  |TAMS 0x000000052e400000, 0x000000052e400000| Untracked 
| 360|0x000000052e600000, 0x000000052e600000, 0x000000052e800000|  0%| F|  |TAMS 0x000000052e600000, 0x000000052e600000| Untracked 
| 361|0x000000052e800000, 0x000000052e800000, 0x000000052ea00000|  0%| F|  |TAMS 0x000000052e800000, 0x000000052e800000| Untracked 
| 362|0x000000052ea00000, 0x000000052ea00000, 0x000000052ec00000|  0%| F|  |TAMS 0x000000052ea00000, 0x000000052ea00000| Untracked 
| 363|0x000000052ec00000, 0x000000052ec00000, 0x000000052ee00000|  0%| F|  |TAMS 0x000000052ec00000, 0x000000052ec00000| Untracked 
| 364|0x000000052ee00000, 0x000000052ee00000, 0x000000052f000000|  0%| F|  |TAMS 0x000000052ee00000, 0x000000052ee00000| Untracked 
| 365|0x000000052f000000, 0x000000052f000000, 0x000000052f200000|  0%| F|  |TAMS 0x000000052f000000, 0x000000052f000000| Untracked 
| 366|0x000000052f200000, 0x000000052f200000, 0x000000052f400000|  0%| F|  |TAMS 0x000000052f200000, 0x000000052f200000| Untracked 
| 367|0x000000052f400000, 0x000000052f400000, 0x000000052f600000|  0%| F|  |TAMS 0x000000052f400000, 0x000000052f400000| Untracked 
| 368|0x000000052f600000, 0x000000052f600000, 0x000000052f800000|  0%| F|  |TAMS 0x000000052f600000, 0x000000052f600000| Untracked 
| 369|0x000000052f800000, 0x000000052f800000, 0x000000052fa00000|  0%| F|  |TAMS 0x000000052f800000, 0x000000052f800000| Untracked 
| 370|0x000000052fa00000, 0x000000052fa00000, 0x000000052fc00000|  0%| F|  |TAMS 0x000000052fa00000, 0x000000052fa00000| Untracked 
| 371|0x000000052fc00000, 0x000000052fd85a90, 0x000000052fe00000| 76%| E|  |TAMS 0x000000052fc00000, 0x000000052fc00000| Complete 
| 372|0x000000052fe00000, 0x0000000530000000, 0x0000000530000000|100%| E|CS|TAMS 0x000000052fe00000, 0x000000052fe00000| Complete 
| 373|0x0000000530000000, 0x0000000530200000, 0x0000000530200000|100%| E|CS|TAMS 0x0000000530000000, 0x0000000530000000| Complete 
| 374|0x0000000530200000, 0x0000000530400000, 0x0000000530400000|100%| E|CS|TAMS 0x0000000530200000, 0x0000000530200000| Complete 
| 375|0x0000000530400000, 0x0000000530600000, 0x0000000530600000|100%| E|CS|TAMS 0x0000000530400000, 0x0000000530400000| Complete 
| 376|0x0000000530600000, 0x0000000530800000, 0x0000000530800000|100%| E|CS|TAMS 0x0000000530600000, 0x0000000530600000| Complete 
| 377|0x0000000530800000, 0x0000000530a00000, 0x0000000530a00000|100%| E|CS|TAMS 0x0000000530800000, 0x0000000530800000| Complete 
| 378|0x0000000530a00000, 0x0000000530c00000, 0x0000000530c00000|100%| E|CS|TAMS 0x0000000530a00000, 0x0000000530a00000| Complete 
| 379|0x0000000530c00000, 0x0000000530e00000, 0x0000000530e00000|100%| E|CS|TAMS 0x0000000530c00000, 0x0000000530c00000| Complete 
| 380|0x0000000530e00000, 0x0000000531000000, 0x0000000531000000|100%| E|CS|TAMS 0x0000000530e00000, 0x0000000530e00000| Complete 
| 381|0x0000000531000000, 0x0000000531200000, 0x0000000531200000|100%| E|CS|TAMS 0x0000000531000000, 0x0000000531000000| Complete 
| 382|0x0000000531200000, 0x0000000531400000, 0x0000000531400000|100%| E|CS|TAMS 0x0000000531200000, 0x0000000531200000| Complete 
| 383|0x0000000531400000, 0x0000000531600000, 0x0000000531600000|100%| E|CS|TAMS 0x0000000531400000, 0x0000000531400000| Complete 

Card table byte_map: [0x0000022aea580000,0x0000022aebd80000] _byte_map_base: 0x0000022ae7d75000

Marking Bits (Prev, Next): (CMBitMap*) 0x0000022ad08bdda8, (CMBitMap*) 0x0000022ad08bdde8
 Prev Bits: [0x0000022aed580000, 0x0000022af9528000)
 Next Bits: [0x0000022a80000000, 0x0000022a8bfa8000)

Polling page: 0x0000022acffe0000

Metaspace:

Usage:
  Non-class:      9.15 MB capacity,     6.75 MB ( 74%) used,     2.39 MB ( 26%) free+waste,    10.81 KB ( <1%) overhead. 
      Class:    642.00 KB capacity,   349.04 KB ( 54%) used,   288.71 KB ( 45%) free+waste,     4.25 KB ( <1%) overhead. 
       Both:      9.78 MB capacity,     7.09 MB ( 73%) used,     2.67 MB ( 27%) free+waste,    15.06 KB ( <1%) overhead. 

Virtual space:
  Non-class space:       10.00 MB reserved,       9.25 MB ( 93%) committed 
      Class space:        1.00 GB reserved,     768.00 KB ( <1%) committed 
             Both:        1.01 GB reserved,      10.00 MB ( <1%) committed 

Chunk freelists:
   Non-Class:  37.00 KB
       Class:  0 bytes
        Both:  37.00 KB

MaxMetaspaceSize: 17179869184.00 GB
CompressedClassSpaceSize: 1.00 GB

CodeHeap 'non-profiled nmethods': size=119168Kb used=369Kb max_used=369Kb free=118798Kb
 bounds [0x0000022ae0b50000, 0x0000022ae0dc0000, 0x0000022ae7fb0000]
CodeHeap 'profiled nmethods': size=119104Kb used=1825Kb max_used=1825Kb free=117279Kb
 bounds [0x0000022ad9700000, 0x0000022ad9970000, 0x0000022ae0b50000]
CodeHeap 'non-nmethods': size=7488Kb used=1633Kb max_used=3350Kb free=5854Kb
 bounds [0x0000022ad8fb0000, 0x0000022ad9360000, 0x0000022ad9700000]
 total_blobs=2611 nmethods=1040 adapters=946
 compilation: enabled
              stopped_count=0, restarted_count=0
 full_count=0

Compilation events (20 events):
Event: 6.652 Thread 0x0000022afd05e800 1031       4       org.joml.Matrix4f::translateGeneric (136 bytes)
Event: 6.653 Thread 0x0000022afd05e800 nmethod 1031 0x0000022ae0ba9090 code [0x0000022ae0ba9200, 0x0000022ae0ba92f8]
Event: 6.653 Thread 0x0000022afd05e800 1032       4       org.joml.MemUtil$MemUtilUnsafe::put (40 bytes)
Event: 6.653 Thread 0x0000022a93d20000 1033       4       org.lwjgl.glfw.GLFW::glfwWindowShouldClose (29 bytes)
Event: 6.653 Thread 0x0000022a94129800 1034       4       org.lwjgl.glfw.GLFW::glfwGetKey (22 bytes)
Event: 6.654 Thread 0x0000022a93d20000 nmethod 1033 0x0000022ae0ba9390 code [0x0000022ae0ba9540, 0x0000022ae0ba9628]
Event: 6.654 Thread 0x0000022a93d20000 1035       4       org.lwjgl.opengl.GL11::glClearColor (8 bytes)
Event: 6.654 Thread 0x0000022a94129800 nmethod 1034 0x0000022ae0ba9710 code [0x0000022ae0ba98a0, 0x0000022ae0ba9968]
Event: 6.654 Thread 0x0000022a94129800 1036       4       org.lwjgl.opengl.GL11::glClear (5 bytes)
Event: 6.654 Thread 0x0000022a93d20000 nmethod 1035 0x0000022ae0ba9a90 code [0x0000022ae0ba9c20, 0x0000022ae0ba9c88]
Event: 6.654 Thread 0x0000022a93d20000 1037       4       educanet.Game::render (28 bytes)
Event: 6.654 Thread 0x0000022a94129800 nmethod 1036 0x0000022ae0ba9d90 code [0x0000022ae0ba9f20, 0x0000022ae0ba9f88]
Event: 6.654 Thread 0x0000022afd05e800 nmethod 1032 0x0000022ae0baa090 code [0x0000022ae0baa220, 0x0000022ae0baa318]
Event: 6.654 Thread 0x0000022a93d20000 nmethod 1037 0x0000022ae0baa410 code [0x0000022ae0baa5a0, 0x0000022ae0baa668]
Event: 7.113 Thread 0x0000022a93d20000 1038       4       educanet.Game::update (433 bytes)
Event: 7.113 Thread 0x0000022afd05e800 1039       4       org.lwjgl.glfw.GLFW::glfwSwapBuffers (21 bytes)
Event: 7.114 Thread 0x0000022afd05e800 nmethod 1039 0x0000022ae0baa790 code [0x0000022ae0baa920, 0x0000022ae0baa9c8]
Event: 7.114 Thread 0x0000022afd05e800 1040       4       org.lwjgl.glfw.GLFW::glfwPollEvents (12 bytes)
Event: 7.114 Thread 0x0000022afd05e800 nmethod 1040 0x0000022ae0baaa90 code [0x0000022ae0baac20, 0x0000022ae0baac88]
Event: 7.125 Thread 0x0000022a93d20000 nmethod 1038 0x0000022ae0baad90 code [0x0000022ae0bab0c0, 0x0000022ae0babcd0]

GC Heap History (0 events):
No events

Deoptimization events (20 events):
Event: 3.779 Thread 0x0000022ad0805000 Uncommon trap: trap_request=0xffffffde fr.pc=0x0000022ae0ba0580 relative=0x0000000000000120
Event: 3.779 Thread 0x0000022ad0805000 Uncommon trap: reason=class_check action=maybe_recompile pc=0x0000022ae0ba0580 method=jdk.internal.misc.Unsafe.allocateUninitializedArray(Ljava/lang/Class;I)Ljava/lang/Object; @ 51 c2
Event: 3.779 Thread 0x0000022ad0805000 DEOPT PACKING pc=0x0000022ae0ba0580 sp=0x000000a8dbaff040
Event: 3.779 Thread 0x0000022ad0805000 DEOPT UNPACKING pc=0x0000022ad8ff912f sp=0x000000a8dbafefc8 mode 2
Event: 3.780 Thread 0x0000022ad0805000 Uncommon trap: trap_request=0xffffffde fr.pc=0x0000022ae0ba0580 relative=0x0000000000000120
Event: 3.780 Thread 0x0000022ad0805000 Uncommon trap: reason=class_check action=maybe_recompile pc=0x0000022ae0ba0580 method=jdk.internal.misc.Unsafe.allocateUninitializedArray(Ljava/lang/Class;I)Ljava/lang/Object; @ 51 c2
Event: 3.780 Thread 0x0000022ad0805000 DEOPT PACKING pc=0x0000022ae0ba0580 sp=0x000000a8dbaff040
Event: 3.780 Thread 0x0000022ad0805000 DEOPT UNPACKING pc=0x0000022ad8ff912f sp=0x000000a8dbafefc8 mode 2
Event: 3.781 Thread 0x0000022ad0805000 Uncommon trap: trap_request=0xffffffde fr.pc=0x0000022ae0ba0580 relative=0x0000000000000120
Event: 3.781 Thread 0x0000022ad0805000 Uncommon trap: reason=class_check action=maybe_recompile pc=0x0000022ae0ba0580 method=jdk.internal.misc.Unsafe.allocateUninitializedArray(Ljava/lang/Class;I)Ljava/lang/Object; @ 51 c2
Event: 3.781 Thread 0x0000022ad0805000 DEOPT PACKING pc=0x0000022ae0ba0580 sp=0x000000a8dbaff040
Event: 3.781 Thread 0x0000022ad0805000 DEOPT UNPACKING pc=0x0000022ad8ff912f sp=0x000000a8dbafefc8 mode 2
Event: 3.781 Thread 0x0000022ad0805000 Uncommon trap: trap_request=0xffffffde fr.pc=0x0000022ae0ba0580 relative=0x0000000000000120
Event: 3.781 Thread 0x0000022ad0805000 Uncommon trap: reason=class_check action=maybe_recompile pc=0x0000022ae0ba0580 method=jdk.internal.misc.Unsafe.allocateUninitializedArray(Ljava/lang/Class;I)Ljava/lang/Object; @ 51 c2
Event: 3.781 Thread 0x0000022ad0805000 DEOPT PACKING pc=0x0000022ae0ba0580 sp=0x000000a8dbaff040
Event: 3.781 Thread 0x0000022ad0805000 DEOPT UNPACKING pc=0x0000022ad8ff912f sp=0x000000a8dbafefc8 mode 2
Event: 9.988 Thread 0x0000022ad0805000 Uncommon trap: trap_request=0xffffff45 fr.pc=0x0000022ae0ba95c4 relative=0x0000000000000084
Event: 9.988 Thread 0x0000022ad0805000 Uncommon trap: reason=unstable_if action=reinterpret pc=0x0000022ae0ba95c4 method=org.lwjgl.glfw.GLFW.glfwWindowShouldClose(J)Z @ 20 c2
Event: 9.988 Thread 0x0000022ad0805000 DEOPT PACKING pc=0x0000022ae0ba95c4 sp=0x000000a8dbaff1f0
Event: 9.988 Thread 0x0000022ad0805000 DEOPT UNPACKING pc=0x0000022ad8ff912f sp=0x000000a8dbaff180 mode 2

Classes unloaded (0 events):
No events

Classes redefined (0 events):
No events

Internal exceptions (13 events):
Event: 0.099 Thread 0x0000022ad0805000 Exception <a 'java/lang/NoSuchMethodError'{0x00000005313eab18}: 'void java.lang.invoke.DelegatingMethodHandle$Holder.delegate(java.lang.Object, java.lang.Object, int, java.lang.Object)'> (0x00000005313eab18) 
thrown [t:/workspace/open/src/hotspot/share/interpreter/linkResolver.cpp, line 766]
Event: 0.100 Thread 0x0000022ad0805000 Exception <a 'java/lang/NoSuchMethodError'{0x00000005313f1570}: 'java.lang.Object java.lang.invoke.DirectMethodHandle$Holder.invokeStaticInit(java.lang.Object, java.lang.Object, java.lang.Object)'> (0x00000005313f1570) 
thrown [t:/workspace/open/src/hotspot/share/interpreter/linkResolver.cpp, line 766]
Event: 0.131 Thread 0x0000022ad0805000 Exception <a 'sun/nio/fs/WindowsException'{0x00000005310c7ee0}> (0x00000005310c7ee0) 
thrown [t:/workspace/open/src/hotspot/share/prims/jni.cpp, line 599]
Event: 0.132 Thread 0x0000022ad0805000 Exception <a 'sun/nio/fs/WindowsException'{0x00000005310c8438}> (0x00000005310c8438) 
thrown [t:/workspace/open/src/hotspot/share/prims/jni.cpp, line 599]
Event: 0.139 Thread 0x0000022ad0805000 Exception <a 'sun/nio/fs/WindowsException'{0x00000005310f2b10}> (0x00000005310f2b10) 
thrown [t:/workspace/open/src/hotspot/share/prims/jni.cpp, line 599]
Event: 0.139 Thread 0x0000022ad0805000 Exception <a 'sun/nio/fs/WindowsException'{0x00000005310f2e80}> (0x00000005310f2e80) 
thrown [t:/workspace/open/src/hotspot/share/prims/jni.cpp, line 599]
Event: 1.057 Thread 0x0000022ad0805000 Exception <a 'sun/nio/fs/WindowsException'{0x0000000530e634e0}> (0x0000000530e634e0) 
thrown [t:/workspace/open/src/hotspot/share/prims/jni.cpp, line 599]
Event: 1.057 Thread 0x0000022ad0805000 Exception <a 'sun/nio/fs/WindowsException'{0x0000000530e63890}> (0x0000000530e63890) 
thrown [t:/workspace/open/src/hotspot/share/prims/jni.cpp, line 599]
Event: 1.062 Thread 0x0000022ad0805000 Exception <a 'sun/nio/fs/WindowsException'{0x0000000530e82150}> (0x0000000530e82150) 
thrown [t:/workspace/open/src/hotspot/share/prims/jni.cpp, line 599]
Event: 1.062 Thread 0x0000022ad0805000 Exception <a 'sun/nio/fs/WindowsException'{0x0000000530e82438}> (0x0000000530e82438) 
thrown [t:/workspace/open/src/hotspot/share/prims/jni.cpp, line 599]
Event: 1.201 Thread 0x0000022ad0805000 Exception <a 'java/lang/NoSuchMethodError'{0x00000005304483b8}: 'void java.lang.invoke.DirectMethodHandle$Holder.invokeStatic(java.lang.Object, long, int, int)'> (0x00000005304483b8) 
thrown [t:/workspace/open/src/hotspot/share/interpreter/linkResolver.cpp, line 766]
Event: 1.237 Thread 0x0000022ad0805000 Exception <a 'sun/nio/fs/WindowsException'{0x00000005303ea540}> (0x00000005303ea540) 
thrown [t:/workspace/open/src/hotspot/share/prims/jni.cpp, line 599]
Event: 1.237 Thread 0x0000022ad0805000 Exception <a 'sun/nio/fs/WindowsException'{0x00000005303ea8c8}> (0x00000005303ea8c8) 
thrown [t:/workspace/open/src/hotspot/share/prims/jni.cpp, line 599]

Events (20 events):
Event: 1.331 loading class java/lang/NumberFormatException done
Event: 1.541 Loaded shared library C:\Users\bezou\AppData\Local\Temp\lwjglbezou\3.2.3-build-13\lwjgl_opengl.dll
Event: 1.545 Loaded shared library C:\Users\bezou\AppData\Local\Temp\lwjglbezou\3.2.3-build-13\lwjgl_opengl.dll
Event: 1.550 Loaded shared library C:\Users\bezou\AppData\Local\Temp\lwjglbezou\3.2.3-build-13\lwjgl_opengl.dll
Event: 1.551 Loaded shared library C:\Users\bezou\AppData\Local\Temp\lwjglbezou\3.2.3-build-13\lwjgl.dll
Event: 1.555 Loaded shared library C:\Users\bezou\AppData\Local\Temp\lwjglbezou\3.2.3-build-13\lwjgl.dll
Event: 1.556 Loaded shared library C:\Users\bezou\AppData\Local\Temp\lwjglbezou\3.2.3-build-13\lwjgl.dll
Event: 1.560 Loaded shared library C:\Users\bezou\AppData\Local\Temp\lwjglbezou\3.2.3-build-13\lwjgl_opengl.dll
Event: 1.564 Loaded shared library C:\Users\bezou\AppData\Local\Temp\lwjglbezou\3.2.3-build-13\lwjgl_opengl.dll
Event: 1.568 Loaded shared library C:\Users\bezou\AppData\Local\Temp\lwjglbezou\3.2.3-build-13\lwjgl_opengl.dll
Event: 1.569 Thread 0x0000022a93d6e000 Thread exited: 0x0000022a93d6e000
Event: 1.569 Thread 0x0000022a93d20000 Thread exited: 0x0000022a93d20000
Event: 1.572 Loaded shared library C:\Users\bezou\AppData\Local\Temp\lwjglbezou\3.2.3-build-13\lwjgl.dll
Event: 2.513 Thread 0x0000022a94129800 Thread exited: 0x0000022a94129800
Event: 2.513 Thread 0x0000022a93ed7800 Thread exited: 0x0000022a93ed7800
Event: 2.746 Thread 0x0000022a93e15800 Thread exited: 0x0000022a93e15800
Event: 5.920 Loaded shared library C:\Users\bezou\AppData\Local\Temp\lwjglbezou\3.2.3-build-13\lwjgl.dll
Event: 6.653 Thread 0x0000022a93d20000 Thread added: 0x0000022a93d20000
Event: 6.653 Thread 0x0000022a94129800 Thread added: 0x0000022a94129800
Event: 7.113 Thread 0x0000022a94129800 Thread exited: 0x0000022a94129800


Dynamic libraries:
0x00007ff690650000 - 0x00007ff69065f000 	C:\Program Files\Java\jdk-14\bin\java.exe
0x00007ffe3a590000 - 0x00007ffe3a785000 	C:\WINDOWS\SYSTEM32\ntdll.dll
0x00007ffe27d40000 - 0x00007ffe27d53000 	C:\Program Files\AVAST Software\Avast\aswhook.dll
0x00007ffe39c60000 - 0x00007ffe39d1d000 	C:\WINDOWS\System32\KERNEL32.DLL
0x00007ffe38210000 - 0x00007ffe384d8000 	C:\WINDOWS\System32\KERNELBASE.dll
0x00007ffe37ee0000 - 0x00007ffe37fe0000 	C:\WINDOWS\System32\ucrtbase.dll
0x00007ffe21bb0000 - 0x00007ffe21bc8000 	C:\Program Files\Java\jdk-14\bin\jli.dll
0x00007ffe1e5a0000 - 0x00007ffe1e5b5000 	C:\Program Files\Java\jdk-14\bin\VCRUNTIME140.dll
0x00007ffe392f0000 - 0x00007ffe3939c000 	C:\WINDOWS\System32\ADVAPI32.dll
0x00007ffe38b00000 - 0x00007ffe38b9e000 	C:\WINDOWS\System32\msvcrt.dll
0x00007ffe399a0000 - 0x00007ffe39a3b000 	C:\WINDOWS\System32\sechost.dll
0x00007ffe39400000 - 0x00007ffe3952b000 	C:\WINDOWS\System32\RPCRT4.dll
0x00007ffe387d0000 - 0x00007ffe38970000 	C:\WINDOWS\System32\USER32.dll
0x00007ffe38510000 - 0x00007ffe38532000 	C:\WINDOWS\System32\win32u.dll
0x00007ffe22770000 - 0x00007ffe22a0a000 	C:\WINDOWS\WinSxS\amd64_microsoft.windows.common-controls_6595b64144ccf1df_6.0.19041.844_none_ca00b6081b84eb1d\COMCTL32.dll
0x00007ffe389f0000 - 0x00007ffe38a1a000 	C:\WINDOWS\System32\GDI32.dll
0x00007ffe38080000 - 0x00007ffe3818b000 	C:\WINDOWS\System32\gdi32full.dll
0x00007ffe37fe0000 - 0x00007ffe3807d000 	C:\WINDOWS\System32\msvcp_win.dll
0x00007ffe2e600000 - 0x00007ffe2e60a000 	C:\WINDOWS\SYSTEM32\VERSION.dll
0x00007ffe392c0000 - 0x00007ffe392f0000 	C:\WINDOWS\System32\IMM32.DLL
0x00007ffe00f80000 - 0x00007ffe0101b000 	C:\Program Files\Java\jdk-14\bin\msvcp140.dll
0x00007ffde0b90000 - 0x00007ffde16af000 	C:\Program Files\Java\jdk-14\bin\server\jvm.dll
0x00007ffe39a40000 - 0x00007ffe39a48000 	C:\WINDOWS\System32\PSAPI.DLL
0x00007ffe268e0000 - 0x00007ffe268e9000 	C:\WINDOWS\SYSTEM32\WSOCK32.dll
0x00007ffe2e5d0000 - 0x00007ffe2e5f7000 	C:\WINDOWS\SYSTEM32\WINMM.dll
0x00007ffe38c30000 - 0x00007ffe38c9b000 	C:\WINDOWS\System32\WS2_32.dll
0x00007ffe35c30000 - 0x00007ffe35c42000 	C:\WINDOWS\SYSTEM32\kernel.appcore.dll
0x00007ffe2d380000 - 0x00007ffe2d38a000 	C:\Program Files\Java\jdk-14\bin\jimage.dll
0x00007ffe30440000 - 0x00007ffe30624000 	C:\WINDOWS\SYSTEM32\DBGHELP.DLL
0x00007ffe2d650000 - 0x00007ffe2d67c000 	C:\WINDOWS\SYSTEM32\dbgcore.DLL
0x00007ffe38190000 - 0x00007ffe38210000 	C:\WINDOWS\System32\bcryptPrimitives.dll
0x00007ffe1bfd0000 - 0x00007ffe1bff5000 	C:\Program Files\Java\jdk-14\bin\java.dll
0x00007ffe1e2a0000 - 0x00007ffe1e2b7000 	C:\Program Files\Java\jdk-14\bin\zip.dll
0x00007ffe39e00000 - 0x00007ffe3a542000 	C:\WINDOWS\System32\SHELL32.dll
0x00007ffe35e30000 - 0x00007ffe365c1000 	C:\WINDOWS\SYSTEM32\windows.storage.dll
0x00007ffe38d00000 - 0x00007ffe39055000 	C:\WINDOWS\System32\combase.dll
0x00007ffe37740000 - 0x00007ffe3776c000 	C:\WINDOWS\SYSTEM32\Wldp.dll
0x00007ffe39060000 - 0x00007ffe3910e000 	C:\WINDOWS\System32\SHCORE.dll
0x00007ffe38990000 - 0x00007ffe389e5000 	C:\WINDOWS\System32\shlwapi.dll
0x00007ffe37c10000 - 0x00007ffe37c2f000 	C:\WINDOWS\SYSTEM32\profapi.dll
0x00007ffe1c1d0000 - 0x00007ffe1c1e9000 	C:\Program Files\Java\jdk-14\bin\net.dll
0x00007ffe2e4c0000 - 0x00007ffe2e5cb000 	C:\WINDOWS\SYSTEM32\WINHTTP.dll
0x00007ffe374b0000 - 0x00007ffe3751a000 	C:\WINDOWS\system32\mswsock.dll
0x00007ffe1aec0000 - 0x00007ffe1aed2000 	C:\Program Files\Java\jdk-14\bin\nio.dll
0x00007ffe033e0000 - 0x00007ffe03444000 	C:\Users\bezou\AppData\Local\Temp\lwjglbezou\3.2.3-build-13\lwjgl.dll
0x00007ffe03370000 - 0x00007ffe033d2000 	C:\Users\bezou\AppData\Local\Temp\lwjglbezou\3.2.3-build-13\glfw.dll
0x00007ffe35750000 - 0x00007ffe357ee000 	C:\WINDOWS\system32\uxtheme.dll
0x00007ffe03320000 - 0x00007ffe03365000 	C:\WINDOWS\SYSTEM32\dinput8.dll
0x00007ffe22dd0000 - 0x00007ffe22de1000 	C:\WINDOWS\SYSTEM32\xinput1_4.dll
0x00007ffe37cd0000 - 0x00007ffe37d1e000 	C:\WINDOWS\System32\cfgmgr32.dll
0x00007ffe37a80000 - 0x00007ffe37aac000 	C:\WINDOWS\SYSTEM32\DEVOBJ.dll
0x00007ffe2d6b0000 - 0x00007ffe2d802000 	C:\WINDOWS\SYSTEM32\inputhost.dll
0x00007ffe39a50000 - 0x00007ffe39b1d000 	C:\WINDOWS\System32\OLEAUT32.dll
0x00007ffe34860000 - 0x00007ffe349b4000 	C:\WINDOWS\SYSTEM32\wintypes.dll
0x00007ffe35290000 - 0x00007ffe35382000 	C:\WINDOWS\SYSTEM32\CoreMessaging.dll
0x00007ffe33910000 - 0x00007ffe33a07000 	C:\WINDOWS\SYSTEM32\PROPSYS.dll
0x00007ffe34f30000 - 0x00007ffe3528e000 	C:\WINDOWS\SYSTEM32\CoreUIComponents.dll
0x00007ffe36a10000 - 0x00007ffe36a43000 	C:\WINDOWS\SYSTEM32\ntmarta.dll
0x00007ffe35940000 - 0x00007ffe3596f000 	C:\WINDOWS\SYSTEM32\dwmapi.dll
0x00007ffe39b20000 - 0x00007ffe39c35000 	C:\WINDOWS\System32\MSCTF.dll
0x00007ffe05490000 - 0x00007ffe0558b000 	C:\ProgramData\A-Volute\A-Volute.28054DF1F58B4\Modules\ScheduledModules\x64\A-Volute.SonicRadar3DevProps2.dll
0x00007ffe386a0000 - 0x00007ffe387ca000 	C:\WINDOWS\System32\ole32.dll
0x00007ffe1fbd0000 - 0x00007ffe1fc7c000 	C:\ProgramData\A-Volute\A-Volute.28054DF1F58B4\Modules\ScheduledModules\x64\NahimicOSD.dll
0x00007ffe2ca30000 - 0x00007ffe2ca50000 	C:\ProgramData\A-Volute\A-Volute.28054DF1F58B4\Modules\ScheduledModules\x64\ProductInfo.dll
0x00007ffe05660000 - 0x00007ffe0575b000 	C:\ProgramData\A-Volute\A-Volute.SonicStudio3\Modules\ScheduledModules\x64\A-Volute.SonicStudio3DevProps2.dll
0x00007ffe365d0000 - 0x00007ffe365dd000 	C:\WINDOWS\SYSTEM32\HID.DLL
0x00007ffe39530000 - 0x00007ffe39999000 	C:\WINDOWS\System32\SETUPAPI.DLL
0x00007ffe384e0000 - 0x00007ffe38507000 	C:\WINDOWS\System32\bcrypt.dll
0x00007ffe37d20000 - 0x00007ffe37d80000 	C:\WINDOWS\System32\WINTRUST.dll
0x0000022aff130000 - 0x0000022aff28f000 	C:\WINDOWS\System32\CRYPT32.dll
0x00007ffe378c0000 - 0x00007ffe378d2000 	C:\WINDOWS\SYSTEM32\MSASN1.dll
0x00007ffdd4cb0000 - 0x00007ffdd4dd6000 	C:\WINDOWS\SYSTEM32\opengl32.dll
0x00007ffde8c00000 - 0x00007ffde8c2c000 	C:\WINDOWS\SYSTEM32\GLU32.dll
0x00007ffe385f0000 - 0x00007ffe38699000 	C:\WINDOWS\System32\clbcatq.dll
0x00007ffde68c0000 - 0x00007ffde68eb000 	C:\WINDOWS\System32\DriverStore\FileRepository\u0366490.inf_amd64_c0dea8a43cb81731\B366217\atig6pxx.dll
0x00007ffdc7d80000 - 0x00007ffdcab6a000 	C:\WINDOWS\System32\DriverStore\FileRepository\u0366490.inf_amd64_c0dea8a43cb81731\B366217\atio6axx.dll
0x00007ffdf9d00000 - 0x00007ffdf9d24000 	C:\WINDOWS\SYSTEM32\dxva2.dll
0x00007ffde6ee0000 - 0x00007ffde6f1c000 	C:\WINDOWS\System32\DriverStore\FileRepository\u0366490.inf_amd64_c0dea8a43cb81731\B366217\atig6txx.dll
0x00007ffddc940000 - 0x00007ffddcaf3000 	C:\WINDOWS\SYSTEM32\atiadlxx.dll
0x00007ffe1e540000 - 0x00007ffe1e594000 	C:\WINDOWS\SYSTEM32\pdh.dll
0x00007ffe2e7f0000 - 0x00007ffe2e82b000 	C:\WINDOWS\SYSTEM32\dxcore.dll
0x00007ffdd9f50000 - 0x00007ffdda11e000 	C:\WINDOWS\SYSTEM32\d3d9.dll
0x00007ffe2d810000 - 0x00007ffe2d909000 	C:\WINDOWS\SYSTEM32\textinputframework.dll
0x00007ffe00f20000 - 0x00007ffe00f79000 	C:\Users\bezou\AppData\Local\Temp\lwjglbezou\3.2.3-build-13\lwjgl_opengl.dll
0x00007ffe28100000 - 0x00007ffe28110000 	C:\Program Files\Java\jdk-14\bin\verify.dll
0x00007ffdfbd10000 - 0x00007ffdfbd87000 	C:\Users\bezou\AppData\Local\Temp\lwjglbezou\3.2.3-build-13\lwjgl_stb.dll

dbghelp: loaded successfully - version: 4.0.5 - missing functions: none
symbol engine: initialized successfully - sym options: 0x614 - pdb path: .;C:\Program Files\Java\jdk-14\bin;C:\WINDOWS\SYSTEM32;C:\Program Files\AVAST Software\Avast;C:\WINDOWS\WinSxS\amd64_microsoft.windows.common-controls_6595b64144ccf1df_6.0.19041.844_none_ca00b6081b84eb1d;C:\Program Files\Java\jdk-14\bin\server;C:\Users\bezou\AppData\Local\Temp\lwjglbezou\3.2.3-build-13;C:\ProgramData\A-Volute\A-Volute.28054DF1F58B4\Modules\ScheduledModules\x64;C:\ProgramData\A-Volute\A-Volute.SonicStudio3\Modules\ScheduledModules\x64;C:\WINDOWS\System32\DriverStore\FileRepository\u0366490.inf_amd64_c0dea8a43cb81731\B366217

VM Arguments:
jvm_args: -Dfile.encoding=windows-1250 -Duser.country=US -Duser.language=en -Duser.variant 
java_command: educanet.Main
java_class_path (initial): C:\Users\bezou\Disk Google\Educanet\2020-2021\Game dev\ekuel gamedev\openglex2\Matrix\build\classes\java\main;C:\Users\bezou\Disk Google\Educanet\2020-2021\Game dev\ekuel gamedev\openglex2\Matrix\build\resources\main;C:\Users\bezou\.gradle\caches\modules-2\files-2.1\org.lwjgl\lwjgl-assimp\3.2.3\f62aa07a20afbdd3097efc296c4841e0d29700eb\lwjgl-assimp-3.2.3.jar;C:\Users\bezou\.gradle\caches\modules-2\files-2.1\org.lwjgl\lwjgl-assimp\3.2.3\4e60aeb75f0343c4a9ede4ef8b6b32ca702a00a3\lwjgl-assimp-3.2.3-natives-windows.jar;C:\Users\bezou\.gradle\caches\modules-2\files-2.1\org.lwjgl\lwjgl-glfw\3.2.3\5e520d5c290c8b012545a8d34fa5db5ab051ea53\lwjgl-glfw-3.2.3.jar;C:\Users\bezou\.gradle\caches\modules-2\files-2.1\org.lwjgl\lwjgl-glfw\3.2.3\b4d8a3477cdc2edcf7a5f1e822926be846223f54\lwjgl-glfw-3.2.3-natives-windows.jar;C:\Users\bezou\.gradle\caches\modules-2\files-2.1\org.lwjgl\lwjgl-openal\3.2.3\106742e805803ab9eab8e343f0fb31a3d263903c\lwjgl-openal-3.2.3.jar;C:\Users\bezou\.gradle\caches\modules-2\files-2.1\org.lwjgl\lwjgl-openal\3.2.3\ec898e8ce11b5886f4f532a1536283ef2817758d\lwjgl-openal-3.2.3-natives-windows.jar;C:\Users\bezou\.gradle\caches\modules-2\files-2.1\org.lwjgl\lwjgl-opengl\3.2.3\bdd534a323d0c8f54969b95e424b6ac8984f7d6e\lwjgl-opengl-3.2.3.jar;C:\Users\bezou\.gradle\caches\modules-2\files-2.1\org.lwjgl\lwjgl-opengl\3.2.3\e81cfc73ec8708e5e791ed770e4ec3edfc1bbab1\lwjgl-opengl-3.2.3-natives-windows.jar;C:\Users\bezou\.gradle\caches\modules-2\files-2.1\org.lwjgl\lwjgl-stb\3.2.3\40eccaa4fa86fc815f2e17946a392fb5fdcc286a\lwjgl-stb-3.2.3.jar;C:\Users\bezou\.gradle\caches\modules-2\files-2.1\org.lwjgl\lwjgl-stb\3.2.3\817b21ec286f0ba3dcedb56a3bd275e6a9345be9\lwjgl-stb-3.2.3-natives-windows.jar;C:\Users\bezou\.gradle\caches\modules-2\files-2.1\org.lwjgl\lwjgl\3.2.3\17a59ba0fe8d474ec9dbe0d5db40d2cfe59c4c08\lwjgl-3.2.3.jar;C:\Users\bezou\.gradle\caches\modules-2\files-2.1\org.lwjgl\lwjgl\3.2.3\27f32cd35349684745951e04388e8e00d681cdcd\lwjgl-3.2.3-natives-
Launcher Type: SUN_STANDARD

[Global flags]
     intx CICompilerCount                          = 12                                        {product} {ergonomic}
     uint ConcGCThreads                            = 5                                         {product} {ergonomic}
     uint G1ConcRefinementThreads                  = 18                                        {product} {ergonomic}
   size_t G1HeapRegionSize                         = 2097152                                   {product} {ergonomic}
    uintx GCDrainStackTargetSize                   = 64                                        {product} {ergonomic}
   size_t InitialHeapSize                          = 805306368                                 {product} {ergonomic}
   size_t MarkStackSize                            = 4194304                                   {product} {ergonomic}
   size_t MaxHeapSize                              = 12861833216                               {product} {ergonomic}
   size_t MaxNewSize                               = 7715422208                                {product} {ergonomic}
   size_t MinHeapDeltaBytes                        = 2097152                                   {product} {ergonomic}
   size_t MinHeapSize                              = 8388608                                   {product} {ergonomic}
    uintx NonNMethodCodeHeapSize                   = 7602480                                {pd product} {ergonomic}
    uintx NonProfiledCodeHeapSize                  = 122027880                              {pd product} {ergonomic}
    uintx ProfiledCodeHeapSize                     = 122027880                              {pd product} {ergonomic}
    uintx ReservedCodeCacheSize                    = 251658240                              {pd product} {ergonomic}
     bool SegmentedCodeCache                       = true                                      {product} {ergonomic}
   size_t SoftMaxHeapSize                          = 12861833216                            {manageable} {ergonomic}
     bool UseCompressedClassPointers               = true                                 {lp64_product} {ergonomic}
     bool UseCompressedOops                        = true                                 {lp64_product} {ergonomic}
     bool UseG1GC                                  = true                                      {product} {ergonomic}
     bool UseLargePagesIndividualAllocation        = false                                  {pd product} {ergonomic}

Logging:
Log output configuration:
 #0: stdout all=warning uptime,level,tags
 #1: stderr all=off uptime,level,tags

Environment Variables:
CLASSPATH="C:\WINDOWS\system32\QTJava.zip"
PATH=C:\Program Files (x86)\Common Files\Oracle\Java\javapath;C:\Program Files\Oculus\Support\oculus-runtime;C:\Program Files (x86)\NVIDIA Corporation\PhysX\Common;C:\WINDOWS\system32;C:\WINDOWS;C:\WINDOWS\System32\Wbem;C:\WINDOWS\System32\WindowsPowerShell\v1.0\;C:\WINDOWS\System32\OpenSSH\;C:\Program Files\Java\jdk-14\bin;C:\WINDOWS\system32;C:\WINDOWS;C:\WINDOWS\System32\Wbem;C:\WINDOWS\System32\WindowsPowerShell\v1.0\;C:\WINDOWS\System32\OpenSSH\;C:\Program Files (x86)\Windows Live\Shared;C:\Program Files\nodejs\;C:\Program Files\Git\cmd;C:\Maven and wildfly\apache-maven-3.6.3\bin;C:\Program Files (x86)\QuickTime\QTSystem\;C:\Users\bezou\AppData\Local\Microsoft\WindowsApps;C:\Users\bezou\AppData\Local\GitHubDesktop\bin;C:\Users\bezou\AppData\Local\Microsoft\WindowsApps;C:\Users\bezou\AppData\Roaming\npm;C:\Maven and wildfly\apache-maven-3.6.3\bin;
USERNAME=bezou
OS=Windows_NT
PROCESSOR_IDENTIFIER=AMD64 Family 23 Model 113 Stepping 0, AuthenticAMD



---------------  S Y S T E M  ---------------

OS: Windows 10 , 64 bit Build 19041 (10.0.19041.928)
OS uptime: 1 days 2:09 hours

CPU:total 24 (initial active 24) (24 cores per cpu, 2 threads per core) family 23 model 113 stepping 0, cmov, cx8, fxsr, mmx, sse, sse2, sse3, ssse3, sse4.1, sse4.2, popcnt, avx, avx2, aes, clmul, mmxext, 3dnowpref, lzcnt, sse4a, ht, tsc, tscinvbit, tscinv, bmi1, bmi2, adx, sha, fma

Memory: 4k page, system-wide physical 49061M (28500M free)
TotalPageFile size 67493M (AvailPageFile size 40160M)
current process WorkingSet (physical memory assigned to process): 173M, peak: 177M
current process commit charge ("private bytes"): 1079M, peak: 1095M

vm_info: Java HotSpot(TM) 64-Bit Server VM (14+36-1461) for windows-amd64 JRE (14+36-1461), built on Feb  6 2020 19:08:04 by "mach5one" with MS VC++ 15.9 (VS2017)

END.
